2025-09-16 07:30:00,492 - ERROR - 获取USDT余额时发生异常：'OkxDriver' object has no attribute 'get_asset'
2025-09-16 07:34:07,089 - INFO - OP SetCoinPosition KaiCang | {'symbol': 'BTC-USDT-SWAP', 'error': '无法获取持仓信息'}
2025-09-16 07:34:08,114 - ERROR - Error in set_coin_position_to_target for btc: local variable 'e' referenced before assignment
2025-09-16 07:34:08,114 - INFO - OP Error | {'error': "local variable 'e' referenced before assignment"}
2025-09-16 07:34:09,086 - ERROR - Error in BaoCuoChuli Fallback in set_coin_position_to_target for btc: 'OkxDriver' object has no attribute 'buy'
2025-09-16 07:34:09,086 - INFO - OP Error | {'error': "'OkxDriver' object has no attribute 'buy'"}
2025-09-16 07:34:09,086 - INFO - OP SetCoinPosition BuQi | {'symbol': 'ETH-USDT-SWAP', 'target_amount': 490.4896047664995, 'open_position': 496.0692000000001, 'diff': 5.579595233500584}
2025-09-16 07:34:10,133 - ERROR - Error in set_coin_position_to_target for eth: 'OkxDriver' object has no attribute 'sell'
2025-09-16 07:34:10,133 - INFO - OP Error | {'error': "'OkxDriver' object has no attribute 'sell'"}
2025-09-16 07:34:11,118 - ERROR - Error in BaoCuoChuli Fallback in set_coin_position_to_target for eth: 'OkxDriver' object has no attribute 'buy'
2025-09-16 07:34:11,119 - INFO - OP Error | {'error': "'OkxDriver' object has no attribute 'buy'"}
2025-09-16 07:34:11,119 - INFO - OP SetCoinPosition KaiCang | {'symbol': 'XRP-USDT-SWAP', 'error': '无法获取持仓信息'}
2025-09-16 07:43:06,911 - INFO - OP SetCoinPosition KaiCang | {'symbol': 'BTC-USDT-SWAP', 'error': '无法获取持仓信息'}
2025-09-16 07:43:11,269 - INFO - OP PlaceIncrementalOrders | {'symbol': 'BTC-USDT-SWAP', 'action': 'buy', 'price': 115729.4, 'sizes': [0]}
2025-09-16 07:43:12,357 - INFO - OP SetCoinPosition KaiCang | {'symbol': 'BTC-USDT-SWAP', 'action': 'buy', 'order_price': 115729.3, 'amount': 653.8743573551372}
2025-09-16 07:43:12,358 - INFO - OP SetCoinPosition BuQi | {'symbol': 'ETH-USDT-SWAP', 'target_amount': 490.405768016353, 'open_position': 495.66220000000015, 'diff': 5.256431983647133}
2025-09-16 07:43:14,699 - INFO - OP PlaceIncrementalOrders | {'symbol': 'ETH-USDT-SWAP', 'action': 'sell', 'price': 4506.34, 'sizes': [0.01]}
2025-09-16 07:43:14,700 - INFO - OP SetCoinPosition BuQi | {'symbol': 'ETH-USDT-SWAP', 'action': 'sell', 'order_price': 4506.470602, 'amount': 5.256431983647133}
2025-09-16 07:43:14,700 - INFO - OP SetCoinPosition KaiCang | {'symbol': 'XRP-USDT-SWAP', 'error': '无法获取持仓信息'}
2025-09-16 07:43:16,801 - INFO - OP PlaceIncrementalOrders | {'symbol': 'XRP-USDT-SWAP', 'action': 'buy', 'price': 2.9944, 'sizes': [0]}
2025-09-16 07:43:17,853 - INFO - OP SetCoinPosition KaiCang | {'symbol': 'XRP-USDT-SWAP', 'action': 'buy', 'order_price': 2.9948, 'amount': 326.9371786775687}
2025-09-16 07:43:17,854 - INFO - OP SetCoinPosition KaiCang | {'symbol': 'BNB-USDT-SWAP', 'error': '无法获取持仓信息'}
2025-09-16 07:43:21,711 - INFO - OP PlaceIncrementalOrders | {'symbol': 'BNB-USDT-SWAP', 'action': 'buy', 'price': 928.9, 'sizes': [0]}
2025-09-16 07:43:22,947 - INFO - OP SetCoinPosition KaiCang | {'symbol': 'BNB-USDT-SWAP', 'action': 'buy', 'order_price': 929.2, 'amount': 326.9371786775687}
2025-09-16 07:43:22,948 - INFO - OP SetCoinPosition KaiCang | {'symbol': 'SOL-USDT-SWAP', 'error': '无法获取持仓信息'}
2025-09-16 07:43:26,134 - INFO - OP PlaceIncrementalOrders | {'symbol': 'SOL-USDT-SWAP', 'action': 'buy', 'price': 235.61, 'sizes': [0]}
2025-09-16 07:43:27,164 - INFO - OP SetCoinPosition KaiCang | {'symbol': 'SOL-USDT-SWAP', 'action': 'buy', 'order_price': 235.63, 'amount': 490.405768016353}
2025-09-16 07:43:27,164 - INFO - OP SetCoinPosition KaiCang | {'symbol': 'ADA-USDT-SWAP', 'error': '无法获取持仓信息'}
2025-09-16 07:43:31,915 - INFO - OP PlaceIncrementalOrders | {'symbol': 'ADA-USDT-SWAP', 'action': 'sell', 'price': 0.8628, 'sizes': [1.1]}
2025-09-16 07:43:32,904 - INFO - OP SetCoinPosition KaiCang | {'symbol': 'ADA-USDT-SWAP', 'action': 'sell', 'order_price': 0.8627, 'amount': -95.35667711429086}
2025-09-16 07:43:32,905 - INFO - OP SetCoinPosition KaiCang | {'symbol': 'DOGE-USDT-SWAP', 'error': '无法获取持仓信息'}
2025-09-16 07:44:51,485 - INFO - OP SetCoinPosition KaiCang | {'symbol': 'BTC-USDT-SWAP', 'error': '无法获取持仓信息'}
2025-09-16 07:44:53,715 - INFO - OP PlaceIncrementalOrders | {'symbol': 'BTC-USDT-SWAP', 'action': 'buy', 'price': 115752.0, 'sizes': [0]}
2025-09-16 07:44:55,414 - INFO - OP SetCoinPosition KaiCang | {'symbol': 'BTC-USDT-SWAP', 'action': 'buy', 'order_price': 115752.5, 'amount': 653.9527797898756}
2025-09-16 07:44:55,414 - INFO - OP SetCoinPosition BuQi | {'symbol': 'ETH-USDT-SWAP', 'target_amount': 490.46458484240685, 'open_position': 495.7579000000001, 'diff': 5.29331515759327}
2025-09-16 07:44:57,575 - INFO - OP PlaceIncrementalOrders | {'symbol': 'ETH-USDT-SWAP', 'action': 'sell', 'price': 4507.66, 'sizes': [0.01]}
2025-09-16 07:44:57,575 - INFO - OP SetCoinPosition BuQi | {'symbol': 'ETH-USDT-SWAP', 'action': 'sell', 'order_price': 4507.340689000001, 'amount': 5.29331515759327}
2025-09-16 07:44:57,576 - INFO - OP SetCoinPosition KaiCang | {'symbol': 'XRP-USDT-SWAP', 'error': '无法获取持仓信息'}
2025-09-16 07:45:00,001 - INFO - OP PlaceIncrementalOrders | {'symbol': 'XRP-USDT-SWAP', 'action': 'buy', 'price': 2.9959, 'sizes': [0]}
2025-09-16 07:45:00,996 - INFO - OP SetCoinPosition KaiCang | {'symbol': 'XRP-USDT-SWAP', 'action': 'buy', 'order_price': 2.9959, 'amount': 326.9763898949379}
2025-09-16 07:45:00,996 - INFO - OP SetCoinPosition KaiCang | {'symbol': 'BNB-USDT-SWAP', 'error': '无法获取持仓信息'}
2025-09-16 07:45:03,059 - INFO - OP PlaceIncrementalOrders | {'symbol': 'BNB-USDT-SWAP', 'action': 'buy', 'price': 929.5, 'sizes': [0]}
2025-09-16 07:45:04,062 - INFO - OP SetCoinPosition KaiCang | {'symbol': 'BNB-USDT-SWAP', 'action': 'buy', 'order_price': 929.5, 'amount': 326.9763898949379}
2025-09-16 07:45:04,062 - INFO - OP SetCoinPosition KaiCang | {'symbol': 'SOL-USDT-SWAP', 'error': '无法获取持仓信息'}
2025-09-16 07:45:07,260 - INFO - OP PlaceIncrementalOrders | {'symbol': 'SOL-USDT-SWAP', 'action': 'buy', 'price': 235.75, 'sizes': [0]}
2025-09-16 07:45:08,250 - INFO - OP SetCoinPosition KaiCang | {'symbol': 'SOL-USDT-SWAP', 'action': 'buy', 'order_price': 235.71, 'amount': 490.46458484240685}
2025-09-16 07:45:08,251 - INFO - OP SetCoinPosition KaiCang | {'symbol': 'ADA-USDT-SWAP', 'error': '无法获取持仓信息'}
2025-09-16 07:45:10,830 - INFO - OP PlaceIncrementalOrders | {'symbol': 'ADA-USDT-SWAP', 'action': 'sell', 'price': 0.8629, 'sizes': [1.1]}
2025-09-16 07:45:12,354 - INFO - OP SetCoinPosition KaiCang | {'symbol': 'ADA-USDT-SWAP', 'action': 'sell', 'order_price': 0.8632, 'amount': -95.36811371935687}
2025-09-16 07:45:12,355 - INFO - OP SetCoinPosition KaiCang | {'symbol': 'DOGE-USDT-SWAP', 'error': '无法获取持仓信息'}
2025-09-16 07:45:15,897 - INFO - OP PlaceIncrementalOrders | {'symbol': 'DOGE-USDT-SWAP', 'action': 'buy', 'price': 0.26709, 'sizes': [0]}
2025-09-16 07:45:16,885 - INFO - OP SetCoinPosition KaiCang | {'symbol': 'DOGE-USDT-SWAP', 'action': 'buy', 'order_price': 0.26711, 'amount': 490.46458484240685}
2025-09-16 07:45:16,885 - INFO - OP SetCoinPosition KaiCang | {'symbol': 'TRX-USDT-SWAP', 'error': '无法获取持仓信息'}
2025-09-16 07:55:25,784 - INFO - OP SetCoinPosition KaiCang | {'symbol': 'BTC-USDT-SWAP', 'error': '无法获取持仓信息'}
2025-09-16 07:55:28,092 - INFO - OP PlaceIncrementalOrders | {'symbol': 'BTC-USDT-SWAP', 'action': 'buy', 'price': 115746.9, 'sizes': [0]}
2025-09-16 07:55:29,128 - INFO - OP SetCoinPosition KaiCang | {'symbol': 'BTC-USDT-SWAP', 'action': 'buy', 'order_price': 115746.9, 'amount': 652.0946554042873}
2025-09-16 07:55:29,129 - INFO - OP SetCoinPosition BuQi | {'symbol': 'ETH-USDT-SWAP', 'target_amount': 489.07099155321555, 'open_position': 496.2694, 'diff': 7.19840844678447}
2025-09-16 08:00:21,856 - INFO - OP SetCoinPosition BuQi | {'symbol': 'BTC-USDT-SWAP', 'target_amount': 652.675925850287, 'open_position': 648.6681600000001, 'diff': -4.007765850286887}
2025-09-16 08:00:23,896 - INFO - OP PlaceIncrementalOrders | {'symbol': 'BTC-USDT-SWAP', 'error': '订单金额过小，无法下单'}
2025-09-16 08:00:23,896 - INFO - OP SetCoinPosition BuQi | {'symbol': 'BTC-USDT-SWAP', 'action': 'buy', 'order_price': 115822.01664, 'amount': 4.007765850286887}
2025-09-16 08:00:23,897 - INFO - OP SetCoinPosition BuQi | {'symbol': 'ETH-USDT-SWAP', 'target_amount': 489.5069443877153, 'open_position': 496.3145, 'diff': 6.807555612284716}
2025-09-16 08:00:25,908 - INFO - OP PlaceIncrementalOrders | {'symbol': 'ETH-USDT-SWAP', 'action': 'sell', 'price': 4512.14, 'sizes': [0.02]}
2025-09-16 08:00:25,908 - INFO - OP SetCoinPosition BuQi | {'symbol': 'ETH-USDT-SWAP', 'action': 'sell', 'order_price': 4512.4011949999995, 'amount': 6.807555612284716}
2025-09-16 08:00:25,908 - INFO - OP SetCoinPosition BuQi | {'symbol': 'XRP-USDT-SWAP', 'target_amount': 326.33796292514353, 'open_position': 469.2792, 'diff': 142.94123707485647}
