{"ts": "2025-09-25 12:25:52", "op": "PlaceIncrementalOrders", "src": "COMMON", "det": {"symbol": "SOL_USDC_PERP", "action": "sell", "price": 204.8, "sizes": 14.13, "order_id": "10398971746"}}
{"ts": "2025-09-25 12:26:32", "op": "PlaceIncrementalOrders", "src": "COMMON", "det": {"symbol": "SOL_USDC_PERP", "action": "sell", "price": 204.42, "sizes": 10.28, "order_id": "10399080887"}}
{"ts": "2025-09-25 12:26:32", "op": "SetCoinPosition AlignTo", "src": "COMMON", "det": {"symbol": "SOL_USDC_PERP", "target_amount": 789.4736842105264, "open_position": 2891.532393699, "diff": 2102.0587094884736, "order_id": ["10399080887"], "status": "success"}}
{"ts": "2025-09-25 12:26:34", "op": "PlaceIncrementalOrders", "src": "COMMON", "det": {"symbol": "BTC_USDC_PERP", "action": "sell", "price": 111813.3, "sizes": 0.0268, "order_id": "10399084870"}}
{"ts": "2025-09-25 12:26:34", "op": "SetCoinPosition AlignTo", "src": "COMMON", "det": {"symbol": "BTC_USDC_PERP", "target_amount": 1052.6315789473683, "open_position": 4048.7083044795972, "diff": 2996.076725532229, "order_id": ["10399084870"], "status": "success"}}
{"ts": "2025-09-25 12:26:36", "op": "PlaceIncrementalOrders", "src": "COMMON", "det": {"symbol": "ETH_USDC_PERP", "action": "sell", "price": 4029.91, "sizes": 0.514, "order_id": "10399088659"}}
{"ts": "2025-09-25 12:26:36", "op": "SetCoinPosition AlignTo", "src": "COMMON", "det": {"symbol": "ETH_USDC_PERP", "target_amount": 789.4736842105264, "open_position": 2860.6771813189, "diff": 2071.2034971083735, "order_id": ["10399088659"], "status": "success"}}
{"ts": "2025-09-25 12:26:38", "op": "PlaceIncrementalOrders", "src": "COMMON", "det": {"symbol": "XRP_USDC_PERP", "action": "sell", "price": 2.854, "sizes": 529.4654, "order_id": "10399092908"}}
{"ts": "2025-09-25 12:26:38", "op": "SetCoinPosition AlignTo", "src": "COMMON", "det": {"symbol": "XRP_USDC_PERP", "target_amount": 526.3157894736842, "open_position": 2037.410096915444, "diff": 1511.0943074417598, "order_id": ["10399092908"], "status": "success"}}
{"ts": "2025-09-25 12:26:40", "op": "PlaceIncrementalOrders", "src": "COMMON", "det": {"symbol": "DOGE_USDC_PERP", "action": "sell", "price": 0.23439, "sizes": 10013.4, "order_id": "10399098163"}}
{"ts": "2025-09-25 12:26:40", "op": "SetCoinPosition AlignTo", "src": "COMMON", "det": {"symbol": "DOGE_USDC_PERP", "target_amount": 526.3157894736842, "open_position": 2873.357856682, "diff": 2347.042067208316, "order_id": ["10399098163"], "status": "success"}}
{"ts": "2025-09-25 12:26:42", "op": "PlaceIncrementalOrders", "src": "COMMON", "det": {"symbol": "BNB_USDC_PERP", "action": "sell", "price": 994.66, "sizes": 1.668, "order_id": "10399102196"}}
{"ts": "2025-09-25 12:26:42", "op": "SetCoinPosition AlignTo", "src": "COMMON", "det": {"symbol": "BNB_USDC_PERP", "target_amount": 789.4736842105264, "open_position": 2448.1404622546, "diff": 1658.666778044074, "order_id": ["10399102196"], "status": "success"}}
{"ts": "2025-09-25 12:30:02", "op": "PlaceIncrementalOrders", "src": "COMMON", "det": {"symbol": "SOL_USDC_PERP", "action": "buy", "price": 204.53, "sizes": 5.54, "order_id": "10399548201"}}
{"ts": "2025-09-25 12:30:02", "op": "SetCoinPosition AlignTo", "src": "COMMON", "det": {"symbol": "SOL_USDC_PERP", "target_amount": 0.938582605263158, "open_position": -1132.545436191, "diff": -1133.4840187962632, "order_id": ["10399548201"], "status": "success"}}
{"ts": "2025-09-25 12:30:05", "op": "PlaceIncrementalOrders", "src": "COMMON", "det": {"symbol": "BTC_USDC_PERP", "action": "sell", "price": 111924.7, "sizes": 0.0094, "order_id": "10399556086"}}
{"ts": "2025-09-25 12:30:05", "op": "SetCoinPosition AlignTo", "src": "COMMON", "det": {"symbol": "BTC_USDC_PERP", "target_amount": 1.2514434736842104, "open_position": 1053.330294870824, "diff": 1052.0788513971397, "order_id": ["10399556086"], "status": "success"}}
{"ts": "2025-09-25 12:30:07", "op": "PlaceIncrementalOrders", "src": "COMMON", "det": {"symbol": "ETH_USDC_PERP", "action": "sell", "price": 4034.61, "sizes": 0.1958, "order_id": "10399561161"}}
{"ts": "2025-09-25 12:30:07", "op": "SetCoinPosition AlignTo", "src": "COMMON", "det": {"symbol": "ETH_USDC_PERP", "target_amount": 0.938582605263158, "open_position": 790.73158624096, "diff": 789.7930036356969, "order_id": ["10399561161"], "status": "success"}}
{"ts": "2025-09-25 12:30:09", "op": "PlaceIncrementalOrders", "src": "COMMON", "det": {"symbol": "XRP_USDC_PERP", "action": "sell", "price": 2.8526, "sizes": 184.4817, "order_id": "10399565498"}}
{"ts": "2025-09-25 12:30:09", "op": "SetCoinPosition AlignTo", "src": "COMMON", "det": {"symbol": "XRP_USDC_PERP", "target_amount": 0.6257217368421053, "open_position": 526.87834753898, "diff": 526.2526258021379, "order_id": ["10399565498"], "status": "success"}}
{"ts": "2025-09-25 12:30:10", "op": "PlaceIncrementalOrders", "src": "COMMON", "det": {"symbol": "SUI_USDC_PERP", "action": "buy", "price": 3.2805, "sizes": 194.79, "order_id": "10399568698"}}
{"ts": "2025-09-25 12:30:10", "op": "SetCoinPosition AlignTo", "src": "COMMON", "det": {"symbol": "SUI_USDC_PERP", "target_amount": -0.2584502826086956, "open_position": -639.2682834968, "diff": -639.0098332141913, "order_id": ["10399568698"], "status": "success"}}
{"ts": "2025-09-25 12:30:12", "op": "PlaceIncrementalOrders", "src": "COMMON", "det": {"symbol": "DOGE_USDC_PERP", "action": "sell", "price": 0.23467, "sizes": 2240.3, "order_id": "10399574224"}}
{"ts": "2025-09-25 12:30:12", "op": "SetCoinPosition AlignTo", "src": "COMMON", "det": {"symbol": "DOGE_USDC_PERP", "target_amount": 0.6257217368421053, "open_position": 526.35462446, "diff": 525.7289027231578, "order_id": ["10399574224"], "status": "success"}}
{"ts": "2025-09-25 12:30:14", "op": "PlaceIncrementalOrders", "src": "COMMON", "det": {"symbol": "JUP_USDC_PERP", "action": "buy", "price": 0.4598, "sizes": 1478.9, "order_id": "10399579486"}}
{"ts": "2025-09-25 12:30:14", "op": "SetCoinPosition AlignTo", "src": "COMMON", "det": {"symbol": "JUP_USDC_PERP", "target_amount": -0.2584502826086956, "open_position": -680.23677771, "diff": -679.9783274273913, "order_id": ["10399579486"], "status": "success"}}
{"ts": "2025-09-25 12:30:16", "op": "PlaceIncrementalOrders", "src": "COMMON", "det": {"symbol": "TRUMP_USDC_PERP", "action": "buy", "price": 7.577, "sizes": 72.29, "order_id": "10399584726"}}
{"ts": "2025-09-25 12:30:16", "op": "SetCoinPosition AlignTo", "src": "COMMON", "det": {"symbol": "TRUMP_USDC_PERP", "target_amount": -0.2584502826086956, "open_position": -548.022043752, "diff": -547.7635934693913, "order_id": ["10399584726"], "status": "success"}}
{"ts": "2025-09-25 12:30:18", "op": "PlaceIncrementalOrders", "src": "COMMON", "det": {"symbol": "LTC_USDC_PERP", "action": "buy", "price": 104.31, "sizes": 5.6, "order_id": "10399592319"}}
{"ts": "2025-09-25 12:30:18", "op": "SetCoinPosition AlignTo", "src": "COMMON", "det": {"symbol": "LTC_USDC_PERP", "target_amount": -0.2584502826086956, "open_position": -584.244789576, "diff": -583.9863392933913, "order_id": ["10399592319"], "status": "success"}}
{"ts": "2025-09-25 12:30:20", "op": "PlaceIncrementalOrders", "src": "COMMON", "det": {"symbol": "ADA_USDC_PERP", "action": "buy", "price": 0.7965, "sizes": 830.0, "order_id": "10399597714"}}
{"ts": "2025-09-25 12:30:20", "op": "SetCoinPosition AlignTo", "src": "COMMON", "det": {"symbol": "ADA_USDC_PERP", "target_amount": 0.6257217368421053, "open_position": -663.97711542, "diff": -664.6028371568422, "order_id": ["10399597714"], "status": "success"}}
{"ts": "2025-09-25 12:30:22", "op": "PlaceIncrementalOrders", "src": "COMMON", "det": {"symbol": "LINK_USDC_PERP", "action": "buy", "price": 21.174, "sizes": 30.7, "order_id": "10399603577"}}
{"ts": "2025-09-25 12:30:22", "op": "SetCoinPosition AlignTo", "src": "COMMON", "det": {"symbol": "LINK_USDC_PERP", "target_amount": -0.2584502826086956, "open_position": -650.169834964, "diff": -649.9113846813913, "order_id": ["10399603577"], "status": "success"}}
{"ts": "2025-09-25 12:30:24", "op": "PlaceIncrementalOrders", "src": "COMMON", "det": {"symbol": "IP_USDC_PERP", "action": "buy", "price": 11.2282, "sizes": 239.5, "order_id": "10399609751"}}
{"ts": "2025-09-25 12:30:24", "op": "SetCoinPosition AlignTo", "src": "COMMON", "det": {"symbol": "IP_USDC_PERP", "target_amount": -0.2584502826086956, "open_position": -2689.117417796, "diff": -2688.8589675133912, "order_id": ["10399609751"], "status": "success"}}
{"ts": "2025-09-25 12:30:26", "op": "PlaceIncrementalOrders", "src": "COMMON", "det": {"symbol": "HYPE_USDC_PERP", "action": "buy", "price": 43.345, "sizes": 11.77, "order_id": "10399614807"}}
{"ts": "2025-09-25 12:30:26", "op": "SetCoinPosition AlignTo", "src": "COMMON", "det": {"symbol": "HYPE_USDC_PERP", "target_amount": -0.2584502826086956, "open_position": -510.2713842408, "diff": -510.0129339581913, "order_id": ["10399614807"], "status": "success"}}
{"ts": "2025-09-25 12:30:28", "op": "PlaceIncrementalOrders", "src": "COMMON", "det": {"symbol": "BNB_USDC_PERP", "action": "sell", "price": 994.39, "sizes": 0.793, "order_id": "10399619502"}}
{"ts": "2025-09-25 12:30:28", "op": "SetCoinPosition AlignTo", "src": "COMMON", "det": {"symbol": "BNB_USDC_PERP", "target_amount": 0.938582605263158, "open_position": 789.87055046036, "diff": 788.9319678550969, "order_id": ["10399619502"], "status": "success"}}
{"ts": "2025-09-25 12:30:31", "op": "PlaceIncrementalOrders", "src": "COMMON", "det": {"symbol": "AVAX_USDC_PERP", "action": "buy", "price": 31.357, "sizes": 28.71, "order_id": "10399628426"}}
{"ts": "2025-09-25 12:30:31", "op": "SetCoinPosition AlignTo", "src": "COMMON", "det": {"symbol": "AVAX_USDC_PERP", "target_amount": -0.2584502826086956, "open_position": -900.58544334, "diff": -900.3269930573913, "order_id": ["10399628426"], "status": "success"}}
{"ts": "2025-09-25 12:30:33", "op": "PlaceIncrementalOrders", "src": "COMMON", "det": {"symbol": "ONDO_USDC_PERP", "action": "buy", "price": 0.9041, "sizes": 710.5, "order_id": "10399632862"}}
{"ts": "2025-09-25 12:30:33", "op": "SetCoinPosition AlignTo", "src": "COMMON", "det": {"symbol": "ONDO_USDC_PERP", "target_amount": -0.2584502826086956, "open_position": -642.652116717, "diff": -642.3936664343913, "order_id": ["10399632862"], "status": "success"}}
{"ts": "2025-09-25 12:30:35", "op": "PlaceIncrementalOrders", "src": "COMMON", "det": {"symbol": "ARB_USDC_PERP", "action": "buy", "price": 0.4216, "sizes": 1502.6, "order_id": "10399636227"}}
{"ts": "2025-09-25 12:30:35", "op": "SetCoinPosition AlignTo", "src": "COMMON", "det": {"symbol": "ARB_USDC_PERP", "target_amount": -0.2584502826086956, "open_position": -633.742826816, "diff": -633.4843765333914, "order_id": ["10399636227"], "status": "success"}}
{"ts": "2025-09-25 12:30:37", "op": "PlaceIncrementalOrders", "src": "COMMON", "det": {"symbol": "AAVE_USDC_PERP", "action": "buy", "price": 269.77, "sizes": 2.57, "order_id": "10399640749"}}
{"ts": "2025-09-25 12:30:37", "op": "SetCoinPosition AlignTo", "src": "COMMON", "det": {"symbol": "AAVE_USDC_PERP", "target_amount": -0.2584502826086956, "open_position": -693.4176520943, "diff": -693.1592018116913, "order_id": ["10399640749"], "status": "success"}}
{"ts": "2025-09-25 12:30:39", "op": "PlaceIncrementalOrders", "src": "COMMON", "det": {"symbol": "DOT_USDC_PERP", "action": "buy", "price": 3.932, "sizes": 185.9, "order_id": "10399644363"}}
{"ts": "2025-09-25 12:30:39", "op": "SetCoinPosition AlignTo", "src": "COMMON", "det": {"symbol": "DOT_USDC_PERP", "target_amount": -0.2584502826086956, "open_position": -731.09612166, "diff": -730.8376713773913, "order_id": ["10399644363"], "status": "success"}}
{"ts": "2025-09-25 12:30:41", "op": "PlaceIncrementalOrders", "src": "COMMON", "det": {"symbol": "NEAR_USDC_PERP", "action": "buy", "price": 2.9084, "sizes": 303.0, "order_id": "10399651188"}}
{"ts": "2025-09-25 12:30:41", "op": "SetCoinPosition AlignTo", "src": "COMMON", "det": {"symbol": "NEAR_USDC_PERP", "target_amount": -0.2584502826086956, "open_position": -882.85522989, "diff": -882.5967796073913, "order_id": ["10399651188"], "status": "success"}}
{"ts": "2025-09-25 12:30:43", "op": "PlaceIncrementalOrders", "src": "COMMON", "det": {"symbol": "OP_USDC_PERP", "action": "buy", "price": 0.674, "sizes": 950.0, "order_id": "10399657432"}}
{"ts": "2025-09-25 12:30:43", "op": "SetCoinPosition AlignTo", "src": "COMMON", "det": {"symbol": "OP_USDC_PERP", "target_amount": -0.2584502826086956, "open_position": -638.89950254, "diff": -638.6410522573913, "order_id": ["10399657432"], "status": "success"}}
{"ts": "2025-09-25 12:30:45", "op": "PlaceIncrementalOrders", "src": "COMMON", "det": {"symbol": "PENGU_USDC_PERP", "action": "buy", "price": 0.028867, "sizes": 21300.0, "order_id": "10399663406"}}
{"ts": "2025-09-25 12:30:45", "op": "SetCoinPosition AlignTo", "src": "COMMON", "det": {"symbol": "PENGU_USDC_PERP", "target_amount": -0.2584502826086956, "open_position": -614.992344, "diff": -614.7338937173913, "order_id": ["10399663406"], "status": "success"}}
{"ts": "2025-09-25 12:30:47", "op": "PlaceIncrementalOrders", "src": "COMMON", "det": {"symbol": "TIA_USDC_PERP", "action": "buy", "price": 1.4196, "sizes": 414.0, "order_id": "10399669951"}}
{"ts": "2025-09-25 12:30:47", "op": "SetCoinPosition AlignTo", "src": "COMMON", "det": {"symbol": "TIA_USDC_PERP", "target_amount": -0.2584502826086956, "open_position": -588.44383488, "diff": -588.1853845973914, "order_id": ["10399669951"], "status": "success"}}
{"ts": "2025-09-25 12:30:49", "op": "PlaceIncrementalOrders", "src": "COMMON", "det": {"symbol": "UNI_USDC_PERP", "action": "buy", "price": 7.746, "sizes": 71.5, "order_id": "10399675034"}}
{"ts": "2025-09-25 12:30:49", "op": "SetCoinPosition AlignTo", "src": "COMMON", "det": {"symbol": "UNI_USDC_PERP", "target_amount": -0.2584502826086956, "open_position": -553.77809058, "diff": -553.5196402973913, "order_id": ["10399675034"], "status": "success"}}
{"ts": "2025-09-25 12:30:51", "op": "PlaceIncrementalOrders", "src": "COMMON", "det": {"symbol": "CRV_USDC_PERP", "action": "buy", "price": 0.6759, "sizes": 1030.0, "order_id": "10399679465"}}
{"ts": "2025-09-25 12:30:51", "op": "SetCoinPosition AlignTo", "src": "COMMON", "det": {"symbol": "CRV_USDC_PERP", "target_amount": -0.2584502826086956, "open_position": -693.27335625, "diff": -693.0149059673913, "order_id": ["10399679465"], "status": "success"}}
{"ts": "2025-09-25 12:31:51", "op": "SetCoinPosition  OpenPosition", "src": "COMMON", "det": {"symbol": "SOL_USDC_PERP", "error": "\u65e0\u6cd5\u83b7\u53d6\u6301\u4ed3\u4fe1\u606f"}}
{"ts": "2025-09-25 12:31:53", "op": "PlaceIncrementalOrders", "src": "COMMON", "det": {"symbol": "SOL_USDC_PERP", "action": "buy", "price": 204.0, "sizes": 3.87, "order_id": "10399853961"}}
{"ts": "2025-09-25 12:31:54", "op": "PlaceIncrementalOrders", "src": "COMMON", "det": {"symbol": "BTC_USDC_PERP", "error": "\u8ba2\u5355\u91d1\u989d\u8fc7\u5c0f\uff0c\u65e0\u6cd5\u4e0b\u5355"}}
{"ts": "2025-09-25 12:31:54", "op": "SetCoinPosition AlignTo", "src": "COMMON", "det": {"symbol": "BTC_USDC_PERP", "target_amount": 1052.6315789473683, "open_position": 1051.2288969411093, "diff": -1.402682006259056, "error": "\u8ba2\u5355\u91d1\u989d\u8fc7\u5c0f\uff0c\u65e0\u6cd5\u4e0b\u5355", "status": "failed"}}
{"ts": "2025-09-25 12:31:56", "op": "PlaceIncrementalOrders", "src": "COMMON", "det": {"symbol": "ETH_USDC_PERP", "action": "buy", "price": 4022.17, "sizes": 0.0003, "order_id": "10399862955"}}
{"ts": "2025-09-25 12:31:56", "op": "SetCoinPosition AlignTo", "src": "COMMON", "det": {"symbol": "ETH_USDC_PERP", "target_amount": 789.4736842105264, "open_position": 788.15132711252, "diff": -1.3223570980063641, "order_id": ["10399862955"], "status": "success"}}
{"ts": "2025-09-25 12:31:58", "op": "PlaceIncrementalOrders", "src": "COMMON", "det": {"symbol": "XRP_USDC_PERP", "action": "buy", "price": 2.8481, "sizes": 184.5607, "order_id": "10399868024"}}
{"ts": "2025-09-25 12:31:58", "op": "SetCoinPosition AlignTo", "src": "COMMON", "det": {"symbol": "XRP_USDC_PERP", "target_amount": 526.3157894736842, "open_position": 0.668478448124, "diff": -525.6473110255602, "order_id": ["10399868024"], "status": "success"}}
{"ts": "2025-09-25 12:32:00", "op": "PlaceIncrementalOrders", "src": "COMMON", "det": {"symbol": "SUI_USDC_PERP", "action": "sell", "price": 3.266, "sizes": 66.37, "order_id": "10399872940"}}
{"ts": "2025-09-25 12:32:00", "op": "SetCoinPosition AlignTo", "src": "COMMON", "det": {"symbol": "SUI_USDC_PERP", "target_amount": -217.3913043478261, "open_position": -0.6205947086, "diff": 216.77070963922608, "order_id": ["10399872940"], "status": "success"}}
{"ts": "2025-09-25 12:32:02", "op": "PlaceIncrementalOrders", "src": "COMMON", "det": {"symbol": "DOGE_USDC_PERP", "action": "buy", "price": 0.23368, "sizes": 9.0, "order_id": "10399881567"}}
{"ts": "2025-09-25 12:32:02", "op": "SetCoinPosition AlignTo", "src": "COMMON", "det": {"symbol": "DOGE_USDC_PERP", "target_amount": 526.3157894736842, "open_position": 524.20629373, "diff": -2.1094957436841923, "order_id": ["10399881567"], "status": "success"}}
{"ts": "2025-09-25 12:32:04", "op": "PlaceIncrementalOrders", "src": "COMMON", "det": {"symbol": "JUP_USDC_PERP", "action": "sell", "price": 0.4574, "sizes": 473.7, "order_id": "10399887135"}}
{"ts": "2025-09-25 12:32:04", "op": "SetCoinPosition AlignTo", "src": "COMMON", "det": {"symbol": "JUP_USDC_PERP", "target_amount": -217.3913043478261, "open_position": -0.732071168, "diff": 216.6592331798261, "order_id": ["10399887135"], "status": "success"}}
{"ts": "2025-09-25 12:32:06", "op": "PlaceIncrementalOrders", "src": "COMMON", "det": {"symbol": "TRUMP_USDC_PERP", "action": "sell", "price": 7.53, "sizes": 28.81, "order_id": "10399892978"}}
{"ts": "2025-09-25 12:32:06", "op": "SetCoinPosition AlignTo", "src": "COMMON", "det": {"symbol": "TRUMP_USDC_PERP", "target_amount": -217.3913043478261, "open_position": -0.4516238148, "diff": 216.9396805330261, "order_id": ["10399892978"], "status": "success"}}
{"ts": "2025-09-25 12:32:06", "op": "SetCoinPosition  OpenPosition", "src": "COMMON", "det": {"symbol": "LTC_USDC_PERP", "error": "\u65e0\u6cd5\u83b7\u53d6\u6301\u4ed3\u4fe1\u606f"}}
{"ts": "2025-09-25 12:32:08", "op": "PlaceIncrementalOrders", "src": "COMMON", "det": {"symbol": "LTC_USDC_PERP", "action": "sell", "price": 104.09, "sizes": 2.1, "order_id": "10399898457"}}
{"ts": "2025-09-25 12:32:10", "op": "PlaceIncrementalOrders", "src": "COMMON", "det": {"symbol": "ADA_USDC_PERP", "action": "buy", "price": 0.7939, "sizes": 670.0, "order_id": "10399903753"}}
{"ts": "2025-09-25 12:32:10", "op": "SetCoinPosition AlignTo", "src": "COMMON", "det": {"symbol": "ADA_USDC_PERP", "target_amount": 526.3157894736842, "open_position": -3.17319752, "diff": -529.4889869936842, "order_id": ["10399903753"], "status": "success"}}
{"ts": "2025-09-25 12:32:10", "op": "SetCoinPosition  OpenPosition", "src": "COMMON", "det": {"symbol": "LINK_USDC_PERP", "error": "\u65e0\u6cd5\u83b7\u53d6\u6301\u4ed3\u4fe1\u606f"}}
{"ts": "2025-09-25 12:32:12", "op": "PlaceIncrementalOrders", "src": "COMMON", "det": {"symbol": "LINK_USDC_PERP", "action": "sell", "price": 21.109, "sizes": 10.3, "order_id": "10399908662"}}
{"ts": "2025-09-25 12:32:14", "op": "PlaceIncrementalOrders", "src": "COMMON", "det": {"symbol": "IP_USDC_PERP", "action": "sell", "price": 11.1926, "sizes": 19.3, "order_id": "10399914066"}}
{"ts": "2025-09-25 12:32:14", "op": "SetCoinPosition AlignTo", "src": "COMMON", "det": {"symbol": "IP_USDC_PERP", "target_amount": -217.3913043478261, "open_position": -1.119439465, "diff": 216.2718648828261, "order_id": ["10399914066"], "status": "success"}}
{"ts": "2025-09-25 12:32:16", "op": "PlaceIncrementalOrders", "src": "COMMON", "det": {"symbol": "HYPE_USDC_PERP", "action": "sell", "price": 43.234, "sizes": 5.04, "order_id": "10399920357"}}
{"ts": "2025-09-25 12:32:16", "op": "SetCoinPosition AlignTo", "src": "COMMON", "det": {"symbol": "HYPE_USDC_PERP", "target_amount": -217.3913043478261, "open_position": 0.4313306145, "diff": 217.8226349623261, "order_id": ["10399920357"], "status": "success"}}
{"ts": "2025-09-25 12:32:18", "op": "PlaceIncrementalOrders", "src": "COMMON", "det": {"symbol": "BNB_USDC_PERP", "action": "buy", "price": 992.36, "sizes": 0.795, "order_id": "10399926891"}}
{"ts": "2025-09-25 12:32:18", "op": "SetCoinPosition AlignTo", "src": "COMMON", "det": {"symbol": "BNB_USDC_PERP", "target_amount": 789.4736842105264, "open_position": 0.99316304436, "diff": -788.4805211661663, "order_id": ["10399926891"], "status": "success"}}
{"ts": "2025-09-25 12:32:18", "op": "SetCoinPosition  OpenPosition", "src": "COMMON", "det": {"symbol": "AVAX_USDC_PERP", "error": "\u65e0\u6cd5\u83b7\u53d6\u6301\u4ed3\u4fe1\u606f"}}
{"ts": "2025-09-25 12:32:20", "op": "PlaceIncrementalOrders", "src": "COMMON", "det": {"symbol": "AVAX_USDC_PERP", "action": "sell", "price": 31.213, "sizes": 6.96, "order_id": "10399932949"}}
{"ts": "2025-09-25 12:32:22", "op": "PlaceIncrementalOrders", "src": "COMMON", "det": {"symbol": "ONDO_USDC_PERP", "action": "sell", "price": 0.9009, "sizes": 241.1, "order_id": "10399936543"}}
{"ts": "2025-09-25 12:32:22", "op": "SetCoinPosition AlignTo", "src": "COMMON", "det": {"symbol": "ONDO_USDC_PERP", "target_amount": -217.3913043478261, "open_position": -0.180159918, "diff": 217.2111444298261, "order_id": ["10399936543"], "status": "success"}}
{"ts": "2025-09-25 12:32:22", "op": "SetCoinPosition  OpenPosition", "src": "COMMON", "det": {"symbol": "ARB_USDC_PERP", "error": "\u65e0\u6cd5\u83b7\u53d6\u6301\u4ed3\u4fe1\u606f"}}
{"ts": "2025-09-25 12:32:24", "op": "PlaceIncrementalOrders", "src": "COMMON", "det": {"symbol": "ARB_USDC_PERP", "action": "sell", "price": 0.4199, "sizes": 517.7, "order_id": "10399942310"}}
{"ts": "2025-09-25 12:32:24", "op": "SetCoinPosition  OpenPosition", "src": "COMMON", "det": {"symbol": "AAVE_USDC_PERP", "error": "\u65e0\u6cd5\u83b7\u53d6\u6301\u4ed3\u4fe1\u606f"}}
{"ts": "2025-09-25 12:32:25", "op": "PlaceIncrementalOrders", "src": "COMMON", "det": {"symbol": "AAVE_USDC_PERP", "action": "sell", "price": 268.67, "sizes": 0.81, "order_id": "10399947503"}}
{"ts": "2025-09-25 12:32:27", "op": "PlaceIncrementalOrders", "src": "COMMON", "det": {"symbol": "DOT_USDC_PERP", "action": "sell", "price": 3.929, "sizes": 55.2, "order_id": "10399953691"}}
{"ts": "2025-09-25 12:32:27", "op": "SetCoinPosition AlignTo", "src": "COMMON", "det": {"symbol": "DOT_USDC_PERP", "target_amount": -217.3913043478261, "open_position": -0.391599733, "diff": 216.9997046148261, "order_id": ["10399953691"], "status": "success"}}
{"ts": "2025-09-25 12:32:27", "op": "SetCoinPosition  OpenPosition", "src": "COMMON", "det": {"symbol": "NEAR_USDC_PERP", "error": "\u65e0\u6cd5\u83b7\u53d6\u6301\u4ed3\u4fe1\u606f"}}
{"ts": "2025-09-25 12:32:29", "op": "PlaceIncrementalOrders", "src": "COMMON", "det": {"symbol": "NEAR_USDC_PERP", "action": "sell", "price": 2.9027, "sizes": 75.0, "order_id": "10399958512"}}
{"ts": "2025-09-25 12:32:31", "op": "PlaceIncrementalOrders", "src": "COMMON", "det": {"symbol": "OP_USDC_PERP", "action": "sell", "price": 0.6703, "sizes": 330.0, "order_id": "10399963266"}}
{"ts": "2025-09-25 12:32:31", "op": "SetCoinPosition AlignTo", "src": "COMMON", "det": {"symbol": "OP_USDC_PERP", "target_amount": -217.3913043478261, "open_position": 0.67027521, "diff": 218.0615795578261, "order_id": ["10399963266"], "status": "success"}}
{"ts": "2025-09-25 12:32:31", "op": "SetCoinPosition  OpenPosition", "src": "COMMON", "det": {"symbol": "PENGU_USDC_PERP", "error": "\u65e0\u6cd5\u83b7\u53d6\u6301\u4ed3\u4fe1\u606f"}}
{"ts": "2025-09-25 12:32:33", "op": "PlaceIncrementalOrders", "src": "COMMON", "det": {"symbol": "PENGU_USDC_PERP", "action": "sell", "price": 0.028729, "sizes": 7600.0, "order_id": "10399966778"}}
{"ts": "2025-09-25 12:32:33", "op": "SetCoinPosition  OpenPosition", "src": "COMMON", "det": {"symbol": "TIA_USDC_PERP", "error": "\u65e0\u6cd5\u83b7\u53d6\u6301\u4ed3\u4fe1\u606f"}}
{"ts": "2025-09-25 12:32:35", "op": "PlaceIncrementalOrders", "src": "COMMON", "det": {"symbol": "TIA_USDC_PERP", "action": "sell", "price": 1.4169, "sizes": 153.0, "order_id": "10399972018"}}
{"ts": "2025-09-25 12:32:35", "op": "SetCoinPosition  OpenPosition", "src": "COMMON", "det": {"symbol": "UNI_USDC_PERP", "error": "\u65e0\u6cd5\u83b7\u53d6\u6301\u4ed3\u4fe1\u606f"}}
{"ts": "2025-09-25 12:32:37", "op": "PlaceIncrementalOrders", "src": "COMMON", "det": {"symbol": "UNI_USDC_PERP", "action": "sell", "price": 7.724, "sizes": 28.1, "order_id": "10399976675"}}
{"ts": "2025-09-25 12:32:39", "op": "PlaceIncrementalOrders", "src": "COMMON", "det": {"symbol": "CRV_USDC_PERP", "action": "sell", "price": 0.6737, "sizes": 330.0, "order_id": "10399981894"}}
{"ts": "2025-09-25 12:32:39", "op": "SetCoinPosition AlignTo", "src": "COMMON", "det": {"symbol": "CRV_USDC_PERP", "target_amount": -217.3913043478261, "open_position": 3.36134505, "diff": 220.7526493978261, "order_id": ["10399981894"], "status": "success"}}
{"ts": "2025-09-25 12:32:39", "op": "SetCoinPosition  OpenPosition", "src": "COMMON", "det": {"symbol": "TON_USDC_PERP", "error": "\u65e0\u6cd5\u83b7\u53d6\u6301\u4ed3\u4fe1\u606f"}}
{"ts": "2025-09-25 12:32:41", "op": "PlaceIncrementalOrders", "src": "COMMON", "det": {"symbol": "TON_USDC_PERP", "action": "sell", "price": 2.7831, "sizes": 78.1, "order_id": "10399986937"}}
{"ts": "2025-09-25 12:32:43", "op": "PlaceIncrementalOrders", "src": "COMMON", "det": {"symbol": "HBAR_USDC_PERP", "action": "sell", "price": 0.21464, "sizes": 1060.0, "order_id": "10399990981"}}
{"ts": "2025-09-25 12:32:43", "op": "SetCoinPosition AlignTo", "src": "COMMON", "det": {"symbol": "HBAR_USDC_PERP", "target_amount": -217.3913043478261, "open_position": 9.85867768, "diff": 227.2499820278261, "order_id": ["10399990981"], "status": "success"}}
{"ts": "2025-09-25 12:32:45", "op": "PlaceIncrementalOrders", "src": "COMMON", "det": {"symbol": "XLM_USDC_PERP", "action": "buy", "price": 0.364, "sizes": 1300.0, "order_id": "10399995021"}}
{"ts": "2025-09-25 12:32:45", "op": "SetCoinPosition AlignTo", "src": "COMMON", "det": {"symbol": "XLM_USDC_PERP", "target_amount": -217.3913043478261, "open_position": -689.47605097, "diff": -472.08474662217384, "order_id": ["10399995021"], "status": "success"}}
{"ts": "2025-09-25 12:32:47", "op": "PlaceIncrementalOrders", "src": "COMMON", "det": {"symbol": "APT_USDC_PERP", "action": "buy", "price": 4.155, "sizes": 117.9, "order_id": "10400000704"}}
{"ts": "2025-09-25 12:32:47", "op": "SetCoinPosition AlignTo", "src": "COMMON", "det": {"symbol": "APT_USDC_PERP", "target_amount": -217.3913043478261, "open_position": -707.236320609, "diff": -489.8450162611739, "order_id": ["10400000704"], "status": "success"}}
{"ts": "2025-09-25 12:32:49", "op": "PlaceIncrementalOrders", "src": "COMMON", "det": {"symbol": "WLD_USDC_PERP", "action": "buy", "price": 1.2973, "sizes": 307.0, "order_id": "10400005704"}}
{"ts": "2025-09-25 12:32:49", "op": "SetCoinPosition AlignTo", "src": "COMMON", "det": {"symbol": "WLD_USDC_PERP", "target_amount": -217.3913043478261, "open_position": -615.1217415, "diff": -397.73043715217386, "order_id": ["10400005704"], "status": "success"}}
{"ts": "2025-09-25 12:35:30", "op": "PlaceIncrementalOrders", "src": "COMMON", "det": {"symbol": "SOL_USDC_PERP", "error": "\u8ba2\u5355\u91d1\u989d\u8fc7\u5c0f\uff0c\u65e0\u6cd5\u4e0b\u5355"}}
{"ts": "2025-09-25 12:35:30", "op": "SetCoinPosition AlignTo", "src": "COMMON", "det": {"symbol": "SOL_USDC_PERP", "target_amount": 789.4736842105264, "open_position": 789.2632417644, "diff": -0.2104424461263079, "error": "\u8ba2\u5355\u91d1\u989d\u8fc7\u5c0f\uff0c\u65e0\u6cd5\u4e0b\u5355", "status": "failed"}}
{"ts": "2025-09-25 12:35:32", "op": "PlaceIncrementalOrders", "src": "COMMON", "det": {"symbol": "BTC_USDC_PERP", "action": "buy", "price": 111886.3, "sizes": 0.0094, "order_id": "10400426460"}}
{"ts": "2025-09-25 12:35:32", "op": "SetCoinPosition AlignTo", "src": "COMMON", "det": {"symbol": "BTC_USDC_PERP", "target_amount": 1052.6315789473683, "open_position": 1.1175103490927, "diff": -1051.5140685982756, "order_id": ["10400426460"], "status": "success"}}
{"ts": "2025-09-25 12:35:34", "op": "PlaceIncrementalOrders", "src": "COMMON", "det": {"symbol": "ETH_USDC_PERP", "action": "sell", "price": 4025.06, "sizes": 0.0002, "order_id": "10400431142"}}
{"ts": "2025-09-25 12:35:34", "op": "SetCoinPosition AlignTo", "src": "COMMON", "det": {"symbol": "ETH_USDC_PERP", "target_amount": 789.4736842105264, "open_position": 790.091766551074, "diff": 0.6180823405476303, "order_id": ["10400431142"], "status": "success"}}
{"ts": "2025-09-25 12:35:36", "op": "PlaceIncrementalOrders", "src": "COMMON", "det": {"symbol": "XRP_USDC_PERP", "action": "sell", "price": 2.8516, "sizes": 0.186, "order_id": "10400435775"}}
{"ts": "2025-09-25 12:35:36", "op": "SetCoinPosition AlignTo", "src": "COMMON", "det": {"symbol": "XRP_USDC_PERP", "target_amount": 526.3157894736842, "open_position": 526.84614574584, "diff": 0.5303562721558137, "order_id": ["10400435775"], "status": "success"}}
{"ts": "2025-09-25 12:35:38", "op": "PlaceIncrementalOrders", "src": "COMMON", "det": {"symbol": "SUI_USDC_PERP", "action": "buy", "price": 3.2687, "sizes": 0.06, "order_id": "10400440959"}}
{"ts": "2025-09-25 12:35:38", "op": "SetCoinPosition AlignTo", "src": "COMMON", "det": {"symbol": "SUI_USDC_PERP", "target_amount": -217.3913043478261, "open_position": -217.5974068736, "diff": -0.20610252577390042, "order_id": ["10400440959"], "status": "success"}}
{"ts": "2025-09-25 12:35:40", "op": "PlaceIncrementalOrders", "src": "COMMON", "det": {"symbol": "DOGE_USDC_PERP", "action": "buy", "price": 0.23389, "sizes": 6.7, "order_id": "10400445535"}}
{"ts": "2025-09-25 12:35:40", "op": "SetCoinPosition AlignTo", "src": "COMMON", "det": {"symbol": "DOGE_USDC_PERP", "target_amount": 526.3157894736842, "open_position": 524.73916985, "diff": -1.5766196236841097, "order_id": ["10400445535"], "status": "success"}}
{"ts": "2025-09-25 12:35:42", "op": "PlaceIncrementalOrders", "src": "COMMON", "det": {"symbol": "JUP_USDC_PERP", "action": "buy", "price": 0.4582, "sizes": 0.9, "order_id": "10400450849"}}
{"ts": "2025-09-25 12:35:42", "op": "SetCoinPosition AlignTo", "src": "COMMON", "det": {"symbol": "JUP_USDC_PERP", "target_amount": -217.3913043478261, "open_position": -217.782065501, "diff": -0.39076115317391213, "order_id": ["10400450849"], "status": "success"}}
{"ts": "2025-09-25 12:35:44", "op": "PlaceIncrementalOrders", "src": "COMMON", "det": {"symbol": "TRUMP_USDC_PERP", "action": "buy", "price": 7.542, "sizes": 0.03, "order_id": "10400455586"}}
{"ts": "2025-09-25 12:35:44", "op": "SetCoinPosition AlignTo", "src": "COMMON", "det": {"symbol": "TRUMP_USDC_PERP", "target_amount": -217.3913043478261, "open_position": -217.6212657863, "diff": -0.22996143847390726, "order_id": ["10400455586"], "status": "success"}}
{"ts": "2025-09-25 12:35:45", "op": "PlaceIncrementalOrders", "src": "COMMON", "det": {"symbol": "LTC_USDC_PERP", "error": "\u8ba2\u5355\u91d1\u989d\u8fc7\u5c0f\uff0c\u65e0\u6cd5\u4e0b\u5355"}}
{"ts": "2025-09-25 12:35:45", "op": "SetCoinPosition AlignTo", "src": "COMMON", "det": {"symbol": "LTC_USDC_PERP", "target_amount": -217.3913043478261, "open_position": -218.693331927, "diff": -1.3020275791739095, "error": "\u8ba2\u5355\u91d1\u989d\u8fc7\u5c0f\uff0c\u65e0\u6cd5\u4e0b\u5355", "status": "failed"}}
{"ts": "2025-09-25 12:35:47", "op": "PlaceIncrementalOrders", "src": "COMMON", "det": {"symbol": "ADA_USDC_PERP", "action": "buy", "price": 0.7949, "sizes": 670.0, "order_id": "10400461049"}}
{"ts": "2025-09-25 12:35:47", "op": "SetCoinPosition AlignTo", "src": "COMMON", "det": {"symbol": "ADA_USDC_PERP", "target_amount": 526.3157894736842, "open_position": -3.1784678, "diff": -529.4942572736842, "order_id": ["10400461049"], "status": "success"}}
{"ts": "2025-09-25 12:35:48", "op": "PlaceIncrementalOrders", "src": "COMMON", "det": {"symbol": "LINK_USDC_PERP", "error": "\u8ba2\u5355\u91d1\u989d\u8fc7\u5c0f\uff0c\u65e0\u6cd5\u4e0b\u5355"}}
{"ts": "2025-09-25 12:35:48", "op": "SetCoinPosition AlignTo", "src": "COMMON", "det": {"symbol": "LINK_USDC_PERP", "target_amount": -217.3913043478261, "open_position": -217.518395137, "diff": -0.1270907891739057, "error": "\u8ba2\u5355\u91d1\u989d\u8fc7\u5c0f\uff0c\u65e0\u6cd5\u4e0b\u5355", "status": "failed"}}
{"ts": "2025-09-25 12:35:50", "op": "PlaceIncrementalOrders", "src": "COMMON", "det": {"symbol": "IP_USDC_PERP", "action": "sell", "price": 11.1617, "sizes": 0.1, "order_id": "10400467124"}}
{"ts": "2025-09-25 12:35:50", "op": "SetCoinPosition AlignTo", "src": "COMMON", "det": {"symbol": "IP_USDC_PERP", "target_amount": -217.3913043478261, "open_position": -216.528853146, "diff": 0.8624512018261044, "order_id": ["10400467124"], "status": "success"}}
{"ts": "2025-09-25 12:35:52", "op": "PlaceIncrementalOrders", "src": "COMMON", "det": {"symbol": "HYPE_USDC_PERP", "action": "sell", "price": 43.046, "sizes": 0.02, "order_id": "10400471734"}}
{"ts": "2025-09-25 12:35:52", "op": "SetCoinPosition AlignTo", "src": "COMMON", "det": {"symbol": "HYPE_USDC_PERP", "target_amount": -217.3913043478261, "open_position": -216.7332149793, "diff": 0.658089368526106, "order_id": ["10400471734"], "status": "success"}}
{"ts": "2025-09-25 12:35:54", "op": "PlaceIncrementalOrders", "src": "COMMON", "det": {"symbol": "BNB_USDC_PERP", "action": "sell", "price": 990.09, "sizes": 0.006, "order_id": "10400475535"}}
{"ts": "2025-09-25 12:35:54", "op": "SetCoinPosition AlignTo", "src": "COMMON", "det": {"symbol": "BNB_USDC_PERP", "target_amount": 789.4736842105264, "open_position": 795.0608364842, "diff": 5.58715227367361, "order_id": ["10400475535"], "status": "success"}}
{"ts": "2025-09-25 12:35:56", "op": "PlaceIncrementalOrders", "src": "COMMON", "det": {"symbol": "AVAX_USDC_PERP", "action": "sell", "price": 31.118, "sizes": 0.02, "order_id": "10400480767"}}
{"ts": "2025-09-25 12:35:56", "op": "SetCoinPosition AlignTo", "src": "COMMON", "det": {"symbol": "AVAX_USDC_PERP", "target_amount": -217.3913043478261, "open_position": -216.8900177352, "diff": 0.5012866126261031, "order_id": ["10400480767"], "status": "success"}}
{"ts": "2025-09-25 12:35:58", "op": "PlaceIncrementalOrders", "src": "COMMON", "det": {"symbol": "ONDO_USDC_PERP", "action": "buy", "price": 0.9016, "sizes": 0.2, "order_id": "10400486101"}}
{"ts": "2025-09-25 12:35:58", "op": "SetCoinPosition AlignTo", "src": "COMMON", "det": {"symbol": "ONDO_USDC_PERP", "target_amount": -217.3913043478261, "open_position": -217.539591971, "diff": -0.14828762317389987, "order_id": ["10400486101"], "status": "success"}}
{"ts": "2025-09-25 12:36:00", "op": "PlaceIncrementalOrders", "src": "COMMON", "det": {"symbol": "ARB_USDC_PERP", "action": "buy", "price": 0.4207, "sizes": 0.6, "order_id": "10400491197"}}
{"ts": "2025-09-25 12:36:00", "op": "SetCoinPosition AlignTo", "src": "COMMON", "det": {"symbol": "ARB_USDC_PERP", "target_amount": -217.3913043478261, "open_position": -217.641432036, "diff": -0.2501276881739045, "order_id": ["10400491197"], "status": "success"}}
{"ts": "2025-09-25 12:36:02", "op": "PlaceIncrementalOrders", "src": "COMMON", "det": {"symbol": "AAVE_USDC_PERP", "error": "\u8ba2\u5355\u91d1\u989d\u8fc7\u5c0f\uff0c\u65e0\u6cd5\u4e0b\u5355"}}
{"ts": "2025-09-25 12:36:02", "op": "SetCoinPosition AlignTo", "src": "COMMON", "det": {"symbol": "AAVE_USDC_PERP", "target_amount": -217.3913043478261, "open_position": -217.7262547578, "diff": -0.33495040997391357, "error": "\u8ba2\u5355\u91d1\u989d\u8fc7\u5c0f\uff0c\u65e0\u6cd5\u4e0b\u5355", "status": "failed"}}
{"ts": "2025-09-25 12:36:04", "op": "PlaceIncrementalOrders", "src": "COMMON", "det": {"symbol": "DOT_USDC_PERP", "action": "sell", "price": 3.922, "sizes": 55.3, "order_id": "10400498719"}}
{"ts": "2025-09-25 12:36:04", "op": "SetCoinPosition AlignTo", "src": "COMMON", "det": {"symbol": "DOT_USDC_PERP", "target_amount": -217.3913043478261, "open_position": -0.391813443, "diff": 216.9994909048261, "order_id": ["10400498719"], "status": "success"}}
{"ts": "2025-09-25 12:36:05", "op": "PlaceIncrementalOrders", "src": "COMMON", "det": {"symbol": "NEAR_USDC_PERP", "error": "\u8ba2\u5355\u91d1\u989d\u8fc7\u5c0f\uff0c\u65e0\u6cd5\u4e0b\u5355"}}
{"ts": "2025-09-25 12:36:05", "op": "SetCoinPosition AlignTo", "src": "COMMON", "det": {"symbol": "NEAR_USDC_PERP", "target_amount": -217.3913043478261, "open_position": -217.43727975, "diff": -0.04597540217389451, "error": "\u8ba2\u5355\u91d1\u989d\u8fc7\u5c0f\uff0c\u65e0\u6cd5\u4e0b\u5355", "status": "failed"}}
{"ts": "2025-09-25 12:36:06", "op": "PlaceIncrementalOrders", "src": "COMMON", "det": {"symbol": "OP_USDC_PERP", "action": "buy", "price": 0.6708, "sizes": 10.0, "order_id": "10400507783"}}
{"ts": "2025-09-25 12:36:06", "op": "SetCoinPosition AlignTo", "src": "COMMON", "det": {"symbol": "OP_USDC_PERP", "target_amount": -217.3913043478261, "open_position": -220.72924524, "diff": -3.3379408921739184, "order_id": ["10400507783"], "status": "success"}}
{"ts": "2025-09-25 12:36:08", "op": "PlaceIncrementalOrders", "src": "COMMON", "det": {"symbol": "PENGU_USDC_PERP", "action": "buy", "price": 0.028724, "sizes": 100.0, "order_id": "10400512435"}}
{"ts": "2025-09-25 12:36:08", "op": "SetCoinPosition AlignTo", "src": "COMMON", "det": {"symbol": "PENGU_USDC_PERP", "target_amount": -217.3913043478261, "open_position": -218.36472, "diff": -0.9734156521739123, "order_id": ["10400512435"], "status": "success"}}
{"ts": "2025-09-25 12:36:10", "op": "PlaceIncrementalOrders", "src": "COMMON", "det": {"symbol": "TIA_USDC_PERP", "action": "sell", "price": 1.4168, "sizes": 1.0, "order_id": "10400517391"}}
{"ts": "2025-09-25 12:36:10", "op": "SetCoinPosition AlignTo", "src": "COMMON", "det": {"symbol": "TIA_USDC_PERP", "target_amount": -217.3913043478261, "open_position": -216.68339655, "diff": 0.7079077978260955, "order_id": ["10400517391"], "status": "success"}}
{"ts": "2025-09-25 12:36:17", "op": "PlaceIncrementalOrders", "src": "COMMON", "det": {"symbol": "UNI_USDC_PERP", "action": "sell", "price": 7.73, "sizes": 0.1, "order_id": "10400531752"}}
{"ts": "2025-09-25 12:36:17", "op": "SetCoinPosition AlignTo", "src": "COMMON", "det": {"symbol": "UNI_USDC_PERP", "target_amount": -217.3913043478261, "open_position": -217.191938769, "diff": 0.19936557882610373, "order_id": ["10400531752"], "status": "success"}}
{"ts": "2025-09-25 12:36:18", "op": "PlaceIncrementalOrders", "src": "COMMON", "det": {"symbol": "CRV_USDC_PERP", "action": "buy", "price": 0.6737, "sizes": 10.0, "order_id": "10400537952"}}
{"ts": "2025-09-25 12:36:18", "op": "SetCoinPosition AlignTo", "src": "COMMON", "det": {"symbol": "CRV_USDC_PERP", "target_amount": -217.3913043478261, "open_position": -218.8631055, "diff": -1.4718011521738958, "order_id": ["10400537952"], "status": "success"}}
{"ts": "2025-09-25 12:36:20", "op": "PlaceIncrementalOrders", "src": "COMMON", "det": {"symbol": "TON_USDC_PERP", "action": "sell", "price": 2.7834, "sizes": 0.1, "order_id": "10400542491"}}
{"ts": "2025-09-25 12:36:20", "op": "SetCoinPosition AlignTo", "src": "COMMON", "det": {"symbol": "TON_USDC_PERP", "target_amount": -217.3913043478261, "open_position": -217.243065435, "diff": 0.1482389128260877, "order_id": ["10400542491"], "status": "success"}}
{"ts": "2025-09-25 12:36:21", "op": "PlaceIncrementalOrders", "src": "COMMON", "det": {"symbol": "HBAR_USDC_PERP", "error": "\u8ba2\u5355\u91d1\u989d\u8fc7\u5c0f\uff0c\u65e0\u6cd5\u4e0b\u5355"}}
{"ts": "2025-09-25 12:36:21", "op": "SetCoinPosition AlignTo", "src": "COMMON", "det": {"symbol": "HBAR_USDC_PERP", "target_amount": -217.3913043478261, "open_position": -217.77726672, "diff": -0.38596237217390694, "error": "\u8ba2\u5355\u91d1\u989d\u8fc7\u5c0f\uff0c\u65e0\u6cd5\u4e0b\u5355", "status": "failed"}}
{"ts": "2025-09-25 12:36:23", "op": "PlaceIncrementalOrders", "src": "COMMON", "det": {"symbol": "XLM_USDC_PERP", "action": "buy", "price": 0.36396, "sizes": 1300.0, "order_id": "10400548255"}}
{"ts": "2025-09-25 12:36:23", "op": "SetCoinPosition AlignTo", "src": "COMMON", "det": {"symbol": "XLM_USDC_PERP", "target_amount": -217.3913043478261, "open_position": -690.1946156, "diff": -472.8033112521739, "order_id": ["10400548255"], "status": "success"}}
{"ts": "2025-09-25 12:36:26", "op": "PlaceIncrementalOrders", "src": "COMMON", "det": {"symbol": "APT_USDC_PERP", "action": "buy", "price": 4.148, "sizes": 0.1, "order_id": "10400553162"}}
{"ts": "2025-09-25 12:36:26", "op": "SetCoinPosition AlignTo", "src": "COMMON", "det": {"symbol": "APT_USDC_PERP", "target_amount": -217.3913043478261, "open_position": -217.648198268, "diff": -0.25689392017389423, "order_id": ["10400553162"], "status": "success"}}
{"ts": "2025-09-25 12:36:27", "op": "PlaceIncrementalOrders", "src": "COMMON", "det": {"symbol": "WLD_USDC_PERP", "action": "buy", "price": 1.2982, "sizes": 1.0, "order_id": "10400556372"}}
{"ts": "2025-09-25 12:36:27", "op": "SetCoinPosition AlignTo", "src": "COMMON", "det": {"symbol": "WLD_USDC_PERP", "target_amount": -217.3913043478261, "open_position": -218.07051672, "diff": -0.6792123721739074, "order_id": ["10400556372"], "status": "success"}}
