{"ts": "2025-09-25 22:53:37", "op": "PlaceIncrementalOrders", "src": "COMMON", "det": {"symbol": "SOL_USDC_PERP", "action": "buy", "price": 202.67, "sizes": 1.25, "order_id": "10492374348"}}
{"ts": "2025-09-25 22:53:37", "op": "SetCoinPosition AlignTo", "src": "COMMON", "det": {"symbol": "SOL_USDC_PERP", "target_amount": 653.4480224106001, "open_position": 399.274797337, "diff": -254.17322507360007, "order_id": ["10492374348"], "status": "success"}}
{"ts": "2025-09-25 22:53:39", "op": "PlaceIncrementalOrders", "src": "COMMON", "det": {"symbol": "BTC_USDC_PERP", "action": "buy", "price": 111491.2, "sizes": 0.0148, "order_id": "10492380237"}}
{"ts": "2025-09-25 22:53:39", "op": "SetCoinPosition AlignTo", "src": "COMMON", "det": {"symbol": "BTC_USDC_PERP", "target_amount": 2178.1600747019997, "open_position": 524.00137504785, "diff": -1654.1586996541496, "order_id": ["10492380237"], "status": "success"}}
{"ts": "2025-09-25 22:53:41", "op": "PlaceIncrementalOrders", "src": "COMMON", "det": {"symbol": "ETH_USDC_PERP", "action": "buy", "price": 4009.41, "sizes": 0.065, "order_id": "10492385041"}}
{"ts": "2025-09-25 22:53:41", "op": "SetCoinPosition AlignTo", "src": "COMMON", "det": {"symbol": "ETH_USDC_PERP", "target_amount": 653.4480224106001, "open_position": 392.92787366672, "diff": -260.52014874388004, "order_id": ["10492385041"], "status": "success"}}
{"ts": "2025-09-25 22:53:43", "op": "PlaceIncrementalOrders", "src": "COMMON", "det": {"symbol": "XRP_USDC_PERP", "action": "buy", "price": 2.8427, "sizes": 60.8595, "order_id": "10492389995"}}
{"ts": "2025-09-25 22:53:43", "op": "SetCoinPosition AlignTo", "src": "COMMON", "det": {"symbol": "XRP_USDC_PERP", "target_amount": 435.63201494040004, "open_position": 262.626632181732, "diff": -173.00538275866802, "order_id": ["10492389995"], "status": "success"}}
{"ts": "2025-09-25 22:53:45", "op": "PlaceIncrementalOrders", "src": "COMMON", "det": {"symbol": "SUI_USDC_PERP", "action": "sell", "price": 3.2247, "sizes": 34.24, "order_id": "10492395852"}}
{"ts": "2025-09-25 22:53:45", "op": "SetCoinPosition AlignTo", "src": "COMMON", "det": {"symbol": "SUI_USDC_PERP", "target_amount": -208.74034049227498, "open_position": -98.3389814213, "diff": 110.40135907097498, "order_id": ["10492395852"], "status": "success"}}
{"ts": "2025-09-25 22:53:47", "op": "PlaceIncrementalOrders", "src": "COMMON", "det": {"symbol": "DOGE_USDC_PERP", "action": "buy", "price": 0.23191, "sizes": 1658.1, "order_id": "10492400703"}}
{"ts": "2025-09-25 22:53:47", "op": "SetCoinPosition AlignTo", "src": "COMMON", "det": {"symbol": "DOGE_USDC_PERP", "target_amount": 653.4480224106001, "open_position": 268.929264044, "diff": -384.5187583666001, "order_id": ["10492400703"], "status": "success"}}
{"ts": "2025-09-25 22:53:49", "op": "PlaceIncrementalOrders", "src": "COMMON", "det": {"symbol": "JUP_USDC_PERP", "action": "sell", "price": 0.4513, "sizes": 245.1, "order_id": "10492406185"}}
{"ts": "2025-09-25 22:53:49", "op": "SetCoinPosition AlignTo", "src": "COMMON", "det": {"symbol": "JUP_USDC_PERP", "target_amount": -208.74034049227498, "open_position": -98.138599125, "diff": 110.60174136727498, "order_id": ["10492406185"], "status": "success"}}
{"ts": "2025-09-25 22:53:51", "op": "PlaceIncrementalOrders", "src": "COMMON", "det": {"symbol": "TRUMP_USDC_PERP", "action": "sell", "price": 7.614, "sizes": 13.09, "order_id": "10492411515"}}
{"ts": "2025-09-25 22:53:51", "op": "SetCoinPosition AlignTo", "src": "COMMON", "det": {"symbol": "TRUMP_USDC_PERP", "target_amount": -208.74034049227498, "open_position": -109.0735559176, "diff": 99.66678457467498, "order_id": ["10492411515"], "status": "success"}}
{"ts": "2025-09-25 22:53:53", "op": "PlaceIncrementalOrders", "src": "COMMON", "det": {"symbol": "LTC_USDC_PERP", "action": "sell", "price": 104.81, "sizes": 0.9, "order_id": "10492415791"}}
{"ts": "2025-09-25 22:53:53", "op": "SetCoinPosition AlignTo", "src": "COMMON", "det": {"symbol": "LTC_USDC_PERP", "target_amount": -208.74034049227498, "open_position": -115.289535812, "diff": 93.45080468027498, "order_id": ["10492415791"], "status": "success"}}
{"ts": "2025-09-25 22:53:55", "op": "PlaceIncrementalOrders", "src": "COMMON", "det": {"symbol": "ADA_USDC_PERP", "action": "sell", "price": 0.7942, "sizes": 580.0, "order_id": "10492421202"}}
{"ts": "2025-09-25 22:53:55", "op": "SetCoinPosition AlignTo", "src": "COMMON", "det": {"symbol": "ADA_USDC_PERP", "target_amount": -208.74034049227498, "open_position": 253.39025558, "diff": 462.130596072275, "order_id": ["10492421202"], "status": "success"}}
{"ts": "2025-09-25 22:53:57", "op": "PlaceIncrementalOrders", "src": "COMMON", "det": {"symbol": "LINK_USDC_PERP", "action": "sell", "price": 20.995, "sizes": 4.8, "order_id": "10492424741"}}
{"ts": "2025-09-25 22:53:57", "op": "SetCoinPosition AlignTo", "src": "COMMON", "det": {"symbol": "LINK_USDC_PERP", "target_amount": -208.74034049227498, "open_position": -107.049622812, "diff": 101.69071768027499, "order_id": ["10492424741"], "status": "success"}}
{"ts": "2025-09-25 22:53:59", "op": "PlaceIncrementalOrders", "src": "COMMON", "det": {"symbol": "IP_USDC_PERP", "action": "sell", "price": 8.7125, "sizes": 17.0, "order_id": "10492428224"}}
{"ts": "2025-09-25 22:53:59", "op": "SetCoinPosition AlignTo", "src": "COMMON", "det": {"symbol": "IP_USDC_PERP", "target_amount": -208.74034049227498, "open_position": -61.02793501, "diff": 147.712405482275, "order_id": ["10492428224"], "status": "success"}}
{"ts": "2025-09-25 22:54:00", "op": "PlaceIncrementalOrders", "src": "COMMON", "det": {"symbol": "HYPE_USDC_PERP", "action": "sell", "price": 41.445, "sizes": 3.16, "order_id": "10492432014"}}
{"ts": "2025-09-25 22:54:00", "op": "SetCoinPosition AlignTo", "src": "COMMON", "det": {"symbol": "HYPE_USDC_PERP", "target_amount": -208.74034049227498, "open_position": -77.5711235101, "diff": 131.169216982175, "order_id": ["10492432014"], "status": "success"}}
{"ts": "2025-09-25 22:54:03", "op": "PlaceIncrementalOrders", "src": "COMMON", "det": {"symbol": "BNB_USDC_PERP", "action": "buy", "price": 995.83, "sizes": 0.041, "order_id": "10492436321"}}
{"ts": "2025-09-25 22:54:03", "op": "SetCoinPosition AlignTo", "src": "COMMON", "det": {"symbol": "BNB_USDC_PERP", "target_amount": 435.63201494040004, "open_position": 394.330286691, "diff": -41.301728249400014, "order_id": ["10492436321"], "status": "success"}}
{"ts": "2025-09-25 22:54:05", "op": "PlaceIncrementalOrders", "src": "COMMON", "det": {"symbol": "AVAX_USDC_PERP", "action": "sell", "price": 30.273, "sizes": 3.07, "order_id": "10492441471"}}
{"ts": "2025-09-25 22:54:05", "op": "SetCoinPosition AlignTo", "src": "COMMON", "det": {"symbol": "AVAX_USDC_PERP", "target_amount": -208.74034049227498, "open_position": -115.8632438984, "diff": 92.87709659387498, "order_id": ["10492441471"], "status": "success"}}
{"ts": "2025-09-25 22:54:07", "op": "PlaceIncrementalOrders", "src": "COMMON", "det": {"symbol": "ONDO_USDC_PERP", "action": "sell", "price": 0.9003, "sizes": 111.3, "order_id": "10492446700"}}
{"ts": "2025-09-25 22:54:07", "op": "SetCoinPosition AlignTo", "src": "COMMON", "det": {"symbol": "ONDO_USDC_PERP", "target_amount": -208.74034049227498, "open_position": -108.508846175, "diff": 100.23149431727498, "order_id": ["10492446700"], "status": "success"}}
{"ts": "2025-09-25 22:54:09", "op": "PlaceIncrementalOrders", "src": "COMMON", "det": {"symbol": "ARB_USDC_PERP", "action": "sell", "price": 0.4239, "sizes": 213.0, "order_id": "10492451896"}}
{"ts": "2025-09-25 22:54:09", "op": "SetCoinPosition AlignTo", "src": "COMMON", "det": {"symbol": "ARB_USDC_PERP", "target_amount": -208.74034049227498, "open_position": -118.47018365, "diff": 90.27015684227499, "order_id": ["10492451896"], "status": "success"}}
{"ts": "2025-09-25 22:54:11", "op": "PlaceIncrementalOrders", "src": "COMMON", "det": {"symbol": "AAVE_USDC_PERP", "action": "sell", "price": 268.57, "sizes": 0.38, "order_id": "10492457167"}}
{"ts": "2025-09-25 22:54:11", "op": "SetCoinPosition AlignTo", "src": "COMMON", "det": {"symbol": "AAVE_USDC_PERP", "target_amount": -208.74034049227498, "open_position": -107.40393084, "diff": 101.33640965227498, "order_id": ["10492457167"], "status": "success"}}
{"ts": "2025-09-25 22:54:13", "op": "PlaceIncrementalOrders", "src": "COMMON", "det": {"symbol": "DOT_USDC_PERP", "action": "sell", "price": 3.95, "sizes": 25.2, "order_id": "10492463041"}}
{"ts": "2025-09-25 22:54:13", "op": "SetCoinPosition AlignTo", "src": "COMMON", "det": {"symbol": "DOT_USDC_PERP", "target_amount": -208.74034049227498, "open_position": -109.100559156, "diff": 99.63978133627498, "order_id": ["10492463041"], "status": "success"}}
{"ts": "2025-09-25 22:54:15", "op": "PlaceIncrementalOrders", "src": "COMMON", "det": {"symbol": "NEAR_USDC_PERP", "action": "sell", "price": 2.8986, "sizes": 34.0, "order_id": "10492470127"}}
{"ts": "2025-09-25 22:54:15", "op": "SetCoinPosition AlignTo", "src": "COMMON", "det": {"symbol": "NEAR_USDC_PERP", "target_amount": -208.74034049227498, "open_position": -110.21853792, "diff": 98.52180257227498, "order_id": ["10492470127"], "status": "success"}}
{"ts": "2025-09-25 22:54:17", "op": "PlaceIncrementalOrders", "src": "COMMON", "det": {"symbol": "OP_USDC_PERP", "action": "sell", "price": 0.6704, "sizes": 140.0, "order_id": "10492476118"}}
{"ts": "2025-09-25 22:54:17", "op": "SetCoinPosition AlignTo", "src": "COMMON", "det": {"symbol": "OP_USDC_PERP", "target_amount": -208.74034049227498, "open_position": -115.97438022, "diff": 92.76596027227498, "order_id": ["10492476118"], "status": "success"}}
{"ts": "2025-09-25 22:54:20", "op": "PlaceIncrementalOrders", "src": "COMMON", "det": {"symbol": "PENGU_USDC_PERP", "action": "sell", "price": 0.028446, "sizes": 3800.0, "order_id": "10492482434"}}
{"ts": "2025-09-25 22:54:20", "op": "SetCoinPosition AlignTo", "src": "COMMON", "det": {"symbol": "PENGU_USDC_PERP", "target_amount": -208.74034049227498, "open_position": -99.57262, "diff": 109.16772049227498, "order_id": ["10492482434"], "status": "success"}}
{"ts": "2025-09-25 22:54:22", "op": "PlaceIncrementalOrders", "src": "COMMON", "det": {"symbol": "TIA_USDC_PERP", "action": "sell", "price": 1.4156, "sizes": 76.0, "order_id": "10492488221"}}
{"ts": "2025-09-25 22:54:22", "op": "SetCoinPosition AlignTo", "src": "COMMON", "det": {"symbol": "TIA_USDC_PERP", "target_amount": -208.74034049227498, "open_position": -100.54679768, "diff": 108.19354281227498, "order_id": ["10492488221"], "status": "success"}}
{"ts": "2025-09-25 22:54:24", "op": "PlaceIncrementalOrders", "src": "COMMON", "det": {"symbol": "UNI_USDC_PERP", "action": "sell", "price": 7.694, "sizes": 14.4, "order_id": "10492495109"}}
{"ts": "2025-09-25 22:54:24", "op": "SetCoinPosition AlignTo", "src": "COMMON", "det": {"symbol": "UNI_USDC_PERP", "target_amount": -208.74034049227498, "open_position": -97.655259223, "diff": 111.08508126927498, "order_id": ["10492495109"], "status": "success"}}
{"ts": "2025-09-25 22:54:26", "op": "PlaceIncrementalOrders", "src": "COMMON", "det": {"symbol": "CRV_USDC_PERP", "action": "sell", "price": 0.6758, "sizes": 150.0, "order_id": "10492501017"}}
{"ts": "2025-09-25 22:54:26", "op": "SetCoinPosition AlignTo", "src": "COMMON", "det": {"symbol": "CRV_USDC_PERP", "target_amount": -208.74034049227498, "open_position": -108.1296528, "diff": 100.61068769227498, "order_id": ["10492501017"], "status": "success"}}
{"ts": "2025-09-25 22:54:28", "op": "PlaceIncrementalOrders", "src": "COMMON", "det": {"symbol": "TON_USDC_PERP", "action": "sell", "price": 2.7743, "sizes": 36.2, "order_id": "10492505417"}}
{"ts": "2025-09-25 22:54:28", "op": "SetCoinPosition AlignTo", "src": "COMMON", "det": {"symbol": "TON_USDC_PERP", "target_amount": -208.74034049227498, "open_position": -108.21770388, "diff": 100.52263661227498, "order_id": ["10492505417"], "status": "success"}}
{"ts": "2025-09-25 22:54:30", "op": "PlaceIncrementalOrders", "src": "COMMON", "det": {"symbol": "HBAR_USDC_PERP", "action": "sell", "price": 0.21549, "sizes": 420.0, "order_id": "10492511751"}}
{"ts": "2025-09-25 22:54:30", "op": "SetCoinPosition AlignTo", "src": "COMMON", "det": {"symbol": "HBAR_USDC_PERP", "target_amount": -208.74034049227498, "open_position": -118.78381411, "diff": 89.95652638227499, "order_id": ["10492511751"], "status": "success"}}
{"ts": "2025-09-25 22:54:32", "op": "PlaceIncrementalOrders", "src": "COMMON", "det": {"symbol": "XLM_USDC_PERP", "action": "sell", "price": 0.36187, "sizes": 250.0, "order_id": "10492516266"}}
{"ts": "2025-09-25 22:54:32", "op": "SetCoinPosition AlignTo", "src": "COMMON", "det": {"symbol": "XLM_USDC_PERP", "target_amount": -208.74034049227498, "open_position": -117.38609748, "diff": 91.35424301227498, "order_id": ["10492516266"], "status": "success"}}
{"ts": "2025-09-25 22:54:34", "op": "PlaceIncrementalOrders", "src": "COMMON", "det": {"symbol": "APT_USDC_PERP", "action": "sell", "price": 4.101, "sizes": 26.9, "order_id": "10492521328"}}
{"ts": "2025-09-25 22:54:34", "op": "SetCoinPosition AlignTo", "src": "COMMON", "det": {"symbol": "APT_USDC_PERP", "target_amount": -208.74034049227498, "open_position": -98.43644736, "diff": 110.30389313227498, "order_id": ["10492521328"], "status": "success"}}
{"ts": "2025-09-25 22:54:36", "op": "PlaceIncrementalOrders", "src": "COMMON", "det": {"symbol": "WLD_USDC_PERP", "action": "sell", "price": 1.2604, "sizes": 83.0, "order_id": "10492526973"}}
{"ts": "2025-09-25 22:54:36", "op": "SetCoinPosition AlignTo", "src": "COMMON", "det": {"symbol": "WLD_USDC_PERP", "target_amount": -208.74034049227498, "open_position": -104.68734141, "diff": 104.05299908227498, "order_id": ["10492526973"], "status": "success"}}
