{"ts": "2025-09-25 23:28:45", "op": "SetCoinPosition  OpenPosition", "src": "COMMON", "det": {"symbol": "SOL_USDC_PERP", "error": "\u65e0\u6cd5\u83b7\u53d6\u6301\u4ed3\u4fe1\u606f"}}
{"ts": "2025-09-25 23:28:47", "op": "PlaceIncrementalOrders", "src": "COMMON", "det": {"symbol": "SOL_USDC_PERP", "action": "buy", "price": 201.04, "sizes": 0.32, "order_id": "10498328592"}}
{"ts": "2025-09-25 23:28:47", "op": "SetCoinPosition  OpenPosition", "src": "COMMON", "det": {"symbol": "BTC_USDC_PERP", "error": "\u65e0\u6cd5\u83b7\u53d6\u6301\u4ed3\u4fe1\u606f"}}
{"ts": "2025-09-25 23:28:49", "op": "PlaceIncrementalOrders", "src": "COMMON", "det": {"symbol": "BTC_USDC_PERP", "action": "buy", "price": 110925.1, "sizes": 0.002, "order_id": "10498334401"}}
{"ts": "2025-09-25 23:28:49", "op": "SetCoinPosition  OpenPosition", "src": "COMMON", "det": {"symbol": "ETH_USDC_PERP", "error": "\u65e0\u6cd5\u83b7\u53d6\u6301\u4ed3\u4fe1\u606f"}}
{"ts": "2025-09-25 23:28:51", "op": "PlaceIncrementalOrders", "src": "COMMON", "det": {"symbol": "ETH_USDC_PERP", "action": "buy", "price": 3986.05, "sizes": 0.0164, "order_id": "10498339011"}}
{"ts": "2025-09-25 23:28:51", "op": "SetCoinPosition  OpenPosition", "src": "COMMON", "det": {"symbol": "XRP_USDC_PERP", "error": "\u65e0\u6cd5\u83b7\u53d6\u6301\u4ed3\u4fe1\u606f"}}
{"ts": "2025-09-25 23:28:53", "op": "PlaceIncrementalOrders", "src": "COMMON", "det": {"symbol": "XRP_USDC_PERP", "action": "buy", "price": 2.8284, "sizes": 15.372, "order_id": "10498344440"}}
{"ts": "2025-09-25 23:28:53", "op": "SetCoinPosition  OpenPosition", "src": "COMMON", "det": {"symbol": "SUI_USDC_PERP", "error": "\u65e0\u6cd5\u83b7\u53d6\u6301\u4ed3\u4fe1\u606f"}}
{"ts": "2025-09-25 23:28:55", "op": "PlaceIncrementalOrders", "src": "COMMON", "det": {"symbol": "SUI_USDC_PERP", "action": "sell", "price": 3.1987, "sizes": 6.51, "order_id": "10498349271"}}
{"ts": "2025-09-25 23:28:55", "op": "SetCoinPosition  OpenPosition", "src": "COMMON", "det": {"symbol": "DOGE_USDC_PERP", "error": "\u65e0\u6cd5\u83b7\u53d6\u6301\u4ed3\u4fe1\u606f"}}
{"ts": "2025-09-25 23:28:57", "op": "PlaceIncrementalOrders", "src": "COMMON", "det": {"symbol": "DOGE_USDC_PERP", "action": "buy", "price": 0.2306, "sizes": 282.8, "order_id": "10498354421"}}
{"ts": "2025-09-25 23:28:57", "op": "SetCoinPosition  OpenPosition", "src": "COMMON", "det": {"symbol": "JUP_USDC_PERP", "error": "\u65e0\u6cd5\u83b7\u53d6\u6301\u4ed3\u4fe1\u606f"}}
{"ts": "2025-09-25 23:28:59", "op": "PlaceIncrementalOrders", "src": "COMMON", "det": {"symbol": "JUP_USDC_PERP", "action": "sell", "price": 0.4462, "sizes": 46.7, "order_id": "10498358366"}}
{"ts": "2025-09-25 23:28:59", "op": "SetCoinPosition  OpenPosition", "src": "COMMON", "det": {"symbol": "TRUMP_USDC_PERP", "error": "\u65e0\u6cd5\u83b7\u53d6\u6301\u4ed3\u4fe1\u606f"}}
{"ts": "2025-09-25 23:29:01", "op": "PlaceIncrementalOrders", "src": "COMMON", "det": {"symbol": "TRUMP_USDC_PERP", "action": "sell", "price": 7.573, "sizes": 2.75, "order_id": "10498364154"}}
{"ts": "2025-09-25 23:29:01", "op": "SetCoinPosition  OpenPosition", "src": "COMMON", "det": {"symbol": "LTC_USDC_PERP", "error": "\u65e0\u6cd5\u83b7\u53d6\u6301\u4ed3\u4fe1\u606f"}}
{"ts": "2025-09-25 23:29:03", "op": "PlaceIncrementalOrders", "src": "COMMON", "det": {"symbol": "LTC_USDC_PERP", "action": "sell", "price": 104.31, "sizes": 0.2, "order_id": "10498368700"}}
{"ts": "2025-09-25 23:29:03", "op": "SetCoinPosition  OpenPosition", "src": "COMMON", "det": {"symbol": "ADA_USDC_PERP", "error": "\u65e0\u6cd5\u83b7\u53d6\u6301\u4ed3\u4fe1\u606f"}}
{"ts": "2025-09-25 23:29:05", "op": "PlaceIncrementalOrders", "src": "COMMON", "det": {"symbol": "ADA_USDC_PERP", "action": "sell", "price": 0.7898, "sizes": 30.0, "order_id": "10498374465"}}
{"ts": "2025-09-25 23:29:05", "op": "SetCoinPosition  OpenPosition", "src": "COMMON", "det": {"symbol": "LINK_USDC_PERP", "error": "\u65e0\u6cd5\u83b7\u53d6\u6301\u4ed3\u4fe1\u606f"}}
{"ts": "2025-09-25 23:29:07", "op": "PlaceIncrementalOrders", "src": "COMMON", "det": {"symbol": "LINK_USDC_PERP", "action": "sell", "price": 20.814, "sizes": 1.0, "order_id": "10498378788"}}
{"ts": "2025-09-25 23:29:07", "op": "SetCoinPosition  OpenPosition", "src": "COMMON", "det": {"symbol": "IP_USDC_PERP", "error": "\u65e0\u6cd5\u83b7\u53d6\u6301\u4ed3\u4fe1\u606f"}}
{"ts": "2025-09-25 23:29:09", "op": "PlaceIncrementalOrders", "src": "COMMON", "det": {"symbol": "IP_USDC_PERP", "action": "sell", "price": 8.5973, "sizes": 2.4, "order_id": "10498383851"}}
{"ts": "2025-09-25 23:29:09", "op": "SetCoinPosition  OpenPosition", "src": "COMMON", "det": {"symbol": "HYPE_USDC_PERP", "error": "\u65e0\u6cd5\u83b7\u53d6\u6301\u4ed3\u4fe1\u606f"}}
{"ts": "2025-09-25 23:29:10", "op": "PlaceIncrementalOrders", "src": "COMMON", "det": {"symbol": "HYPE_USDC_PERP", "action": "sell", "price": 41.024, "sizes": 0.51, "order_id": "10498390214"}}
{"ts": "2025-09-25 23:29:10", "op": "SetCoinPosition  OpenPosition", "src": "COMMON", "det": {"symbol": "BNB_USDC_PERP", "error": "\u65e0\u6cd5\u83b7\u53d6\u6301\u4ed3\u4fe1\u606f"}}
{"ts": "2025-09-25 23:29:12", "op": "PlaceIncrementalOrders", "src": "COMMON", "det": {"symbol": "BNB_USDC_PERP", "action": "buy", "price": 989.82, "sizes": 0.044, "order_id": "10498395124"}}
{"ts": "2025-09-25 23:29:12", "op": "SetCoinPosition  OpenPosition", "src": "COMMON", "det": {"symbol": "AVAX_USDC_PERP", "error": "\u65e0\u6cd5\u83b7\u53d6\u6301\u4ed3\u4fe1\u606f"}}
{"ts": "2025-09-25 23:29:14", "op": "PlaceIncrementalOrders", "src": "COMMON", "det": {"symbol": "AVAX_USDC_PERP", "action": "sell", "price": 30.231, "sizes": 0.69, "order_id": "10498400335"}}
{"ts": "2025-09-25 23:29:14", "op": "SetCoinPosition  OpenPosition", "src": "COMMON", "det": {"symbol": "ONDO_USDC_PERP", "error": "\u65e0\u6cd5\u83b7\u53d6\u6301\u4ed3\u4fe1\u606f"}}
{"ts": "2025-09-25 23:29:16", "op": "PlaceIncrementalOrders", "src": "COMMON", "det": {"symbol": "ONDO_USDC_PERP", "action": "sell", "price": 0.8943, "sizes": 23.3, "order_id": "10498406439"}}
{"ts": "2025-09-25 23:29:16", "op": "SetCoinPosition  OpenPosition", "src": "COMMON", "det": {"symbol": "ARB_USDC_PERP", "error": "\u65e0\u6cd5\u83b7\u53d6\u6301\u4ed3\u4fe1\u606f"}}
{"ts": "2025-09-25 23:29:18", "op": "PlaceIncrementalOrders", "src": "COMMON", "det": {"symbol": "ARB_USDC_PERP", "action": "sell", "price": 0.4222, "sizes": 49.3, "order_id": "10498411540"}}
{"ts": "2025-09-25 23:29:18", "op": "SetCoinPosition  OpenPosition", "src": "COMMON", "det": {"symbol": "AAVE_USDC_PERP", "error": "\u65e0\u6cd5\u83b7\u53d6\u6301\u4ed3\u4fe1\u606f"}}
{"ts": "2025-09-25 23:29:20", "op": "PlaceIncrementalOrders", "src": "COMMON", "det": {"symbol": "AAVE_USDC_PERP", "action": "sell", "price": 266.88, "sizes": 0.08, "order_id": "10498416599"}}
{"ts": "2025-09-25 23:29:20", "op": "SetCoinPosition  OpenPosition", "src": "COMMON", "det": {"symbol": "DOT_USDC_PERP", "error": "\u65e0\u6cd5\u83b7\u53d6\u6301\u4ed3\u4fe1\u606f"}}
{"ts": "2025-09-25 23:29:22", "op": "PlaceIncrementalOrders", "src": "COMMON", "det": {"symbol": "DOT_USDC_PERP", "action": "sell", "price": 3.92, "sizes": 5.3, "order_id": "10498420804"}}
{"ts": "2025-09-25 23:29:22", "op": "SetCoinPosition  OpenPosition", "src": "COMMON", "det": {"symbol": "NEAR_USDC_PERP", "error": "\u65e0\u6cd5\u83b7\u53d6\u6301\u4ed3\u4fe1\u606f"}}
{"ts": "2025-09-25 23:29:24", "op": "PlaceIncrementalOrders", "src": "COMMON", "det": {"symbol": "NEAR_USDC_PERP", "action": "sell", "price": 2.8624, "sizes": 7.0, "order_id": "10498426372"}}
{"ts": "2025-09-25 23:29:24", "op": "SetCoinPosition  OpenPosition", "src": "COMMON", "det": {"symbol": "OP_USDC_PERP", "error": "\u65e0\u6cd5\u83b7\u53d6\u6301\u4ed3\u4fe1\u606f"}}
{"ts": "2025-09-25 23:29:26", "op": "PlaceIncrementalOrders", "src": "COMMON", "det": {"symbol": "OP_USDC_PERP", "action": "sell", "price": 0.6672, "sizes": 30.0, "order_id": "10498431566"}}
{"ts": "2025-09-25 23:29:26", "op": "SetCoinPosition  OpenPosition", "src": "COMMON", "det": {"symbol": "PENGU_USDC_PERP", "error": "\u65e0\u6cd5\u83b7\u53d6\u6301\u4ed3\u4fe1\u606f"}}
{"ts": "2025-09-25 23:29:28", "op": "PlaceIncrementalOrders", "src": "COMMON", "det": {"symbol": "PENGU_USDC_PERP", "action": "sell", "price": 0.028091, "sizes": 700.0, "order_id": "10498436145"}}
{"ts": "2025-09-25 23:29:28", "op": "SetCoinPosition  OpenPosition", "src": "COMMON", "det": {"symbol": "TIA_USDC_PERP", "error": "\u65e0\u6cd5\u83b7\u53d6\u6301\u4ed3\u4fe1\u606f"}}
{"ts": "2025-09-25 23:29:30", "op": "PlaceIncrementalOrders", "src": "COMMON", "det": {"symbol": "TIA_USDC_PERP", "action": "sell", "price": 1.4058, "sizes": 15.0, "order_id": "10498441683"}}
{"ts": "2025-09-25 23:29:30", "op": "SetCoinPosition  OpenPosition", "src": "COMMON", "det": {"symbol": "UNI_USDC_PERP", "error": "\u65e0\u6cd5\u83b7\u53d6\u6301\u4ed3\u4fe1\u606f"}}
{"ts": "2025-09-25 23:29:32", "op": "PlaceIncrementalOrders", "src": "COMMON", "det": {"symbol": "UNI_USDC_PERP", "action": "sell", "price": 7.635, "sizes": 2.7, "order_id": "10498446117"}}
{"ts": "2025-09-25 23:29:32", "op": "SetCoinPosition  OpenPosition", "src": "COMMON", "det": {"symbol": "CRV_USDC_PERP", "error": "\u65e0\u6cd5\u83b7\u53d6\u6301\u4ed3\u4fe1\u606f"}}
{"ts": "2025-09-25 23:29:34", "op": "PlaceIncrementalOrders", "src": "COMMON", "det": {"symbol": "CRV_USDC_PERP", "action": "sell", "price": 0.6719, "sizes": 30.0, "order_id": "10498451131"}}
{"ts": "2025-09-25 23:29:34", "op": "SetCoinPosition  OpenPosition", "src": "COMMON", "det": {"symbol": "TON_USDC_PERP", "error": "\u65e0\u6cd5\u83b7\u53d6\u6301\u4ed3\u4fe1\u606f"}}
{"ts": "2025-09-25 23:29:36", "op": "PlaceIncrementalOrders", "src": "COMMON", "det": {"symbol": "TON_USDC_PERP", "action": "sell", "price": 2.7545, "sizes": 7.6, "order_id": "10498456685"}}
{"ts": "2025-09-25 23:29:36", "op": "SetCoinPosition  OpenPosition", "src": "COMMON", "det": {"symbol": "HBAR_USDC_PERP", "error": "\u65e0\u6cd5\u83b7\u53d6\u6301\u4ed3\u4fe1\u606f"}}
{"ts": "2025-09-25 23:29:38", "op": "PlaceIncrementalOrders", "src": "COMMON", "det": {"symbol": "HBAR_USDC_PERP", "action": "sell", "price": 0.21437, "sizes": 100.0, "order_id": "10498462361"}}
{"ts": "2025-09-25 23:29:38", "op": "SetCoinPosition  OpenPosition", "src": "COMMON", "det": {"symbol": "XLM_USDC_PERP", "error": "\u65e0\u6cd5\u83b7\u53d6\u6301\u4ed3\u4fe1\u606f"}}
{"ts": "2025-09-25 23:29:40", "op": "PlaceIncrementalOrders", "src": "COMMON", "det": {"symbol": "XLM_USDC_PERP", "action": "sell", "price": 0.36119, "sizes": 60.0, "order_id": "10498467684"}}
{"ts": "2025-09-25 23:29:40", "op": "SetCoinPosition  OpenPosition", "src": "COMMON", "det": {"symbol": "APT_USDC_PERP", "error": "\u65e0\u6cd5\u83b7\u53d6\u6301\u4ed3\u4fe1\u606f"}}
{"ts": "2025-09-25 23:29:42", "op": "PlaceIncrementalOrders", "src": "COMMON", "det": {"symbol": "APT_USDC_PERP", "action": "sell", "price": 4.075, "sizes": 5.1, "order_id": "10498471940"}}
{"ts": "2025-09-25 23:29:42", "op": "SetCoinPosition  OpenPosition", "src": "COMMON", "det": {"symbol": "WLD_USDC_PERP", "error": "\u65e0\u6cd5\u83b7\u53d6\u6301\u4ed3\u4fe1\u606f"}}
{"ts": "2025-09-25 23:29:44", "op": "PlaceIncrementalOrders", "src": "COMMON", "det": {"symbol": "WLD_USDC_PERP", "action": "sell", "price": 1.2546, "sizes": 17.0, "order_id": "10498475938"}}
{"ts": "2025-09-25 23:39:00", "op": "PlaceIncrementalOrders", "src": "COMMON", "det": {"symbol": "SOL_USDC_PERP", "action": "buy", "price": 201.32, "sizes": 1.83, "order_id": "10500096363"}}
{"ts": "2025-09-25 23:39:00", "op": "SetCoinPosition AlignTo", "src": "COMMON", "det": {"symbol": "SOL_USDC_PERP", "target_amount": 433.81754125043483, "open_position": 64.4092912928, "diff": -369.40824995763484, "order_id": ["10500096363"], "status": "success"}}
{"ts": "2025-09-25 23:39:02", "op": "PlaceIncrementalOrders", "src": "COMMON", "det": {"symbol": "BTC_USDC_PERP", "action": "buy", "price": 111206.9, "sizes": 0.011, "order_id": "10500102982"}}
{"ts": "2025-09-25 23:39:02", "op": "SetCoinPosition AlignTo", "src": "COMMON", "det": {"symbol": "BTC_USDC_PERP", "target_amount": 1446.0584708347826, "open_position": 222.3921371225, "diff": -1223.6663337122827, "order_id": ["10500102982"], "status": "success"}}
{"ts": "2025-09-25 23:39:04", "op": "PlaceIncrementalOrders", "src": "COMMON", "det": {"symbol": "ETH_USDC_PERP", "action": "buy", "price": 4003.17, "sizes": 0.092, "order_id": "10500109490"}}
{"ts": "2025-09-25 23:39:04", "op": "SetCoinPosition AlignTo", "src": "COMMON", "det": {"symbol": "ETH_USDC_PERP", "target_amount": 433.81754125043483, "open_position": 65.646497939936, "diff": -368.1710433104988, "order_id": ["10500109490"], "status": "success"}}
{"ts": "2025-09-25 23:39:06", "op": "PlaceIncrementalOrders", "src": "COMMON", "det": {"symbol": "XRP_USDC_PERP", "action": "buy", "price": 2.8344, "sizes": 86.6636, "order_id": "10500114178"}}
{"ts": "2025-09-25 23:39:06", "op": "SetCoinPosition AlignTo", "src": "COMMON", "det": {"symbol": "XRP_USDC_PERP", "target_amount": 289.2116941669566, "open_position": 43.57240315344, "diff": -245.63929101351658, "order_id": ["10500114178"], "status": "success"}}
{"ts": "2025-09-25 23:39:08", "op": "PlaceIncrementalOrders", "src": "COMMON", "det": {"symbol": "SUI_USDC_PERP", "action": "sell", "price": 3.202, "sizes": 36.77, "order_id": "10500119986"}}
{"ts": "2025-09-25 23:39:08", "op": "SetCoinPosition AlignTo", "src": "COMMON", "det": {"symbol": "SUI_USDC_PERP", "target_amount": -138.580603455, "open_position": -20.8467717759, "diff": 117.73383167909999, "order_id": ["10500119986"], "status": "success"}}
{"ts": "2025-09-25 23:39:10", "op": "PlaceIncrementalOrders", "src": "COMMON", "det": {"symbol": "DOGE_USDC_PERP", "action": "buy", "price": 0.23108, "sizes": 1594.6, "order_id": "10500125212"}}
{"ts": "2025-09-25 23:39:10", "op": "SetCoinPosition AlignTo", "src": "COMMON", "det": {"symbol": "DOGE_USDC_PERP", "target_amount": 433.81754125043483, "open_position": 65.34799586, "diff": -368.46954539043486, "order_id": ["10500125212"], "status": "success"}}
{"ts": "2025-09-25 23:39:12", "op": "PlaceIncrementalOrders", "src": "COMMON", "det": {"symbol": "JUP_USDC_PERP", "action": "sell", "price": 0.4481, "sizes": 262.6, "order_id": "10500130095"}}
{"ts": "2025-09-25 23:39:12", "op": "SetCoinPosition AlignTo", "src": "COMMON", "det": {"symbol": "JUP_USDC_PERP", "target_amount": -138.580603455, "open_position": -20.925803467, "diff": 117.65479998799998, "order_id": ["10500130095"], "status": "success"}}
{"ts": "2025-09-25 23:39:14", "op": "PlaceIncrementalOrders", "src": "COMMON", "det": {"symbol": "TRUMP_USDC_PERP", "action": "sell", "price": 7.601, "sizes": 15.48, "order_id": "10500134249"}}
{"ts": "2025-09-25 23:39:14", "op": "SetCoinPosition AlignTo", "src": "COMMON", "det": {"symbol": "TRUMP_USDC_PERP", "target_amount": -138.580603455, "open_position": -20.90593175, "diff": 117.67467170499998, "order_id": ["10500134249"], "status": "success"}}
{"ts": "2025-09-25 23:39:15", "op": "PlaceIncrementalOrders", "src": "COMMON", "det": {"symbol": "LTC_USDC_PERP", "action": "sell", "price": 104.61, "sizes": 1.1, "order_id": "10500139528"}}
{"ts": "2025-09-25 23:39:15", "op": "SetCoinPosition AlignTo", "src": "COMMON", "det": {"symbol": "LTC_USDC_PERP", "target_amount": -138.580603455, "open_position": -20.923975788, "diff": 117.65662766699998, "order_id": ["10500139528"], "status": "success"}}
{"ts": "2025-09-25 23:39:17", "op": "PlaceIncrementalOrders", "src": "COMMON", "det": {"symbol": "ADA_USDC_PERP", "action": "sell", "price": 0.7925, "sizes": 140.0, "order_id": "10500145897"}}
{"ts": "2025-09-25 23:39:17", "op": "SetCoinPosition AlignTo", "src": "COMMON", "det": {"symbol": "ADA_USDC_PERP", "target_amount": -138.580603455, "open_position": -23.7662127, "diff": 114.81439075499999, "order_id": ["10500145897"], "status": "success"}}
{"ts": "2025-09-25 23:39:19", "op": "PlaceIncrementalOrders", "src": "COMMON", "det": {"symbol": "LINK_USDC_PERP", "action": "sell", "price": 20.898, "sizes": 5.6, "order_id": "10500151402"}}
{"ts": "2025-09-25 23:39:19", "op": "SetCoinPosition AlignTo", "src": "COMMON", "det": {"symbol": "LINK_USDC_PERP", "target_amount": -138.580603455, "open_position": -20.90262815, "diff": 117.67797530499999, "order_id": ["10500151402"], "status": "success"}}
{"ts": "2025-09-25 23:39:21", "op": "PlaceIncrementalOrders", "src": "COMMON", "det": {"symbol": "IP_USDC_PERP", "action": "sell", "price": 8.5092, "sizes": 13.9, "order_id": "10500156088"}}
{"ts": "2025-09-25 23:39:21", "op": "SetCoinPosition AlignTo", "src": "COMMON", "det": {"symbol": "IP_USDC_PERP", "target_amount": -138.580603455, "open_position": -20.411648736, "diff": 118.16895471899998, "order_id": ["10500156088"], "status": "success"}}
{"ts": "2025-09-25 23:39:23", "op": "PlaceIncrementalOrders", "src": "COMMON", "det": {"symbol": "HYPE_USDC_PERP", "action": "sell", "price": 41.403, "sizes": 2.84, "order_id": "10500161765"}}
{"ts": "2025-09-25 23:39:23", "op": "SetCoinPosition AlignTo", "src": "COMMON", "det": {"symbol": "HYPE_USDC_PERP", "target_amount": -138.580603455, "open_position": -21.1082826348, "diff": 117.4723208202, "order_id": ["10500161765"], "status": "success"}}
{"ts": "2025-09-25 23:39:25", "op": "PlaceIncrementalOrders", "src": "COMMON", "det": {"symbol": "BNB_USDC_PERP", "action": "buy", "price": 993.7, "sizes": 0.247, "order_id": "10500166314"}}
{"ts": "2025-09-25 23:39:25", "op": "SetCoinPosition AlignTo", "src": "COMMON", "det": {"symbol": "BNB_USDC_PERP", "target_amount": 289.2116941669566, "open_position": 43.71746323736, "diff": -245.4942309295966, "order_id": ["10500166314"], "status": "success"}}
{"ts": "2025-09-25 23:39:27", "op": "PlaceIncrementalOrders", "src": "COMMON", "det": {"symbol": "AVAX_USDC_PERP", "action": "sell", "price": 30.318, "sizes": 3.88, "order_id": "10500171269"}}
{"ts": "2025-09-25 23:39:27", "op": "SetCoinPosition AlignTo", "src": "COMMON", "det": {"symbol": "AVAX_USDC_PERP", "target_amount": -138.580603455, "open_position": -20.9240172354, "diff": 117.65658621959999, "order_id": ["10500171269"], "status": "success"}}
{"ts": "2025-09-25 23:39:29", "op": "PlaceIncrementalOrders", "src": "COMMON", "det": {"symbol": "ONDO_USDC_PERP", "action": "sell", "price": 0.8984, "sizes": 130.9, "order_id": "10500176423"}}
{"ts": "2025-09-25 23:39:29", "op": "SetCoinPosition AlignTo", "src": "COMMON", "det": {"symbol": "ONDO_USDC_PERP", "target_amount": -138.580603455, "open_position": -20.944603699, "diff": 117.63599975599999, "order_id": ["10500176423"], "status": "success"}}
{"ts": "2025-09-25 23:39:31", "op": "PlaceIncrementalOrders", "src": "COMMON", "det": {"symbol": "ARB_USDC_PERP", "action": "sell", "price": 0.4228, "sizes": 278.5, "order_id": "10500182408"}}
{"ts": "2025-09-25 23:39:31", "op": "SetCoinPosition AlignTo", "src": "COMMON", "det": {"symbol": "ARB_USDC_PERP", "target_amount": -138.580603455, "open_position": -20.840272001, "diff": 117.74033145399999, "order_id": ["10500182408"], "status": "success"}}
{"ts": "2025-09-25 23:39:33", "op": "PlaceIncrementalOrders", "src": "COMMON", "det": {"symbol": "AAVE_USDC_PERP", "action": "sell", "price": 268.4, "sizes": 0.44, "order_id": "10500188472"}}
{"ts": "2025-09-25 23:39:33", "op": "SetCoinPosition AlignTo", "src": "COMMON", "det": {"symbol": "AAVE_USDC_PERP", "target_amount": -138.580603455, "open_position": -21.4721166224, "diff": 117.1084868326, "order_id": ["10500188472"], "status": "success"}}
{"ts": "2025-09-25 23:39:35", "op": "PlaceIncrementalOrders", "src": "COMMON", "det": {"symbol": "DOT_USDC_PERP", "action": "sell", "price": 3.937, "sizes": 29.9, "order_id": "10500193720"}}
{"ts": "2025-09-25 23:39:35", "op": "SetCoinPosition AlignTo", "src": "COMMON", "det": {"symbol": "DOT_USDC_PERP", "target_amount": -138.580603455, "open_position": -20.872716891, "diff": 117.70788656399999, "order_id": ["10500193720"], "status": "success"}}
{"ts": "2025-09-25 23:39:37", "op": "PlaceIncrementalOrders", "src": "COMMON", "det": {"symbol": "NEAR_USDC_PERP", "action": "sell", "price": 2.8707, "sizes": 41.0, "order_id": "10500198852"}}
{"ts": "2025-09-25 23:39:37", "op": "SetCoinPosition AlignTo", "src": "COMMON", "det": {"symbol": "NEAR_USDC_PERP", "target_amount": -138.580603455, "open_position": -20.09352597, "diff": 118.48707748499999, "order_id": ["10500198852"], "status": "success"}}
{"ts": "2025-09-25 23:39:39", "op": "PlaceIncrementalOrders", "src": "COMMON", "det": {"symbol": "OP_USDC_PERP", "action": "sell", "price": 0.6696, "sizes": 180.0, "order_id": "10500203512"}}
{"ts": "2025-09-25 23:39:39", "op": "SetCoinPosition AlignTo", "src": "COMMON", "det": {"symbol": "OP_USDC_PERP", "target_amount": -138.580603455, "open_position": -20.0798133, "diff": 118.50079015499999, "order_id": ["10500203512"], "status": "success"}}
{"ts": "2025-09-25 23:39:41", "op": "PlaceIncrementalOrders", "src": "COMMON", "det": {"symbol": "PENGU_USDC_PERP", "action": "sell", "price": 0.028209, "sizes": 4200.0, "order_id": "10500207928"}}
{"ts": "2025-09-25 23:39:41", "op": "SetCoinPosition AlignTo", "src": "COMMON", "det": {"symbol": "PENGU_USDC_PERP", "target_amount": -138.580603455, "open_position": -19.745243, "diff": 118.83536045499999, "order_id": ["10500207928"], "status": "success"}}
{"ts": "2025-09-25 23:39:43", "op": "PlaceIncrementalOrders", "src": "COMMON", "det": {"symbol": "TIA_USDC_PERP", "action": "sell", "price": 1.4094, "sizes": 83.0, "order_id": "10500213198"}}
{"ts": "2025-09-25 23:39:43", "op": "SetCoinPosition AlignTo", "src": "COMMON", "det": {"symbol": "TIA_USDC_PERP", "target_amount": -138.580603455, "open_position": -21.14246445, "diff": 117.43813900499998, "order_id": ["10500213198"], "status": "success"}}
{"ts": "2025-09-25 23:39:45", "op": "PlaceIncrementalOrders", "src": "COMMON", "det": {"symbol": "UNI_USDC_PERP", "action": "sell", "price": 7.676, "sizes": 15.4, "order_id": "10500218285"}}
{"ts": "2025-09-25 23:39:45", "op": "SetCoinPosition AlignTo", "src": "COMMON", "det": {"symbol": "UNI_USDC_PERP", "target_amount": -138.580603455, "open_position": -20.701821429, "diff": 117.87878202599998, "order_id": ["10500218285"], "status": "success"}}
{"ts": "2025-09-25 23:39:46", "op": "PlaceIncrementalOrders", "src": "COMMON", "det": {"symbol": "CRV_USDC_PERP", "action": "sell", "price": 0.677, "sizes": 170.0, "order_id": "10500223538"}}
{"ts": "2025-09-25 23:39:46", "op": "SetCoinPosition AlignTo", "src": "COMMON", "det": {"symbol": "CRV_USDC_PERP", "target_amount": -138.580603455, "open_position": -20.3160423, "diff": 118.264561155, "order_id": ["10500223538"], "status": "success"}}
{"ts": "2025-09-25 23:39:48", "op": "PlaceIncrementalOrders", "src": "COMMON", "det": {"symbol": "TON_USDC_PERP", "action": "sell", "price": 2.7584, "sizes": 42.6, "order_id": "10500229243"}}
{"ts": "2025-09-25 23:39:48", "op": "SetCoinPosition AlignTo", "src": "COMMON", "det": {"symbol": "TON_USDC_PERP", "target_amount": -138.580603455, "open_position": -20.966174948, "diff": 117.61442850699999, "order_id": ["10500229243"], "status": "success"}}
{"ts": "2025-09-25 23:39:50", "op": "PlaceIncrementalOrders", "src": "COMMON", "det": {"symbol": "HBAR_USDC_PERP", "action": "sell", "price": 0.21529, "sizes": 540.0, "order_id": "10500235138"}}
{"ts": "2025-09-25 23:39:50", "op": "SetCoinPosition AlignTo", "src": "COMMON", "det": {"symbol": "HBAR_USDC_PERP", "target_amount": -138.580603455, "open_position": -21.516312, "diff": 117.06429145499999, "order_id": ["10500235138"], "status": "success"}}
{"ts": "2025-09-25 23:39:52", "op": "PlaceIncrementalOrders", "src": "COMMON", "det": {"symbol": "XLM_USDC_PERP", "action": "sell", "price": 0.36206, "sizes": 320.0, "order_id": "10500241263"}}
{"ts": "2025-09-25 23:39:52", "op": "SetCoinPosition AlignTo", "src": "COMMON", "det": {"symbol": "XLM_USDC_PERP", "target_amount": -138.580603455, "open_position": -21.7207308, "diff": 116.85987265499999, "order_id": ["10500241263"], "status": "success"}}
{"ts": "2025-09-25 23:39:54", "op": "PlaceIncrementalOrders", "src": "COMMON", "det": {"symbol": "APT_USDC_PERP", "action": "sell", "price": 4.09, "sizes": 28.8, "order_id": "10500246824"}}
{"ts": "2025-09-25 23:39:54", "op": "SetCoinPosition AlignTo", "src": "COMMON", "det": {"symbol": "APT_USDC_PERP", "target_amount": -138.580603455, "open_position": -20.859359703, "diff": 117.72124375199999, "order_id": ["10500246824"], "status": "success"}}
{"ts": "2025-09-25 23:39:56", "op": "PlaceIncrementalOrders", "src": "COMMON", "det": {"symbol": "WLD_USDC_PERP", "action": "sell", "price": 1.2586, "sizes": 93.0, "order_id": "10500251865"}}
{"ts": "2025-09-25 23:39:56", "op": "SetCoinPosition AlignTo", "src": "COMMON", "det": {"symbol": "WLD_USDC_PERP", "target_amount": -138.580603455, "open_position": -21.38212995, "diff": 117.19847350499998, "order_id": ["10500251865"], "status": "success"}}
{"ts": "2025-09-25 23:44:35", "op": "PlaceIncrementalOrders", "src": "COMMON", "det": {"symbol": "SOL_USDC_PERP", "error": "\u8ba2\u5355\u91d1\u989d\u8fc7\u5c0f\uff0c\u65e0\u6cd5\u4e0b\u5355"}}
{"ts": "2025-09-25 23:44:35", "op": "SetCoinPosition AlignTo", "src": "COMMON", "det": {"symbol": "SOL_USDC_PERP", "target_amount": 432.25847752695665, "open_position": 431.970367973, "diff": -0.2881095539566445, "error": "\u8ba2\u5355\u91d1\u989d\u8fc7\u5c0f\uff0c\u65e0\u6cd5\u4e0b\u5355", "status": "failed"}}
{"ts": "2025-09-25 23:44:37", "op": "PlaceIncrementalOrders", "src": "COMMON", "det": {"symbol": "BTC_USDC_PERP", "action": "sell", "price": 111335.2, "sizes": 0.0001, "order_id": "10501058441"}}
{"ts": "2025-09-25 23:44:37", "op": "SetCoinPosition AlignTo", "src": "COMMON", "det": {"symbol": "BTC_USDC_PERP", "target_amount": 1440.8615917565219, "open_position": 1447.66407941103, "diff": 6.802487654508013, "order_id": ["10501058441"], "status": "success"}}
{"ts": "2025-09-25 23:44:38", "op": "PlaceIncrementalOrders", "src": "COMMON", "det": {"symbol": "ETH_USDC_PERP", "action": "sell", "price": 4004.18, "sizes": 0.0004, "order_id": "10501063200"}}
{"ts": "2025-09-25 23:44:38", "op": "SetCoinPosition AlignTo", "src": "COMMON", "det": {"symbol": "ETH_USDC_PERP", "target_amount": 432.25847752695665, "open_position": 433.992760812732, "diff": 1.7342832857753478, "order_id": ["10501063200"], "status": "success"}}
{"ts": "2025-09-25 23:44:40", "op": "PlaceIncrementalOrders", "src": "COMMON", "det": {"symbol": "XRP_USDC_PERP", "action": "sell", "price": 2.8279, "sizes": 0.1783, "order_id": "10501067793"}}
{"ts": "2025-09-25 23:44:40", "op": "SetCoinPosition AlignTo", "src": "COMMON", "det": {"symbol": "XRP_USDC_PERP", "target_amount": 288.1723183513044, "open_position": 288.676606383172, "diff": 0.5042880318675884, "order_id": ["10501067793"], "status": "success"}}
{"ts": "2025-09-25 23:44:42", "op": "PlaceIncrementalOrders", "src": "COMMON", "det": {"symbol": "SUI_USDC_PERP", "action": "buy", "price": 3.2023, "sizes": 0.14, "order_id": "10501072033"}}
{"ts": "2025-09-25 23:44:42", "op": "SetCoinPosition AlignTo", "src": "COMMON", "det": {"symbol": "SUI_USDC_PERP", "target_amount": -138.08256921, "open_position": -138.5387749224, "diff": -0.4562057123999921, "order_id": ["10501072033"], "status": "success"}}
{"ts": "2025-09-25 23:44:44", "op": "PlaceIncrementalOrders", "src": "COMMON", "det": {"symbol": "DOGE_USDC_PERP", "action": "sell", "price": 0.23077, "sizes": 4.9, "order_id": "10501079167"}}
{"ts": "2025-09-25 23:44:44", "op": "SetCoinPosition AlignTo", "src": "COMMON", "det": {"symbol": "DOGE_USDC_PERP", "target_amount": 432.25847752695665, "open_position": 433.386112572, "diff": 1.1276350450433483, "order_id": ["10501079167"], "status": "success"}}
{"ts": "2025-09-25 23:44:46", "op": "PlaceIncrementalOrders", "src": "COMMON", "det": {"symbol": "JUP_USDC_PERP", "action": "sell", "price": 0.4472, "sizes": 262.1, "order_id": "10501085805"}}
{"ts": "2025-09-25 23:44:46", "op": "SetCoinPosition AlignTo", "src": "COMMON", "det": {"symbol": "JUP_USDC_PERP", "target_amount": -138.08256921, "open_position": -20.860991339, "diff": 117.221577871, "order_id": ["10501085805"], "status": "success"}}
{"ts": "2025-09-25 23:44:48", "op": "PlaceIncrementalOrders", "src": "COMMON", "det": {"symbol": "TRUMP_USDC_PERP", "action": "buy", "price": 7.601, "sizes": 0.06, "order_id": "10501092515"}}
{"ts": "2025-09-25 23:44:48", "op": "SetCoinPosition AlignTo", "src": "COMMON", "det": {"symbol": "TRUMP_USDC_PERP", "target_amount": -138.08256921, "open_position": -138.5308242409, "diff": -0.4482550308999862, "order_id": ["10501092515"], "status": "success"}}
{"ts": "2025-09-25 23:44:50", "op": "PlaceIncrementalOrders", "src": "COMMON", "det": {"symbol": "LTC_USDC_PERP", "action": "sell", "price": 104.62, "sizes": 0.1, "order_id": "10501098247"}}
{"ts": "2025-09-25 23:44:50", "op": "SetCoinPosition AlignTo", "src": "COMMON", "det": {"symbol": "LTC_USDC_PERP", "target_amount": -138.08256921, "open_position": -135.906919447, "diff": 2.1756497629999956, "order_id": ["10501098247"], "status": "success"}}
{"ts": "2025-09-25 23:44:52", "op": "PlaceIncrementalOrders", "src": "COMMON", "det": {"symbol": "ADA_USDC_PERP", "action": "sell", "price": 0.7909, "sizes": 140.0, "order_id": "10501103088"}}
{"ts": "2025-09-25 23:44:52", "op": "SetCoinPosition AlignTo", "src": "COMMON", "det": {"symbol": "ADA_USDC_PERP", "target_amount": -138.08256921, "open_position": -23.726286, "diff": 114.35628321, "order_id": ["10501103088"], "status": "success"}}
{"ts": "2025-09-25 23:44:53", "op": "PlaceIncrementalOrders", "src": "COMMON", "det": {"symbol": "LINK_USDC_PERP", "error": "\u8ba2\u5355\u91d1\u989d\u8fc7\u5c0f\uff0c\u65e0\u6cd5\u4e0b\u5355"}}
{"ts": "2025-09-25 23:44:53", "op": "SetCoinPosition AlignTo", "src": "COMMON", "det": {"symbol": "LINK_USDC_PERP", "target_amount": -138.08256921, "open_position": -137.852592702, "diff": 0.22997650799999292, "error": "\u8ba2\u5355\u91d1\u989d\u8fc7\u5c0f\uff0c\u65e0\u6cd5\u4e0b\u5355", "status": "failed"}}
{"ts": "2025-09-25 23:44:55", "op": "PlaceIncrementalOrders", "src": "COMMON", "det": {"symbol": "IP_USDC_PERP", "action": "buy", "price": 8.517, "sizes": 0.1, "order_id": "10501111661"}}
{"ts": "2025-09-25 23:44:55", "op": "SetCoinPosition AlignTo", "src": "COMMON", "det": {"symbol": "IP_USDC_PERP", "target_amount": -138.08256921, "open_position": -138.811916061, "diff": -0.7293468510000025, "order_id": ["10501111661"], "status": "success"}}
{"ts": "2025-09-25 23:44:57", "op": "PlaceIncrementalOrders", "src": "COMMON", "det": {"symbol": "HYPE_USDC_PERP", "action": "sell", "price": 41.272, "sizes": 1.74, "order_id": "10501116216"}}
{"ts": "2025-09-25 23:44:57", "op": "SetCoinPosition AlignTo", "src": "COMMON", "det": {"symbol": "HYPE_USDC_PERP", "target_amount": -138.08256921, "open_position": -66.4469961981, "diff": 71.63557301190001, "order_id": ["10501116216"], "status": "success"}}
{"ts": "2025-09-25 23:44:59", "op": "PlaceIncrementalOrders", "src": "COMMON", "det": {"symbol": "BNB_USDC_PERP", "action": "sell", "price": 994.53, "sizes": 0.001, "order_id": "10501120974"}}
{"ts": "2025-09-25 23:44:59", "op": "SetCoinPosition AlignTo", "src": "COMMON", "det": {"symbol": "BNB_USDC_PERP", "target_amount": 288.1723183513044, "open_position": 289.46606905233, "diff": 1.2937507010256013, "order_id": ["10501120974"], "status": "success"}}
{"ts": "2025-09-25 23:45:01", "op": "PlaceIncrementalOrders", "src": "COMMON", "det": {"symbol": "AVAX_USDC_PERP", "action": "sell", "price": 30.26, "sizes": 3.87, "order_id": "10501127183"}}
{"ts": "2025-09-25 23:45:01", "op": "SetCoinPosition AlignTo", "src": "COMMON", "det": {"symbol": "AVAX_USDC_PERP", "target_amount": -138.08256921, "open_position": -20.889776082, "diff": 117.192793128, "order_id": ["10501127183"], "status": "success"}}
{"ts": "2025-09-25 23:45:03", "op": "PlaceIncrementalOrders", "src": "COMMON", "det": {"symbol": "ONDO_USDC_PERP", "action": "buy", "price": 0.8978, "sizes": 0.3, "order_id": "10501132048"}}
{"ts": "2025-09-25 23:45:03", "op": "SetCoinPosition AlignTo", "src": "COMMON", "det": {"symbol": "ONDO_USDC_PERP", "target_amount": -138.08256921, "open_position": -138.371056974, "diff": -0.28848776399999565, "order_id": ["10501132048"], "status": "success"}}
{"ts": "2025-09-25 23:45:05", "op": "PlaceIncrementalOrders", "src": "COMMON", "det": {"symbol": "ARB_USDC_PERP", "action": "buy", "price": 0.4224, "sizes": 1.0, "order_id": "10501137522"}}
{"ts": "2025-09-25 23:45:05", "op": "SetCoinPosition AlignTo", "src": "COMMON", "det": {"symbol": "ARB_USDC_PERP", "target_amount": -138.08256921, "open_position": -138.511680208, "diff": -0.42911099799999874, "order_id": ["10501137522"], "status": "success"}}
{"ts": "2025-09-25 23:45:07", "op": "PlaceIncrementalOrders", "src": "COMMON", "det": {"symbol": "AAVE_USDC_PERP", "action": "buy", "price": 269.09, "sizes": 0.01, "order_id": "10501144089"}}
{"ts": "2025-09-25 23:45:07", "op": "SetCoinPosition AlignTo", "src": "COMMON", "det": {"symbol": "AAVE_USDC_PERP", "target_amount": -138.08256921, "open_position": -139.902304542, "diff": -1.8197353319999934, "order_id": ["10501144089"], "status": "success"}}
{"ts": "2025-09-25 23:45:09", "op": "PlaceIncrementalOrders", "src": "COMMON", "det": {"symbol": "DOT_USDC_PERP", "action": "buy", "price": 3.928, "sizes": 0.1, "order_id": "10501150498"}}
{"ts": "2025-09-25 23:45:09", "op": "SetCoinPosition AlignTo", "src": "COMMON", "det": {"symbol": "DOT_USDC_PERP", "target_amount": -138.08256921, "open_position": -138.317690368, "diff": -0.23512115799999833, "order_id": ["10501150498"], "status": "success"}}
{"ts": "2025-09-25 23:45:11", "op": "PlaceIncrementalOrders", "src": "COMMON", "det": {"symbol": "NEAR_USDC_PERP", "action": "sell", "price": 2.8637, "sizes": 1.0, "order_id": "10501155834"}}
{"ts": "2025-09-25 23:45:11", "op": "SetCoinPosition AlignTo", "src": "COMMON", "det": {"symbol": "NEAR_USDC_PERP", "target_amount": -138.08256921, "open_position": -137.47306272, "diff": 0.6095064900000011, "order_id": ["10501155834"], "status": "success"}}
{"ts": "2025-09-25 23:45:13", "op": "PlaceIncrementalOrders", "src": "COMMON", "det": {"symbol": "OP_USDC_PERP", "action": "sell", "price": 0.668, "sizes": 180.0, "order_id": "10501162423"}}
{"ts": "2025-09-25 23:45:13", "op": "SetCoinPosition AlignTo", "src": "COMMON", "det": {"symbol": "OP_USDC_PERP", "target_amount": -138.08256921, "open_position": -20.03487, "diff": 118.04769921, "order_id": ["10501162423"], "status": "success"}}
{"ts": "2025-09-25 23:45:14", "op": "PlaceIncrementalOrders", "src": "COMMON", "det": {"symbol": "PENGU_USDC_PERP", "error": "\u8ba2\u5355\u91d1\u989d\u8fc7\u5c0f\uff0c\u65e0\u6cd5\u4e0b\u5355"}}
{"ts": "2025-09-25 23:45:14", "op": "SetCoinPosition AlignTo", "src": "COMMON", "det": {"symbol": "PENGU_USDC_PERP", "target_amount": -138.08256921, "open_position": -137.920986, "diff": 0.16158321000000342, "error": "\u8ba2\u5355\u91d1\u989d\u8fc7\u5c0f\uff0c\u65e0\u6cd5\u4e0b\u5355", "status": "failed"}}
{"ts": "2025-09-25 23:45:15", "op": "PlaceIncrementalOrders", "src": "COMMON", "det": {"symbol": "TIA_USDC_PERP", "error": "\u8ba2\u5355\u91d1\u989d\u8fc7\u5c0f\uff0c\u65e0\u6cd5\u4e0b\u5355"}}
{"ts": "2025-09-25 23:45:15", "op": "SetCoinPosition AlignTo", "src": "COMMON", "det": {"symbol": "TIA_USDC_PERP", "target_amount": -138.08256921, "open_position": -137.94713828, "diff": 0.1354309300000125, "error": "\u8ba2\u5355\u91d1\u989d\u8fc7\u5c0f\uff0c\u65e0\u6cd5\u4e0b\u5355", "status": "failed"}}
{"ts": "2025-09-25 23:45:17", "op": "PlaceIncrementalOrders", "src": "COMMON", "det": {"symbol": "UNI_USDC_PERP", "action": "sell", "price": 7.666, "sizes": 15.3, "order_id": "10501174899"}}
{"ts": "2025-09-25 23:45:17", "op": "SetCoinPosition AlignTo", "src": "COMMON", "det": {"symbol": "UNI_USDC_PERP", "target_amount": -138.08256921, "open_position": -20.705749929, "diff": 117.376819281, "order_id": ["10501174899"], "status": "success"}}
{"ts": "2025-09-25 23:45:19", "op": "PlaceIncrementalOrders", "src": "COMMON", "det": {"symbol": "CRV_USDC_PERP", "action": "sell", "price": 0.6754, "sizes": 10.0, "order_id": "10501181075"}}
{"ts": "2025-09-25 23:45:19", "op": "SetCoinPosition AlignTo", "src": "COMMON", "det": {"symbol": "CRV_USDC_PERP", "target_amount": -138.08256921, "open_position": -135.158542, "diff": 2.9240272099999913, "order_id": ["10501181075"], "status": "success"}}
{"ts": "2025-09-25 23:45:21", "op": "PlaceIncrementalOrders", "src": "COMMON", "det": {"symbol": "TON_USDC_PERP", "action": "buy", "price": 2.7563, "sizes": 0.1, "order_id": "10501188840"}}
{"ts": "2025-09-25 23:45:21", "op": "SetCoinPosition AlignTo", "src": "COMMON", "det": {"symbol": "TON_USDC_PERP", "target_amount": -138.08256921, "open_position": -138.431228338, "diff": -0.3486591280000084, "order_id": ["10501188840"], "status": "success"}}
{"ts": "2025-09-25 23:45:23", "op": "PlaceIncrementalOrders", "src": "COMMON", "det": {"symbol": "HBAR_USDC_PERP", "action": "sell", "price": 0.21471, "sizes": 540.0, "order_id": "10501195571"}}
{"ts": "2025-09-25 23:45:23", "op": "SetCoinPosition AlignTo", "src": "COMMON", "det": {"symbol": "HBAR_USDC_PERP", "target_amount": -138.08256921, "open_position": -21.478752, "diff": 116.60381721, "order_id": ["10501195571"], "status": "success"}}
{"ts": "2025-09-25 23:45:24", "op": "PlaceIncrementalOrders", "src": "COMMON", "det": {"symbol": "XLM_USDC_PERP", "action": "sell", "price": 0.36052, "sizes": 320.0, "order_id": "10501201117"}}
{"ts": "2025-09-25 23:45:24", "op": "SetCoinPosition AlignTo", "src": "COMMON", "det": {"symbol": "XLM_USDC_PERP", "target_amount": -138.08256921, "open_position": -21.6544056, "diff": 116.42816361, "order_id": ["10501201117"], "status": "success"}}
{"ts": "2025-09-25 23:45:26", "op": "PlaceIncrementalOrders", "src": "COMMON", "det": {"symbol": "APT_USDC_PERP", "action": "sell", "price": 4.087, "sizes": 28.7, "order_id": "10501207791"}}
{"ts": "2025-09-25 23:45:26", "op": "SetCoinPosition AlignTo", "src": "COMMON", "det": {"symbol": "APT_USDC_PERP", "target_amount": -138.08256921, "open_position": -20.842513995, "diff": 117.240055215, "order_id": ["10501207791"], "status": "success"}}
{"ts": "2025-09-25 23:45:28", "op": "PlaceIncrementalOrders", "src": "COMMON", "det": {"symbol": "WLD_USDC_PERP", "action": "sell", "price": 1.2537, "sizes": 93.0, "order_id": "10501213040"}}
{"ts": "2025-09-25 23:45:28", "op": "SetCoinPosition AlignTo", "src": "COMMON", "det": {"symbol": "WLD_USDC_PERP", "target_amount": -138.08256921, "open_position": -21.31651471, "diff": 116.7660545, "order_id": ["10501213040"], "status": "success"}}
{"ts": "2025-09-25 23:59:40", "op": "PlaceIncrementalOrders", "src": "COMMON", "det": {"symbol": "SOL_USDC_PERP", "action": "buy", "price": 200.95, "sizes": 0.01, "order_id": "10503567027"}}
{"ts": "2025-09-25 23:59:40", "op": "SetCoinPosition AlignTo", "src": "COMMON", "det": {"symbol": "SOL_USDC_PERP", "target_amount": 433.6886407147827, "open_position": 432.0493524155, "diff": -1.6392882992827253, "order_id": ["10503567027"], "status": "success"}}
{"ts": "2025-09-25 23:59:42", "op": "PlaceIncrementalOrders", "src": "COMMON", "det": {"symbol": "BTC_USDC_PERP", "action": "buy", "price": 111555.4, "sizes": 0.0001, "order_id": "10503572937"}}
{"ts": "2025-09-25 23:59:42", "op": "SetCoinPosition AlignTo", "src": "COMMON", "det": {"symbol": "BTC_USDC_PERP", "target_amount": 1445.6288023826087, "open_position": 1439.100189981348, "diff": -6.528612401260716, "order_id": ["10503572937"], "status": "success"}}
{"ts": "2025-09-25 23:59:44", "op": "PlaceIncrementalOrders", "src": "COMMON", "det": {"symbol": "ETH_USDC_PERP", "action": "buy", "price": 4000.83, "sizes": 0.0004, "order_id": "10503577185"}}
{"ts": "2025-09-25 23:59:44", "op": "SetCoinPosition AlignTo", "src": "COMMON", "det": {"symbol": "ETH_USDC_PERP", "target_amount": 433.6886407147827, "open_position": 432.09815729688, "diff": -1.5904834179027034, "order_id": ["10503577185"], "status": "success"}}
{"ts": "2025-09-25 23:59:46", "op": "PlaceIncrementalOrders", "src": "COMMON", "det": {"symbol": "XRP_USDC_PERP", "action": "buy", "price": 2.8294, "sizes": 0.3221, "order_id": "10503581674"}}
{"ts": "2025-09-25 23:59:46", "op": "SetCoinPosition AlignTo", "src": "COMMON", "det": {"symbol": "XRP_USDC_PERP", "target_amount": 289.1257604765218, "open_position": 288.214435194201, "diff": -0.9113252823208313, "order_id": ["10503581674"], "status": "success"}}
{"ts": "2025-09-25 23:59:48", "op": "PlaceIncrementalOrders", "src": "COMMON", "det": {"symbol": "SUI_USDC_PERP", "action": "sell", "price": 3.2106, "sizes": 0.01, "order_id": "10503586327"}}
{"ts": "2025-09-25 23:59:48", "op": "SetCoinPosition AlignTo", "src": "COMMON", "det": {"symbol": "SUI_USDC_PERP", "target_amount": -138.539426895, "open_position": -138.5208605598, "diff": 0.018566335199977857, "order_id": ["10503586327"], "status": "success"}}
{"ts": "2025-09-25 23:59:50", "op": "PlaceIncrementalOrders", "src": "COMMON", "det": {"symbol": "DOGE_USDC_PERP", "action": "buy", "price": 0.23114, "sizes": 4.6, "order_id": "10503592060"}}
{"ts": "2025-09-25 23:59:50", "op": "SetCoinPosition AlignTo", "src": "COMMON", "det": {"symbol": "DOGE_USDC_PERP", "target_amount": 433.6886407147827, "open_position": 432.6242725, "diff": -1.0643682147826894, "order_id": ["10503592060"], "status": "success"}}
{"ts": "2025-09-25 23:59:52", "op": "PlaceIncrementalOrders", "src": "COMMON", "det": {"symbol": "JUP_USDC_PERP", "action": "sell", "price": 0.4471, "sizes": 1.1, "order_id": "10503596764"}}
{"ts": "2025-09-25 23:59:52", "op": "SetCoinPosition AlignTo", "src": "COMMON", "det": {"symbol": "JUP_USDC_PERP", "target_amount": -138.539426895, "open_position": -138.0542896, "diff": 0.48513729499998703, "order_id": ["10503596764"], "status": "success"}}
{"ts": "2025-09-25 23:59:54", "op": "PlaceIncrementalOrders", "src": "COMMON", "det": {"symbol": "TRUMP_USDC_PERP", "action": "sell", "price": 7.591, "sizes": 0.07, "order_id": "10503601892"}}
{"ts": "2025-09-25 23:59:54", "op": "SetCoinPosition AlignTo", "src": "COMMON", "det": {"symbol": "TRUMP_USDC_PERP", "target_amount": -138.539426895, "open_position": -137.9876734927, "diff": 0.5517534022999939, "order_id": ["10503601892"], "status": "success"}}
{"ts": "2025-09-25 23:59:56", "op": "PlaceIncrementalOrders", "src": "COMMON", "det": {"symbol": "LTC_USDC_PERP", "action": "buy", "price": 104.52, "sizes": 0.1, "order_id": "10503606491"}}
{"ts": "2025-09-25 23:59:56", "op": "SetCoinPosition AlignTo", "src": "COMMON", "det": {"symbol": "LTC_USDC_PERP", "target_amount": -138.539426895, "open_position": -146.298107046, "diff": -7.758680151000021, "order_id": ["10503606491"], "status": "success"}}
{"ts": "2025-09-25 23:59:58", "op": "PlaceIncrementalOrders", "src": "COMMON", "det": {"symbol": "ADA_USDC_PERP", "action": "sell", "price": 0.7902, "sizes": 150.0, "order_id": "10503611039"}}
{"ts": "2025-09-25 23:59:58", "op": "SetCoinPosition AlignTo", "src": "COMMON", "det": {"symbol": "ADA_USDC_PERP", "target_amount": -138.539426895, "open_position": -23.7156912, "diff": 114.823735695, "order_id": ["10503611039"], "status": "success"}}
{"ts": "2025-09-26 00:00:00", "op": "PlaceIncrementalOrders", "src": "COMMON", "det": {"symbol": "LINK_USDC_PERP", "action": "sell", "price": 20.887, "sizes": 0.1, "order_id": "10503615631"}}
{"ts": "2025-09-26 00:00:00", "op": "SetCoinPosition AlignTo", "src": "COMMON", "det": {"symbol": "LINK_USDC_PERP", "target_amount": -138.539426895, "open_position": -137.82552993, "diff": 0.7138969650000035, "order_id": ["10503615631"], "status": "success"}}
{"ts": "2025-09-26 00:00:02", "op": "PlaceIncrementalOrders", "src": "COMMON", "det": {"symbol": "IP_USDC_PERP", "action": "buy", "price": 8.5627, "sizes": 0.1, "order_id": "10503620065"}}
{"ts": "2025-09-26 00:00:02", "op": "SetCoinPosition AlignTo", "src": "COMMON", "det": {"symbol": "IP_USDC_PERP", "target_amount": -138.539426895, "open_position": -138.903483582, "diff": -0.3640566870000157, "order_id": ["10503620065"], "status": "success"}}
{"ts": "2025-09-26 00:00:04", "op": "PlaceIncrementalOrders", "src": "COMMON", "det": {"symbol": "HYPE_USDC_PERP", "action": "buy", "price": 41.725, "sizes": 0.03, "order_id": "10503621857"}}
{"ts": "2025-09-26 00:00:04", "op": "SetCoinPosition AlignTo", "src": "COMMON", "det": {"symbol": "HYPE_USDC_PERP", "target_amount": -138.539426895, "open_position": -139.730212386, "diff": -1.190785491000014, "order_id": ["10503621857"], "status": "success"}}
{"ts": "2025-09-26 00:00:06", "op": "PlaceIncrementalOrders", "src": "COMMON", "det": {"symbol": "BNB_USDC_PERP", "action": "buy", "price": 995.0, "sizes": 0.001, "order_id": "10503625490"}}
{"ts": "2025-09-26 00:00:06", "op": "SetCoinPosition AlignTo", "src": "COMMON", "det": {"symbol": "BNB_USDC_PERP", "target_amount": 289.1257604765218, "open_position": 288.56339162, "diff": -0.5623688565218004, "order_id": ["10503625490"], "status": "success"}}
{"ts": "2025-09-26 00:00:08", "op": "PlaceIncrementalOrders", "src": "COMMON", "det": {"symbol": "AVAX_USDC_PERP", "action": "sell", "price": 30.247, "sizes": 0.02, "order_id": "10503629228"}}
{"ts": "2025-09-26 00:00:08", "op": "SetCoinPosition AlignTo", "src": "COMMON", "det": {"symbol": "AVAX_USDC_PERP", "target_amount": -138.539426895, "open_position": -137.9590985568, "diff": 0.5803283381999904, "order_id": ["10503629228"], "status": "success"}}
{"ts": "2025-09-26 00:00:10", "op": "PlaceIncrementalOrders", "src": "COMMON", "det": {"symbol": "ONDO_USDC_PERP", "action": "sell", "price": 0.8973, "sizes": 0.7, "order_id": "10503633562"}}
{"ts": "2025-09-26 00:00:10", "op": "SetCoinPosition AlignTo", "src": "COMMON", "det": {"symbol": "ONDO_USDC_PERP", "target_amount": -138.539426895, "open_position": -137.953022049, "diff": 0.5864048459999935, "order_id": ["10503633562"], "status": "success"}}
{"ts": "2025-09-26 00:00:12", "op": "PlaceIncrementalOrders", "src": "COMMON", "det": {"symbol": "ARB_USDC_PERP", "action": "sell", "price": 0.4227, "sizes": 1.0, "order_id": "10503636024"}}
{"ts": "2025-09-26 00:00:12", "op": "SetCoinPosition AlignTo", "src": "COMMON", "det": {"symbol": "ARB_USDC_PERP", "target_amount": -138.539426895, "open_position": -138.12533702, "diff": 0.41408987500000194, "order_id": ["10503636024"], "status": "success"}}
{"ts": "2025-09-26 00:00:14", "op": "PlaceIncrementalOrders", "src": "COMMON", "det": {"symbol": "AAVE_USDC_PERP", "action": "sell", "price": 268.67, "sizes": 0.01, "order_id": "10503639484"}}
{"ts": "2025-09-26 00:00:14", "op": "SetCoinPosition AlignTo", "src": "COMMON", "det": {"symbol": "AAVE_USDC_PERP", "target_amount": -138.539426895, "open_position": -136.9809780555, "diff": 1.558448839499988, "order_id": ["10503639484"], "status": "success"}}
{"ts": "2025-09-26 00:00:16", "op": "PlaceIncrementalOrders", "src": "COMMON", "det": {"symbol": "DOT_USDC_PERP", "action": "sell", "price": 3.932, "sizes": 0.1, "order_id": "10503645759"}}
{"ts": "2025-09-26 00:00:16", "op": "SetCoinPosition AlignTo", "src": "COMMON", "det": {"symbol": "DOT_USDC_PERP", "target_amount": -138.539426895, "open_position": -137.950912593, "diff": 0.588514301999993, "order_id": ["10503645759"], "status": "success"}}
{"ts": "2025-09-26 00:00:18", "op": "PlaceIncrementalOrders", "src": "COMMON", "det": {"symbol": "NEAR_USDC_PERP", "action": "sell", "price": 2.868, "sizes": 1.0, "order_id": "10503651229"}}
{"ts": "2025-09-26 00:00:18", "op": "SetCoinPosition AlignTo", "src": "COMMON", "det": {"symbol": "NEAR_USDC_PERP", "target_amount": -138.539426895, "open_position": -137.51740224, "diff": 1.0220246549999956, "order_id": ["10503651229"], "status": "success"}}
{"ts": "2025-09-26 00:00:20", "op": "PlaceIncrementalOrders", "src": "COMMON", "det": {"symbol": "OP_USDC_PERP", "action": "sell", "price": 0.6697, "sizes": 180.0, "order_id": "10503656994"}}
{"ts": "2025-09-26 00:00:20", "op": "SetCoinPosition AlignTo", "src": "COMMON", "det": {"symbol": "OP_USDC_PERP", "target_amount": -138.539426895, "open_position": -20.0610963, "diff": 118.47833059499999, "order_id": ["10503656994"], "status": "success"}}
{"ts": "2025-09-26 00:00:21", "op": "PlaceIncrementalOrders", "src": "COMMON", "det": {"symbol": "PENGU_USDC_PERP", "error": "\u8ba2\u5355\u91d1\u989d\u8fc7\u5c0f\uff0c\u65e0\u6cd5\u4e0b\u5355"}}
{"ts": "2025-09-26 00:00:21", "op": "SetCoinPosition AlignTo", "src": "COMMON", "det": {"symbol": "PENGU_USDC_PERP", "target_amount": -138.539426895, "open_position": -138.070681, "diff": 0.46874589499998365, "error": "\u8ba2\u5355\u91d1\u989d\u8fc7\u5c0f\uff0c\u65e0\u6cd5\u4e0b\u5355", "status": "failed"}}
{"ts": "2025-09-26 00:00:23", "op": "PlaceIncrementalOrders", "src": "COMMON", "det": {"symbol": "TIA_USDC_PERP", "action": "sell", "price": 1.4101, "sizes": 1.0, "order_id": "10503664349"}}
{"ts": "2025-09-26 00:00:23", "op": "SetCoinPosition AlignTo", "src": "COMMON", "det": {"symbol": "TIA_USDC_PERP", "target_amount": -138.539426895, "open_position": -138.04258048, "diff": 0.49684641499999316, "order_id": ["10503664349"], "status": "success"}}
{"ts": "2025-09-26 00:00:25", "op": "PlaceIncrementalOrders", "src": "COMMON", "det": {"symbol": "UNI_USDC_PERP", "action": "sell", "price": 7.671, "sizes": 0.1, "order_id": "10503669391"}}
{"ts": "2025-09-26 00:00:25", "op": "SetCoinPosition AlignTo", "src": "COMMON", "det": {"symbol": "UNI_USDC_PERP", "target_amount": -138.539426895, "open_position": -138.27258324, "diff": 0.2668436550000024, "order_id": ["10503669391"], "status": "success"}}
{"ts": "2025-09-26 00:00:27", "op": "PlaceIncrementalOrders", "src": "COMMON", "det": {"symbol": "CRV_USDC_PERP", "action": "buy", "price": 0.6767, "sizes": 10.0, "order_id": "10503674537"}}
{"ts": "2025-09-26 00:00:27", "op": "SetCoinPosition AlignTo", "src": "COMMON", "det": {"symbol": "CRV_USDC_PERP", "target_amount": -138.539426895, "open_position": -141.9846267, "diff": -3.4451998050000157, "order_id": ["10503674537"], "status": "success"}}
{"ts": "2025-09-26 00:00:29", "op": "PlaceIncrementalOrders", "src": "COMMON", "det": {"symbol": "TON_USDC_PERP", "action": "sell", "price": 2.7635, "sizes": 0.1, "order_id": "10503680955"}}
{"ts": "2025-09-26 00:00:29", "op": "SetCoinPosition AlignTo", "src": "COMMON", "det": {"symbol": "TON_USDC_PERP", "target_amount": -138.539426895, "open_position": -138.355747677, "diff": 0.18367921799998044, "order_id": ["10503680955"], "status": "success"}}
{"ts": "2025-09-26 00:00:31", "op": "PlaceIncrementalOrders", "src": "COMMON", "det": {"symbol": "HBAR_USDC_PERP", "action": "sell", "price": 0.21509, "sizes": 10.0, "order_id": "10503686338"}}
{"ts": "2025-09-26 00:00:31", "op": "SetCoinPosition AlignTo", "src": "COMMON", "det": {"symbol": "HBAR_USDC_PERP", "target_amount": -138.539426895, "open_position": -137.6297024, "diff": 0.9097244949999777, "order_id": ["10503686338"], "status": "success"}}
{"ts": "2025-09-26 00:00:33", "op": "PlaceIncrementalOrders", "src": "COMMON", "det": {"symbol": "XLM_USDC_PERP", "action": "sell", "price": 0.36097, "sizes": 320.0, "order_id": "10503690085"}}
{"ts": "2025-09-26 00:00:33", "op": "SetCoinPosition AlignTo", "src": "COMMON", "det": {"symbol": "XLM_USDC_PERP", "target_amount": -138.539426895, "open_position": -21.6463104, "diff": 116.89311649499999, "order_id": ["10503690085"], "status": "success"}}
{"ts": "2025-09-26 00:00:35", "op": "PlaceIncrementalOrders", "src": "COMMON", "det": {"symbol": "APT_USDC_PERP", "action": "sell", "price": 4.092, "sizes": 0.1, "order_id": "10503696202"}}
{"ts": "2025-09-26 00:00:35", "op": "SetCoinPosition AlignTo", "src": "COMMON", "det": {"symbol": "APT_USDC_PERP", "target_amount": -138.539426895, "open_position": -138.291272964, "diff": 0.24815393099999028, "order_id": ["10503696202"], "status": "success"}}
{"ts": "2025-09-26 00:00:37", "op": "PlaceIncrementalOrders", "src": "COMMON", "det": {"symbol": "WLD_USDC_PERP", "action": "sell", "price": 1.2573, "sizes": 1.0, "order_id": "10503701225"}}
{"ts": "2025-09-26 00:00:37", "op": "SetCoinPosition AlignTo", "src": "COMMON", "det": {"symbol": "WLD_USDC_PERP", "target_amount": -138.539426895, "open_position": -138.2549883, "diff": 0.28443859499998325, "order_id": ["10503701225"], "status": "success"}}
