{"ts": "2025-09-25 22:40:25", "op": "PlaceIncrementalOrders", "src": "COMMON", "det": {"symbol": "SOL_USDC_PERP", "action": "buy", "price": 202.94, "sizes": 3.6, "order_id": "10490124640"}}
{"ts": "2025-09-25 22:40:25", "op": "SetCoinPosition AlignTo", "src": "COMMON", "det": {"symbol": "SOL_USDC_PERP", "target_amount": 1531.1668188326742, "open_position": 801.4213711615, "diff": -729.7454476711741, "order_id": ["10490124640"], "status": "success"}}
{"ts": "2025-09-25 22:40:27", "op": "PlaceIncrementalOrders", "src": "COMMON", "det": {"symbol": "BTC_USDC_PERP", "action": "buy", "price": 111488.9, "sizes": 0.0363, "order_id": "10490132327"}}
{"ts": "2025-09-25 22:40:27", "op": "SetCoinPosition AlignTo", "src": "COMMON", "det": {"symbol": "BTC_USDC_PERP", "target_amount": 5103.8893961089125, "open_position": 1060.0372615271422, "diff": -4043.8521345817703, "order_id": ["10490132327"], "status": "success"}}
{"ts": "2025-09-25 22:40:29", "op": "PlaceIncrementalOrders", "src": "COMMON", "det": {"symbol": "ETH_USDC_PERP", "action": "buy", "price": 4010.28, "sizes": 0.1813, "order_id": "10490137110"}}
{"ts": "2025-09-25 22:40:29", "op": "SetCoinPosition AlignTo", "src": "COMMON", "det": {"symbol": "ETH_USDC_PERP", "target_amount": 1531.1668188326742, "open_position": 804.000338284775, "diff": -727.1664805478991, "order_id": ["10490137110"], "status": "success"}}
{"ts": "2025-09-25 22:40:31", "op": "PlaceIncrementalOrders", "src": "COMMON", "det": {"symbol": "XRP_USDC_PERP", "action": "buy", "price": 2.8462, "sizes": 167.7876, "order_id": "10490142922"}}
{"ts": "2025-09-25 22:40:31", "op": "SetCoinPosition AlignTo", "src": "COMMON", "det": {"symbol": "XRP_USDC_PERP", "target_amount": 1020.7778792217828, "open_position": 543.220721488881, "diff": -477.5571577329017, "order_id": ["10490142922"], "status": "success"}}
{"ts": "2025-09-25 22:40:33", "op": "PlaceIncrementalOrders", "src": "COMMON", "det": {"symbol": "SUI_USDC_PERP", "action": "sell", "price": 3.2312, "sizes": 98.8, "order_id": "10490146920"}}
{"ts": "2025-09-25 22:40:33", "op": "SetCoinPosition AlignTo", "src": "COMMON", "det": {"symbol": "SUI_USDC_PERP", "target_amount": -489.1227337937708, "open_position": -169.8746374424, "diff": 319.2480963513708, "order_id": ["10490146920"], "status": "success"}}
{"ts": "2025-09-25 22:40:35", "op": "PlaceIncrementalOrders", "src": "COMMON", "det": {"symbol": "DOGE_USDC_PERP", "action": "buy", "price": 0.23262, "sizes": 4256.1, "order_id": "10490153040"}}
{"ts": "2025-09-25 22:40:35", "op": "SetCoinPosition AlignTo", "src": "COMMON", "det": {"symbol": "DOGE_USDC_PERP", "target_amount": 1531.1668188326742, "open_position": 541.121870504, "diff": -990.0449483286742, "order_id": ["10490153040"], "status": "success"}}
{"ts": "2025-09-25 22:40:37", "op": "PlaceIncrementalOrders", "src": "COMMON", "det": {"symbol": "JUP_USDC_PERP", "action": "sell", "price": 0.4522, "sizes": 667.0, "order_id": "10490159397"}}
{"ts": "2025-09-25 22:40:37", "op": "SetCoinPosition AlignTo", "src": "COMMON", "det": {"symbol": "JUP_USDC_PERP", "target_amount": -489.1227337937708, "open_position": -187.513932, "diff": 301.6088017937708, "order_id": ["10490159397"], "status": "success"}}
{"ts": "2025-09-25 22:40:40", "op": "PlaceIncrementalOrders", "src": "COMMON", "det": {"symbol": "TRUMP_USDC_PERP", "action": "sell", "price": 7.616, "sizes": 36.58, "order_id": "10490164789"}}
{"ts": "2025-09-25 22:40:40", "op": "SetCoinPosition AlignTo", "src": "COMMON", "det": {"symbol": "TRUMP_USDC_PERP", "target_amount": -489.1227337937708, "open_position": -210.5568483585, "diff": 278.56588543527084, "order_id": ["10490164789"], "status": "success"}}
{"ts": "2025-09-25 22:40:42", "op": "PlaceIncrementalOrders", "src": "COMMON", "det": {"symbol": "LTC_USDC_PERP", "action": "sell", "price": 104.8, "sizes": 2.8, "order_id": "10490170021"}}
{"ts": "2025-09-25 22:40:42", "op": "SetCoinPosition AlignTo", "src": "COMMON", "det": {"symbol": "LTC_USDC_PERP", "target_amount": -489.1227337937708, "open_position": -199.120607639, "diff": 290.0021261547708, "order_id": ["10490170021"], "status": "success"}}
{"ts": "2025-09-25 22:40:44", "op": "PlaceIncrementalOrders", "src": "COMMON", "det": {"symbol": "ADA_USDC_PERP", "action": "sell", "price": 0.7948, "sizes": 1310.0, "order_id": "10490176268"}}
{"ts": "2025-09-25 22:40:44", "op": "SetCoinPosition AlignTo", "src": "COMMON", "det": {"symbol": "ADA_USDC_PERP", "target_amount": -489.1227337937708, "open_position": 555.53475156, "diff": 1044.6574853537709, "order_id": ["10490176268"], "status": "success"}}
{"ts": "2025-09-25 22:40:46", "op": "PlaceIncrementalOrders", "src": "COMMON", "det": {"symbol": "LINK_USDC_PERP", "action": "sell", "price": 21.025, "sizes": 13.8, "order_id": "10490182116"}}
{"ts": "2025-09-25 22:40:46", "op": "SetCoinPosition AlignTo", "src": "COMMON", "det": {"symbol": "LINK_USDC_PERP", "target_amount": -489.1227337937708, "open_position": -199.548312915, "diff": 289.5744208787708, "order_id": ["10490182116"], "status": "success"}}
{"ts": "2025-09-25 22:40:48", "op": "PlaceIncrementalOrders", "src": "COMMON", "det": {"symbol": "IP_USDC_PERP", "action": "sell", "price": 8.8257, "sizes": 51.9, "order_id": "10490188823"}}
{"ts": "2025-09-25 22:40:48", "op": "SetCoinPosition AlignTo", "src": "COMMON", "det": {"symbol": "IP_USDC_PERP", "target_amount": -489.1227337937708, "open_position": -30.88601012, "diff": 458.2367236737708, "order_id": ["10490188823"], "status": "success"}}
{"ts": "2025-09-25 22:40:50", "op": "PlaceIncrementalOrders", "src": "COMMON", "det": {"symbol": "HYPE_USDC_PERP", "action": "sell", "price": 41.89, "sizes": 7.91, "order_id": "10490194098"}}
{"ts": "2025-09-25 22:40:50", "op": "SetCoinPosition AlignTo", "src": "COMMON", "det": {"symbol": "HYPE_USDC_PERP", "target_amount": -489.1227337937708, "open_position": -157.9767599722, "diff": 331.1459738215708, "order_id": ["10490194098"], "status": "success"}}
{"ts": "2025-09-25 22:40:52", "op": "PlaceIncrementalOrders", "src": "COMMON", "det": {"symbol": "BNB_USDC_PERP", "action": "buy", "price": 996.35, "sizes": 0.218, "order_id": "10490199371"}}
{"ts": "2025-09-25 22:40:52", "op": "SetCoinPosition AlignTo", "src": "COMMON", "det": {"symbol": "BNB_USDC_PERP", "target_amount": 1020.7778792217828, "open_position": 803.1617798906, "diff": -217.6160993311828, "order_id": ["10490199371"], "status": "success"}}
{"ts": "2025-09-25 22:40:55", "op": "PlaceIncrementalOrders", "src": "COMMON", "det": {"symbol": "AVAX_USDC_PERP", "action": "sell", "price": 30.37, "sizes": 10.0, "order_id": "10490204959"}}
{"ts": "2025-09-25 22:40:55", "op": "SetCoinPosition AlignTo", "src": "COMMON", "det": {"symbol": "AVAX_USDC_PERP", "target_amount": -489.1227337937708, "open_position": -185.5398238408, "diff": 303.5829099529708, "order_id": ["10490204959"], "status": "success"}}
{"ts": "2025-09-25 22:40:57", "op": "PlaceIncrementalOrders", "src": "COMMON", "det": {"symbol": "ONDO_USDC_PERP", "action": "sell", "price": 0.9013, "sizes": 321.4, "order_id": "10490209888"}}
{"ts": "2025-09-25 22:40:57", "op": "SetCoinPosition AlignTo", "src": "COMMON", "det": {"symbol": "ONDO_USDC_PERP", "target_amount": -489.1227337937708, "open_position": -199.405398472, "diff": 289.7173353217708, "order_id": ["10490209888"], "status": "success"}}
{"ts": "2025-09-25 22:40:59", "op": "PlaceIncrementalOrders", "src": "COMMON", "det": {"symbol": "ARB_USDC_PERP", "action": "sell", "price": 0.4237, "sizes": 680.2, "order_id": "10490214782"}}
{"ts": "2025-09-25 22:40:59", "op": "SetCoinPosition AlignTo", "src": "COMMON", "det": {"symbol": "ARB_USDC_PERP", "target_amount": -489.1227337937708, "open_position": -200.907797211, "diff": 288.2149365827708, "order_id": ["10490214782"], "status": "success"}}
{"ts": "2025-09-25 22:41:01", "op": "PlaceIncrementalOrders", "src": "COMMON", "det": {"symbol": "AAVE_USDC_PERP", "action": "sell", "price": 268.52, "sizes": 1.1, "order_id": "10490221373"}}
{"ts": "2025-09-25 22:41:01", "op": "SetCoinPosition AlignTo", "src": "COMMON", "det": {"symbol": "AAVE_USDC_PERP", "target_amount": -489.1227337937708, "open_position": -193.3385915592, "diff": 295.7841422345708, "order_id": ["10490221373"], "status": "success"}}
{"ts": "2025-09-25 22:41:03", "op": "PlaceIncrementalOrders", "src": "COMMON", "det": {"symbol": "DOT_USDC_PERP", "action": "sell", "price": 3.951, "sizes": 73.0, "order_id": "10490229344"}}
{"ts": "2025-09-25 22:41:03", "op": "SetCoinPosition AlignTo", "src": "COMMON", "det": {"symbol": "DOT_USDC_PERP", "target_amount": -489.1227337937708, "open_position": -200.774550952, "diff": 288.34818284177084, "order_id": ["10490229344"], "status": "success"}}
{"ts": "2025-09-25 22:41:05", "op": "PlaceIncrementalOrders", "src": "COMMON", "det": {"symbol": "NEAR_USDC_PERP", "action": "sell", "price": 2.8916, "sizes": 103.0, "order_id": "10490234935"}}
{"ts": "2025-09-25 22:41:05", "op": "SetCoinPosition AlignTo", "src": "COMMON", "det": {"symbol": "NEAR_USDC_PERP", "target_amount": -489.1227337937708, "open_position": -190.69503882, "diff": 298.4276949737708, "order_id": ["10490234935"], "status": "success"}}
{"ts": "2025-09-25 22:41:09", "op": "PlaceIncrementalOrders", "src": "COMMON", "det": {"symbol": "OP_USDC_PERP", "action": "sell", "price": 0.6716, "sizes": 420.0, "order_id": "10490245687"}}
{"ts": "2025-09-25 22:41:09", "op": "SetCoinPosition AlignTo", "src": "COMMON", "det": {"symbol": "OP_USDC_PERP", "target_amount": -489.1227337937708, "open_position": -205.27371072, "diff": 283.8490230737708, "order_id": ["10490245687"], "status": "success"}}
{"ts": "2025-09-25 22:41:11", "op": "PlaceIncrementalOrders", "src": "COMMON", "det": {"symbol": "PENGU_USDC_PERP", "action": "sell", "price": 0.028594, "sizes": 10500.0, "order_id": "10490251891"}}
{"ts": "2025-09-25 22:41:11", "op": "SetCoinPosition AlignTo", "src": "COMMON", "det": {"symbol": "PENGU_USDC_PERP", "target_amount": -489.1227337937708, "open_position": -188.654598, "diff": 300.4681357937708, "order_id": ["10490251891"], "status": "success"}}
{"ts": "2025-09-25 22:41:13", "op": "PlaceIncrementalOrders", "src": "COMMON", "det": {"symbol": "TIA_USDC_PERP", "action": "sell", "price": 1.416, "sizes": 203.0, "order_id": "10490259760"}}
{"ts": "2025-09-25 22:41:13", "op": "SetCoinPosition AlignTo", "src": "COMMON", "det": {"symbol": "TIA_USDC_PERP", "target_amount": -489.1227337937708, "open_position": -201.2167548, "diff": 287.9059789937708, "order_id": ["10490259760"], "status": "success"}}
{"ts": "2025-09-25 22:41:15", "op": "PlaceIncrementalOrders", "src": "COMMON", "det": {"symbol": "UNI_USDC_PERP", "action": "sell", "price": 7.706, "sizes": 36.5, "order_id": "10490265288"}}
{"ts": "2025-09-25 22:41:15", "op": "SetCoinPosition AlignTo", "src": "COMMON", "det": {"symbol": "UNI_USDC_PERP", "target_amount": -489.1227337937708, "open_position": -208.07922249, "diff": 281.0435113037708, "order_id": ["10490265288"], "status": "success"}}
{"ts": "2025-09-25 22:41:17", "op": "PlaceIncrementalOrders", "src": "COMMON", "det": {"symbol": "CRV_USDC_PERP", "action": "sell", "price": 0.6762, "sizes": 430.0, "order_id": "10490272308"}}
{"ts": "2025-09-25 22:41:17", "op": "SetCoinPosition AlignTo", "src": "COMMON", "det": {"symbol": "CRV_USDC_PERP", "target_amount": -489.1227337937708, "open_position": -195.66069318, "diff": 293.4620406137708, "order_id": ["10490272308"], "status": "success"}}
{"ts": "2025-09-25 22:41:19", "op": "PlaceIncrementalOrders", "src": "COMMON", "det": {"symbol": "TON_USDC_PERP", "action": "sell", "price": 2.7803, "sizes": 103.3, "order_id": "10490278260"}}
{"ts": "2025-09-25 22:41:19", "op": "SetCoinPosition AlignTo", "src": "COMMON", "det": {"symbol": "TON_USDC_PERP", "target_amount": -489.1227337937708, "open_position": -201.83553951, "diff": 287.2871942837708, "order_id": ["10490278260"], "status": "success"}}
{"ts": "2025-09-25 22:41:21", "op": "PlaceIncrementalOrders", "src": "COMMON", "det": {"symbol": "HBAR_USDC_PERP", "action": "sell", "price": 0.21608, "sizes": 1290.0, "order_id": "10490283755"}}
{"ts": "2025-09-25 22:41:21", "op": "SetCoinPosition AlignTo", "src": "COMMON", "det": {"symbol": "HBAR_USDC_PERP", "target_amount": -489.1227337937708, "open_position": -209.73885474, "diff": 279.3838790537708, "order_id": ["10490283755"], "status": "success"}}
{"ts": "2025-09-25 22:41:23", "op": "PlaceIncrementalOrders", "src": "COMMON", "det": {"symbol": "XLM_USDC_PERP", "action": "sell", "price": 0.36276, "sizes": 800.0, "order_id": "10490288929"}}
{"ts": "2025-09-25 22:41:23", "op": "SetCoinPosition AlignTo", "src": "COMMON", "det": {"symbol": "XLM_USDC_PERP", "target_amount": -489.1227337937708, "open_position": -199.18218492, "diff": 289.9405488737708, "order_id": ["10490288929"], "status": "success"}}
{"ts": "2025-09-25 22:41:25", "op": "PlaceIncrementalOrders", "src": "COMMON", "det": {"symbol": "APT_USDC_PERP", "action": "sell", "price": 4.103, "sizes": 71.3, "order_id": "10490295778"}}
{"ts": "2025-09-25 22:41:25", "op": "SetCoinPosition AlignTo", "src": "COMMON", "det": {"symbol": "APT_USDC_PERP", "target_amount": -489.1227337937708, "open_position": -196.687789031, "diff": 292.4349447627708, "order_id": ["10490295778"], "status": "success"}}
{"ts": "2025-09-25 22:41:28", "op": "PlaceIncrementalOrders", "src": "COMMON", "det": {"symbol": "WLD_USDC_PERP", "action": "sell", "price": 1.2651, "sizes": 240.0, "order_id": "10490304038"}}
{"ts": "2025-09-25 22:41:28", "op": "SetCoinPosition AlignTo", "src": "COMMON", "det": {"symbol": "WLD_USDC_PERP", "target_amount": -489.1227337937708, "open_position": -185.82593988, "diff": 303.2967939137708, "order_id": ["10490304038"], "status": "success"}}
{"ts": "2025-09-25 22:45:38", "op": "PlaceIncrementalOrders", "src": "COMMON", "det": {"symbol": "SOL_USDC_PERP", "action": "sell", "price": 203.01, "sizes": 0.01, "order_id": "10491031291"}}
{"ts": "2025-09-25 22:45:38", "op": "SetCoinPosition AlignTo", "src": "COMMON", "det": {"symbol": "SOL_USDC_PERP", "target_amount": 1531.8060314413697, "open_position": 1532.5084535815, "diff": 0.7024221401302384, "order_id": ["10491031291"], "status": "success"}}
{"ts": "2025-09-25 22:45:40", "op": "PlaceIncrementalOrders", "src": "COMMON", "det": {"symbol": "BTC_USDC_PERP", "action": "sell", "price": 111512.6, "sizes": 0.0001, "order_id": "10491039188"}}
{"ts": "2025-09-25 22:45:40", "op": "SetCoinPosition AlignTo", "src": "COMMON", "det": {"symbol": "BTC_USDC_PERP", "target_amount": 5106.020104804565, "open_position": 5108.4227210873005, "diff": 2.402616282735835, "order_id": ["10491039188"], "status": "success"}}
{"ts": "2025-09-25 22:45:42", "op": "PlaceIncrementalOrders", "src": "COMMON", "det": {"symbol": "ETH_USDC_PERP", "action": "sell", "price": 4017.07, "sizes": 0.0005, "order_id": "10491045093"}}
{"ts": "2025-09-25 22:45:42", "op": "SetCoinPosition AlignTo", "src": "COMMON", "det": {"symbol": "ETH_USDC_PERP", "target_amount": 1531.8060314413697, "open_position": 1533.715005660134, "diff": 1.9089742187643424, "order_id": ["10491045093"], "status": "success"}}
{"ts": "2025-09-25 22:45:44", "op": "PlaceIncrementalOrders", "src": "COMMON", "det": {"symbol": "XRP_USDC_PERP", "action": "sell", "price": 2.8476, "sizes": 0.1485, "order_id": "10491053349"}}
{"ts": "2025-09-25 22:45:44", "op": "SetCoinPosition AlignTo", "src": "COMMON", "det": {"symbol": "XRP_USDC_PERP", "target_amount": 1021.2040209609131, "open_position": 1021.626998559273, "diff": 0.4229775983599211, "order_id": ["10491053349"], "status": "success"}}
{"ts": "2025-09-25 22:45:46", "op": "PlaceIncrementalOrders", "src": "COMMON", "det": {"symbol": "SUI_USDC_PERP", "action": "buy", "price": 3.2336, "sizes": 0.06, "order_id": "10491059743"}}
{"ts": "2025-09-25 22:45:46", "op": "SetCoinPosition AlignTo", "src": "COMMON", "det": {"symbol": "SUI_USDC_PERP", "target_amount": -489.3269267104375, "open_position": -489.5328544182, "diff": -0.20592770776249836, "order_id": ["10491059743"], "status": "success"}}
{"ts": "2025-09-25 22:45:48", "op": "PlaceIncrementalOrders", "src": "COMMON", "det": {"symbol": "DOGE_USDC_PERP", "action": "buy", "price": 0.23239, "sizes": 10.1, "order_id": "10491066110"}}
{"ts": "2025-09-25 22:45:48", "op": "SetCoinPosition AlignTo", "src": "COMMON", "det": {"symbol": "DOGE_USDC_PERP", "target_amount": 1531.8060314413697, "open_position": 1529.458062536, "diff": -2.3479689053697257, "order_id": ["10491066110"], "status": "success"}}
{"ts": "2025-09-25 22:45:50", "op": "PlaceIncrementalOrders", "src": "COMMON", "det": {"symbol": "JUP_USDC_PERP", "action": "buy", "price": 0.4524, "sizes": 0.1, "order_id": "10491072656"}}
{"ts": "2025-09-25 22:45:50", "op": "SetCoinPosition AlignTo", "src": "COMMON", "det": {"symbol": "JUP_USDC_PERP", "target_amount": -489.3269267104375, "open_position": -489.37200212, "diff": -0.045075409562514324, "order_id": ["10491072656"], "status": "success"}}
{"ts": "2025-09-25 22:45:52", "op": "PlaceIncrementalOrders", "src": "COMMON", "det": {"symbol": "TRUMP_USDC_PERP", "action": "buy", "price": 7.626, "sizes": 0.04, "order_id": "10491079091"}}
{"ts": "2025-09-25 22:45:52", "op": "SetCoinPosition AlignTo", "src": "COMMON", "det": {"symbol": "TRUMP_USDC_PERP", "target_amount": -489.3269267104375, "open_position": -489.6512016666, "diff": -0.324274956162526, "order_id": ["10491079091"], "status": "success"}}
{"ts": "2025-09-25 22:45:54", "op": "PlaceIncrementalOrders", "src": "COMMON", "det": {"symbol": "LTC_USDC_PERP", "action": "buy", "price": 104.88, "sizes": 0.1, "order_id": "10491084910"}}
{"ts": "2025-09-25 22:45:54", "op": "SetCoinPosition AlignTo", "src": "COMMON", "det": {"symbol": "LTC_USDC_PERP", "target_amount": -489.3269267104375, "open_position": -492.962752682, "diff": -3.6358259715624968, "order_id": ["10491084910"], "status": "success"}}
{"ts": "2025-09-25 22:45:56", "op": "PlaceIncrementalOrders", "src": "COMMON", "det": {"symbol": "ADA_USDC_PERP", "action": "sell", "price": 0.7954, "sizes": 1310.0, "order_id": "10491090891"}}
{"ts": "2025-09-25 22:45:56", "op": "SetCoinPosition AlignTo", "src": "COMMON", "det": {"symbol": "ADA_USDC_PERP", "target_amount": -489.3269267104375, "open_position": 556.01596413, "diff": 1045.3428908404376, "order_id": ["10491090891"], "status": "success"}}
{"ts": "2025-09-25 22:45:58", "op": "PlaceIncrementalOrders", "src": "COMMON", "det": {"symbol": "LINK_USDC_PERP", "action": "buy", "price": 21.031, "sizes": 0.1, "order_id": "10491096046"}}
{"ts": "2025-09-25 22:45:58", "op": "SetCoinPosition AlignTo", "src": "COMMON", "det": {"symbol": "LINK_USDC_PERP", "target_amount": -489.3269267104375, "open_position": -490.060241254, "diff": -0.7333145435625283, "order_id": ["10491096046"], "status": "success"}}
{"ts": "2025-09-25 22:46:01", "op": "PlaceIncrementalOrders", "src": "COMMON", "det": {"symbol": "IP_USDC_PERP", "action": "sell", "price": 8.7799, "sizes": 0.3, "order_id": "10491102053"}}
{"ts": "2025-09-25 22:46:01", "op": "SetCoinPosition AlignTo", "src": "COMMON", "det": {"symbol": "IP_USDC_PERP", "target_amount": -489.3269267104375, "open_position": -486.869455528, "diff": 2.457471182437473, "order_id": ["10491102053"], "status": "success"}}
{"ts": "2025-09-25 22:46:02", "op": "PlaceIncrementalOrders", "src": "COMMON", "det": {"symbol": "HYPE_USDC_PERP", "action": "sell", "price": 41.609, "sizes": 0.06, "order_id": "10491106870"}}
{"ts": "2025-09-25 22:46:02", "op": "SetCoinPosition AlignTo", "src": "COMMON", "det": {"symbol": "HYPE_USDC_PERP", "target_amount": -489.3269267104375, "open_position": -486.6436034944, "diff": 2.683323216037479, "order_id": ["10491106870"], "status": "success"}}
{"ts": "2025-09-25 22:46:04", "op": "PlaceIncrementalOrders", "src": "COMMON", "det": {"symbol": "BNB_USDC_PERP", "action": "buy", "price": 996.33, "sizes": 0.001, "order_id": "10491112851"}}
{"ts": "2025-09-25 22:46:04", "op": "SetCoinPosition AlignTo", "src": "COMMON", "det": {"symbol": "BNB_USDC_PERP", "target_amount": 1021.2040209609131, "open_position": 1020.65407081472, "diff": -0.5499501461931686, "order_id": ["10491112851"], "status": "success"}}
{"ts": "2025-09-25 22:46:06", "op": "PlaceIncrementalOrders", "src": "COMMON", "det": {"symbol": "AVAX_USDC_PERP", "action": "buy", "price": 30.413, "sizes": 0.02, "order_id": "10491121161"}}
{"ts": "2025-09-25 22:46:06", "op": "SetCoinPosition AlignTo", "src": "COMMON", "det": {"symbol": "AVAX_USDC_PERP", "target_amount": -489.3269267104375, "open_position": -489.9938793102, "diff": -0.6669525997625101, "order_id": ["10491121161"], "status": "success"}}
{"ts": "2025-09-25 22:46:08", "op": "PlaceIncrementalOrders", "src": "COMMON", "det": {"symbol": "ONDO_USDC_PERP", "action": "sell", "price": 0.901, "sizes": 0.1, "order_id": "10491129837"}}
{"ts": "2025-09-25 22:46:08", "op": "SetCoinPosition AlignTo", "src": "COMMON", "det": {"symbol": "ONDO_USDC_PERP", "target_amount": -489.3269267104375, "open_position": -489.218458548, "diff": 0.10846816243747526, "order_id": ["10491129837"], "status": "success"}}
{"ts": "2025-09-25 22:46:10", "op": "PlaceIncrementalOrders", "src": "COMMON", "det": {"symbol": "ARB_USDC_PERP", "action": "buy", "price": 0.424, "sizes": 0.3, "order_id": "10491136006"}}
{"ts": "2025-09-25 22:46:10", "op": "SetCoinPosition AlignTo", "src": "COMMON", "det": {"symbol": "ARB_USDC_PERP", "target_amount": -489.3269267104375, "open_position": -489.452830881, "diff": -0.125904170562535, "order_id": ["10491136006"], "status": "success"}}
{"ts": "2025-09-25 22:46:11", "op": "PlaceIncrementalOrders", "src": "COMMON", "det": {"symbol": "AAVE_USDC_PERP", "error": "\u8ba2\u5355\u91d1\u989d\u8fc7\u5c0f\uff0c\u65e0\u6cd5\u4e0b\u5355"}}
{"ts": "2025-09-25 22:46:11", "op": "SetCoinPosition AlignTo", "src": "COMMON", "det": {"symbol": "AAVE_USDC_PERP", "target_amount": -489.3269267104375, "open_position": -489.4057601524, "diff": -0.07883344196250164, "error": "\u8ba2\u5355\u91d1\u989d\u8fc7\u5c0f\uff0c\u65e0\u6cd5\u4e0b\u5355", "status": "failed"}}
{"ts": "2025-09-25 22:46:13", "op": "PlaceIncrementalOrders", "src": "COMMON", "det": {"symbol": "DOT_USDC_PERP", "action": "buy", "price": 3.956, "sizes": 0.1, "order_id": "10491144023"}}
{"ts": "2025-09-25 22:46:13", "op": "SetCoinPosition AlignTo", "src": "COMMON", "det": {"symbol": "DOT_USDC_PERP", "target_amount": -489.3269267104375, "open_position": -489.743590518, "diff": -0.41666380756254284, "order_id": ["10491144023"], "status": "success"}}
{"ts": "2025-09-25 22:46:14", "op": "PlaceIncrementalOrders", "src": "COMMON", "det": {"symbol": "NEAR_USDC_PERP", "error": "\u8ba2\u5355\u91d1\u989d\u8fc7\u5c0f\uff0c\u65e0\u6cd5\u4e0b\u5355"}}
{"ts": "2025-09-25 22:46:14", "op": "SetCoinPosition AlignTo", "src": "COMMON", "det": {"symbol": "NEAR_USDC_PERP", "target_amount": -489.3269267104375, "open_position": -489.48588611, "diff": -0.1589593995625478, "error": "\u8ba2\u5355\u91d1\u989d\u8fc7\u5c0f\uff0c\u65e0\u6cd5\u4e0b\u5355", "status": "failed"}}
{"ts": "2025-09-25 22:46:16", "op": "PlaceIncrementalOrders", "src": "COMMON", "det": {"symbol": "OP_USDC_PERP", "action": "sell", "price": 0.6715, "sizes": 10.0, "order_id": "10491153451"}}
{"ts": "2025-09-25 22:46:16", "op": "SetCoinPosition AlignTo", "src": "COMMON", "det": {"symbol": "OP_USDC_PERP", "target_amount": -489.3269267104375, "open_position": -487.14928152, "diff": 2.177645190437488, "order_id": ["10491153451"], "status": "success"}}
{"ts": "2025-09-25 22:46:18", "op": "PlaceIncrementalOrders", "src": "COMMON", "det": {"symbol": "PENGU_USDC_PERP", "action": "sell", "price": 0.028548, "sizes": 10500.0, "order_id": "10491159670"}}
{"ts": "2025-09-25 22:46:18", "op": "SetCoinPosition AlignTo", "src": "COMMON", "det": {"symbol": "PENGU_USDC_PERP", "target_amount": -489.3269267104375, "open_position": -188.271402, "diff": 301.05552471043745, "order_id": ["10491159670"], "status": "success"}}
{"ts": "2025-09-25 22:46:20", "op": "PlaceIncrementalOrders", "src": "COMMON", "det": {"symbol": "TIA_USDC_PERP", "error": "\u8ba2\u5355\u91d1\u989d\u8fc7\u5c0f\uff0c\u65e0\u6cd5\u4e0b\u5355"}}
{"ts": "2025-09-25 22:46:20", "op": "SetCoinPosition AlignTo", "src": "COMMON", "det": {"symbol": "TIA_USDC_PERP", "target_amount": -489.3269267104375, "open_position": -489.3764142, "diff": -0.049487489562523024, "error": "\u8ba2\u5355\u91d1\u989d\u8fc7\u5c0f\uff0c\u65e0\u6cd5\u4e0b\u5355", "status": "failed"}}
{"ts": "2025-09-25 22:46:22", "op": "PlaceIncrementalOrders", "src": "COMMON", "det": {"symbol": "UNI_USDC_PERP", "action": "buy", "price": 7.707, "sizes": 0.1, "order_id": "10491170216"}}
{"ts": "2025-09-25 22:46:22", "op": "SetCoinPosition AlignTo", "src": "COMMON", "det": {"symbol": "UNI_USDC_PERP", "target_amount": -489.3269267104375, "open_position": -489.66321422, "diff": -0.33628750956250997, "order_id": ["10491170216"], "status": "success"}}
{"ts": "2025-09-25 22:46:24", "op": "PlaceIncrementalOrders", "src": "COMMON", "det": {"symbol": "CRV_USDC_PERP", "action": "sell", "price": 0.676, "sizes": 10.0, "order_id": "10491176200"}}
{"ts": "2025-09-25 22:46:24", "op": "SetCoinPosition AlignTo", "src": "COMMON", "det": {"symbol": "CRV_USDC_PERP", "target_amount": -489.3269267104375, "open_position": -486.45226977, "diff": 2.8746569404374895, "order_id": ["10491176200"], "status": "success"}}
{"ts": "2025-09-25 22:46:26", "op": "PlaceIncrementalOrders", "src": "COMMON", "det": {"symbol": "TON_USDC_PERP", "action": "sell", "price": 2.7802, "sizes": 0.1, "order_id": "10491181265"}}
{"ts": "2025-09-25 22:46:26", "op": "SetCoinPosition AlignTo", "src": "COMMON", "det": {"symbol": "TON_USDC_PERP", "target_amount": -489.3269267104375, "open_position": -489.075885036, "diff": 0.2510416744374879, "order_id": ["10491181265"], "status": "success"}}
{"ts": "2025-09-25 22:46:27", "op": "PlaceIncrementalOrders", "src": "COMMON", "det": {"symbol": "HBAR_USDC_PERP", "action": "sell", "price": 0.21627, "sizes": 1290.0, "order_id": "10491186803"}}
{"ts": "2025-09-25 22:46:27", "op": "SetCoinPosition AlignTo", "src": "COMMON", "det": {"symbol": "HBAR_USDC_PERP", "target_amount": -489.3269267104375, "open_position": -209.92814148, "diff": 279.3987852304375, "order_id": ["10491186803"], "status": "success"}}
{"ts": "2025-09-25 22:46:29", "op": "PlaceIncrementalOrders", "src": "COMMON", "det": {"symbol": "XLM_USDC_PERP", "action": "buy", "price": 0.3636, "sizes": 10.0, "order_id": "10491193883"}}
{"ts": "2025-09-25 22:46:29", "op": "SetCoinPosition AlignTo", "src": "COMMON", "det": {"symbol": "XLM_USDC_PERP", "target_amount": -489.3269267104375, "open_position": -490.1919307, "diff": -0.8650039895625241, "order_id": ["10491193883"], "status": "success"}}
{"ts": "2025-09-25 22:46:31", "op": "PlaceIncrementalOrders", "src": "COMMON", "det": {"symbol": "APT_USDC_PERP", "action": "buy", "price": 4.102, "sizes": 0.1, "order_id": "10491199331"}}
{"ts": "2025-09-25 22:46:31", "op": "SetCoinPosition AlignTo", "src": "COMMON", "det": {"symbol": "APT_USDC_PERP", "target_amount": -489.3269267104375, "open_position": -489.421239296, "diff": -0.09431258556253397, "order_id": ["10491199331"], "status": "success"}}
{"ts": "2025-09-25 22:46:32", "op": "PlaceIncrementalOrders", "src": "COMMON", "det": {"symbol": "WLD_USDC_PERP", "error": "\u8ba2\u5355\u91d1\u989d\u8fc7\u5c0f\uff0c\u65e0\u6cd5\u4e0b\u5355"}}
{"ts": "2025-09-25 22:46:32", "op": "SetCoinPosition AlignTo", "src": "COMMON", "det": {"symbol": "WLD_USDC_PERP", "target_amount": -489.3269267104375, "open_position": -489.30067521, "diff": 0.026251500437467712, "error": "\u8ba2\u5355\u91d1\u989d\u8fc7\u5c0f\uff0c\u65e0\u6cd5\u4e0b\u5355", "status": "failed"}}
