{"ts": "2025-09-24 23:22:32", "op": "StrategyStart", "src": "Grid-Order-Management", "det": {"exchange": "backpack", "strategy": "Grid-Order-Management", "version": "3.0", "force_refresh": false}}
{"ts": "2025-09-24 23:27:15", "op": "StrategyExit", "src": "Grid-Order-Management", "det": {"reason": "Manual interrupt", "uptime": 281.55376172065735}}
{"ts": "2025-09-24 23:27:27", "op": "StrategyStart", "src": "Grid-Order-Management", "det": {"exchange": "backpack", "strategy": "Grid-Order-Management", "version": "3.0", "force_refresh": false}}
{"ts": "2025-09-24 23:37:10", "op": "StrategyExit", "src": "Grid-Order-Management", "det": {"reason": "Manual interrupt", "uptime": 583.176331281662}}
{"ts": "2025-09-24 23:37:22", "op": "StrategyStart", "src": "Grid-Order-Management", "det": {"exchange": "backpack", "strategy": "Grid-Order-Management", "version": "3.0", "force_refresh": false}}
{"ts": "2025-09-25 10:55:24", "op": "StrategyExit", "src": "Grid-Order-Management", "det": {"reason": "Manual interrupt", "uptime": 40681.87432575226}}
{"ts": "2025-09-25 10:55:34", "op": "StrategyStart", "src": "Grid-Order-Management", "det": {"exchange": "backpack", "strategy": "Grid-Order-Management", "version": "3.0", "force_refresh": false}}
{"ts": "2025-09-25 11:57:20", "op": "StrategyExit", "src": "Grid-Order-Management", "det": {"reason": "Manual interrupt", "uptime": 3705.563784837723}}
{"ts": "2025-09-25 11:57:25", "op": "StrategyStart", "src": "Grid-Order-Management", "det": {"exchange": "backpack", "strategy": "Grid-Order-Management", "version": "3.0", "force_refresh": false}}
{"ts": "2025-09-25 12:08:51", "op": "StrategyExit", "src": "Grid-Order-Management", "det": {"reason": "Manual interrupt", "uptime": 686.0110187530518}}
{"ts": "2025-09-25 12:13:47", "op": "PlaceIncrementalOrders", "src": "COMMON", "det": {"symbol": "SOL_USDC_PERP", "action": "sell", "price": 205.96, "sizes": 13.83, "order_id": "10396720857"}}
{"ts": "2025-09-25 12:13:47", "op": "SetCoinPosition AlignTo", "src": "COMMON", "det": {"symbol": "SOL_USDC_PERP", "target_amount": 47.36842105263158, "open_position": 2896.4894612094, "diff": 2849.1210401567682, "order_id": ["10396720857"], "status": "success"}}
{"ts": "2025-09-25 12:13:48", "op": "PlaceIncrementalOrders", "src": "COMMON", "det": {"symbol": "BTC_USDC_PERP", "action": "sell", "price": 112303.0, "sizes": 0.0356, "order_id": "10396726143"}}
{"ts": "2025-09-25 12:13:48", "op": "SetCoinPosition AlignTo", "src": "COMMON", "det": {"symbol": "BTC_USDC_PERP", "target_amount": 63.1578947368421, "open_position": 4065.226127224544, "diff": 4002.068232487702, "order_id": ["10396726143"], "status": "success"}}
{"ts": "2025-09-25 12:13:52", "op": "PlaceIncrementalOrders", "src": "COMMON", "det": {"symbol": "ETH_USDC_PERP", "action": "sell", "price": 4048.24, "sizes": 0.6981, "order_id": "10396739684"}}
{"ts": "2025-09-25 12:13:52", "op": "SetCoinPosition AlignTo", "src": "COMMON", "det": {"symbol": "ETH_USDC_PERP", "target_amount": 47.36842105263158, "open_position": 2873.3213775173, "diff": 2825.952956464668, "order_id": ["10396739684"], "status": "success"}}
{"ts": "2025-09-25 12:13:54", "op": "PlaceIncrementalOrders", "src": "COMMON", "det": {"symbol": "XRP_USDC_PERP", "action": "sell", "price": 2.8635, "sizes": 699.7871, "order_id": "10396746113"}}
{"ts": "2025-09-25 12:13:54", "op": "SetCoinPosition AlignTo", "src": "COMMON", "det": {"symbol": "XRP_USDC_PERP", "target_amount": 31.57894736842105, "open_position": 2035.419415678368, "diff": 2003.840468309947, "order_id": ["10396746113"], "status": "success"}}
{"ts": "2025-09-25 12:13:57", "op": "PlaceIncrementalOrders", "src": "COMMON", "det": {"symbol": "DOGE_USDC_PERP", "action": "sell", "price": 0.23537, "sizes": 12118.8, "order_id": "10396752706"}}
{"ts": "2025-09-25 12:13:57", "op": "SetCoinPosition AlignTo", "src": "COMMON", "det": {"symbol": "DOGE_USDC_PERP", "target_amount": 31.57894736842105, "open_position": 2883.988878897, "diff": 2852.409931528579, "order_id": ["10396752706"], "status": "success"}}
{"ts": "2025-09-25 12:13:59", "op": "PlaceIncrementalOrders", "src": "COMMON", "det": {"symbol": "BNB_USDC_PERP", "action": "sell", "price": 995.09, "sizes": 2.413, "order_id": "10396757863"}}
{"ts": "2025-09-25 12:13:59", "op": "SetCoinPosition AlignTo", "src": "COMMON", "det": {"symbol": "BNB_USDC_PERP", "target_amount": 47.36842105263158, "open_position": 2448.1192412918, "diff": 2400.750820239168, "order_id": ["10396757863"], "status": "success"}}
{"ts": "2025-09-25 12:15:33", "op": "StrategyStart", "src": "Grid-Order-Management", "det": {"exchange": "backpack", "strategy": "Grid-Order-Management", "version": "3.0", "force_refresh": false}}
