2025-09-24 22:42:59,205 - WARNING - Failed to fetch initial balance: float() argument must be a string or a real number, not 'dict'
2025-09-24 22:42:59,206 - INFO - ExecutionEngine initialized for backpack account 1
2025-09-24 22:42:59,206 - INFO - OP StrategyStart | {'exchange': 'backpack', 'strategy': 'Grid-Order-Management', 'version': '3.0', 'force_refresh': False}
2025-09-24 22:43:00,122 - INFO - OP StrategyExit | {'reason': 'No GridPositions found'}
2025-09-24 22:45:24,669 - WARNING - Failed to fetch initial balance: float() argument must be a string or a real number, not 'dict'
2025-09-24 22:45:24,670 - INFO - ExecutionEngine initialized for backpack account 1
2025-09-24 22:45:24,670 - INFO - OP StrategyStart | {'exchange': 'backpack', 'strategy': 'Grid-Order-Management', 'version': '3.0', 'force_refresh': False}
2025-09-24 22:47:12,163 - INFO - OP StrategyExit | {'reason': 'Manual interrupt', 'uptime': 106.57602620124817}
2025-09-24 22:51:40,697 - WARNING - Failed to fetch initial balance: float() argument must be a string or a real number, not 'dict'
2025-09-24 22:51:40,698 - INFO - ExecutionEngine initialized for backpack account 1
2025-09-24 22:51:40,698 - INFO - OP StrategyStart | {'exchange': 'backpack', 'strategy': 'Grid-Order-Management', 'version': '3.0', 'force_refresh': False}
2025-09-24 22:51:51,765 - INFO - OP StrategyExit | {'reason': 'Manual interrupt', 'uptime': 11.065391302108765}
2025-09-24 22:53:44,246 - WARNING - Failed to fetch initial balance: float() argument must be a string or a real number, not 'dict'
2025-09-24 22:53:44,246 - INFO - ExecutionEngine initialized for backpack account 1
2025-09-24 22:53:44,247 - INFO - OP StrategyStart | {'exchange': 'backpack', 'strategy': 'Grid-Order-Management', 'version': '3.0', 'force_refresh': False}
2025-09-24 22:58:14,568 - INFO - OP StrategyExit | {'reason': 'Manual interrupt', 'uptime': 270.319993019104}
2025-09-24 23:01:55,049 - WARNING - Failed to fetch initial balance: float() argument must be a string or a real number, not 'dict'
2025-09-24 23:01:55,050 - INFO - ExecutionEngine initialized for backpack account 1
2025-09-24 23:01:55,050 - INFO - OP StrategyStart | {'exchange': 'backpack', 'strategy': 'Grid-Order-Management', 'version': '3.0', 'force_refresh': False}
2025-09-24 23:02:12,997 - WARNING - Failed to fetch initial balance: float() argument must be a string or a real number, not 'dict'
2025-09-24 23:02:12,998 - INFO - ExecutionEngine initialized for backpack account 1
2025-09-24 23:02:12,998 - INFO - OP StrategyStart | {'exchange': 'backpack', 'strategy': 'Grid-Order-Management', 'version': '3.0', 'force_refresh': False}
2025-09-24 23:02:52,249 - INFO - OP StrategyExit | {'reason': 'Manual interrupt', 'uptime': 39.24960422515869}
2025-09-24 23:04:14,094 - WARNING - Failed to fetch initial balance: float() argument must be a string or a real number, not 'dict'
2025-09-24 23:04:14,094 - INFO - ExecutionEngine initialized for backpack account 1
2025-09-24 23:04:14,095 - INFO - OP StrategyStart | {'exchange': 'backpack', 'strategy': 'Grid-Order-Management', 'version': '3.0', 'force_refresh': False}
2025-09-24 23:04:44,806 - INFO - OP StrategyExit | {'reason': 'Manual interrupt', 'uptime': 30.70975613594055}
2025-09-24 23:07:57,413 - WARNING - Failed to fetch initial balance: float() argument must be a string or a real number, not 'dict'
2025-09-24 23:07:57,414 - INFO - ExecutionEngine initialized for backpack account 1
2025-09-24 23:07:57,414 - INFO - OP StrategyStart | {'exchange': 'backpack', 'strategy': 'Grid-Order-Management', 'version': '3.0', 'force_refresh': False}
2025-09-24 23:08:44,267 - INFO - OP StrategyExit | {'reason': 'Manual interrupt', 'uptime': 46.851266860961914}
2025-09-24 23:11:36,653 - WARNING - Failed to fetch initial balance: float() argument must be a string or a real number, not 'dict'
2025-09-24 23:11:36,654 - INFO - ExecutionEngine initialized for backpack account 1
2025-09-24 23:11:36,654 - INFO - OP StrategyStart | {'exchange': 'backpack', 'strategy': 'Grid-Order-Management', 'version': '3.0', 'force_refresh': False}
2025-09-24 23:11:56,298 - INFO - OP StrategyExit | {'reason': 'Manual interrupt', 'uptime': 19.642625331878662}
2025-09-24 23:12:42,441 - WARNING - Failed to fetch initial balance: float() argument must be a string or a real number, not 'dict'
2025-09-24 23:12:42,442 - INFO - ExecutionEngine initialized for backpack account 1
2025-09-24 23:12:42,442 - INFO - OP StrategyStart | {'exchange': 'backpack', 'strategy': 'Grid-Order-Management', 'version': '3.0', 'force_refresh': False}
2025-09-24 23:14:31,578 - INFO - OP StrategyExit | {'reason': 'Manual interrupt', 'uptime': 109.13487005233765}
2025-09-24 23:18:02,753 - WARNING - Failed to fetch initial balance: float() argument must be a string or a real number, not 'dict'
2025-09-24 23:18:02,753 - INFO - ExecutionEngine initialized for backpack account 1
2025-09-24 23:18:02,754 - INFO - OP StrategyStart | {'exchange': 'backpack', 'strategy': 'Grid-Order-Management', 'version': '3.0', 'force_refresh': False}
2025-09-24 23:19:07,889 - INFO - OP StrategyExit | {'reason': 'Manual interrupt', 'uptime': 65.13388633728027}
2025-09-24 23:19:39,949 - WARNING - Failed to fetch initial balance: float() argument must be a string or a real number, not 'dict'
2025-09-24 23:19:39,950 - INFO - ExecutionEngine initialized for backpack account 1
2025-09-24 23:19:39,950 - INFO - OP StrategyStart | {'exchange': 'backpack', 'strategy': 'Grid-Order-Management', 'version': '3.0', 'force_refresh': False}
2025-09-24 23:20:44,000 - INFO - OP StrategyExit | {'reason': 'Manual interrupt', 'uptime': 64.04873037338257}
2025-09-24 23:20:47,901 - WARNING - Failed to fetch initial balance: float() argument must be a string or a real number, not 'dict'
2025-09-24 23:20:47,901 - INFO - ExecutionEngine initialized for backpack account 1
2025-09-24 23:20:47,902 - INFO - OP StrategyStart | {'exchange': 'backpack', 'strategy': 'Grid-Order-Management', 'version': '3.0', 'force_refresh': False}
2025-09-24 23:21:37,460 - INFO - OP StrategyExit | {'reason': 'Manual interrupt', 'uptime': 49.55749773979187}
2025-09-24 23:22:10,314 - WARNING - Failed to fetch initial balance: float() argument must be a string or a real number, not 'dict'
2025-09-24 23:22:10,314 - INFO - ExecutionEngine initialized for backpack account 1
2025-09-24 23:22:10,314 - INFO - OP StrategyStart | {'exchange': 'backpack', 'strategy': 'Grid-Order-Management', 'version': '3.0', 'force_refresh': False}
2025-09-25 10:43:23,598 - INFO - OP StrategyExit | {'reason': 'Manual interrupt', 'uptime': 40873.282091617584}
2025-09-25 10:43:35,350 - WARNING - Failed to fetch initial balance: float() argument must be a string or a real number, not 'dict'
2025-09-25 10:43:35,350 - INFO - ExecutionEngine initialized for backpack account 1
2025-09-25 10:43:35,350 - INFO - OP StrategyStart | {'exchange': 'backpack', 'strategy': 'Grid-Order-Management', 'version': '3.0', 'force_refresh': False}
2025-09-25 10:47:17,158 - INFO - OP StrategyExit | {'reason': 'Manual interrupt', 'uptime': 221.80598211288452}
2025-09-25 10:47:25,094 - WARNING - Failed to fetch initial balance: float() argument must be a string or a real number, not 'dict'
2025-09-25 10:47:25,094 - INFO - ExecutionEngine initialized for backpack account 1
2025-09-25 10:47:25,095 - INFO - OP StrategyStart | {'exchange': 'backpack', 'strategy': 'Grid-Order-Management', 'version': '3.0', 'force_refresh': False}
2025-09-25 10:50:14,373 - INFO - OP StrategyExit | {'reason': 'Manual interrupt', 'uptime': 169.27723956108093}
2025-09-25 10:54:01,313 - INFO - ExecutionEngine initialized for backpack account 1
2025-09-25 10:54:01,314 - INFO - OP StrategyStart | {'exchange': 'backpack', 'strategy': 'Grid-Order-Management', 'version': '3.0', 'force_refresh': False}
2025-09-25 16:47:58,596 - INFO - OP StrategyExit | {'reason': 'Manual interrupt', 'uptime': 21237.280263900757}
2025-09-25 16:48:29,229 - INFO - ExecutionEngine initialized for backpack account 1
2025-09-25 16:48:33,757 - INFO - ExecutionEngine initialized for backpack account 0
2025-09-25 16:48:44,525 - INFO - ExecutionEngine initialized for backpack account 4
2025-09-25 16:48:44,525 - INFO - OP StrategyStart | {'exchange': 'backpack', 'strategy': 'Grid-Order-Management', 'version': '3.0', 'force_refresh': False}
2025-09-25 16:48:44,526 - INFO - OP StrategyStart | {'exchange': 'backpack', 'strategy': 'Grid-Order-Management', 'version': '3.0', 'force_refresh': False}
2025-09-25 16:48:44,526 - INFO - OP StrategyStart | {'exchange': 'backpack', 'strategy': 'Grid-Order-Management', 'version': '3.0', 'force_refresh': False}
2025-09-25 16:48:56,375 - INFO - OP StrategyExit | {'reason': 'Manual interrupt', 'uptime': 10.932079315185547}
2025-09-25 16:48:56,556 - INFO - OP StrategyExit | {'reason': 'Manual interrupt', 'uptime': 11.112939357757568}
2025-09-25 16:48:57,726 - INFO - OP StrategyExit | {'reason': 'Manual interrupt', 'uptime': 12.28274154663086}
2025-09-25 16:48:57,905 - INFO - OP StrategyExit | {'reason': 'Manual interrupt', 'uptime': 12.461964130401611}
2025-09-25 16:48:58,117 - INFO - OP StrategyExit | {'reason': 'Manual interrupt', 'uptime': 12.673307180404663}
2025-09-25 16:48:58,417 - INFO - OP StrategyExit | {'reason': 'Manual interrupt', 'uptime': 12.973463773727417}
2025-09-25 16:48:58,922 - INFO - OP StrategyExit | {'reason': 'Manual interrupt', 'uptime': 13.478962898254395}
2025-09-25 16:48:58,957 - INFO - OP StrategyExit | {'reason': 'Manual interrupt', 'uptime': 13.51353120803833}
2025-09-25 16:48:58,993 - INFO - OP StrategyExit | {'reason': 'Manual interrupt', 'uptime': 13.550121068954468}
2025-09-25 16:48:59,030 - INFO - OP StrategyExit | {'reason': 'Manual interrupt', 'uptime': 13.586235284805298}
2025-09-25 16:48:59,063 - INFO - OP StrategyExit | {'reason': 'Manual interrupt', 'uptime': 13.620026111602783}
2025-09-25 16:48:59,095 - INFO - OP StrategyExit | {'reason': 'Manual interrupt', 'uptime': 13.651836156845093}
2025-09-25 16:48:59,140 - INFO - OP StrategyExit | {'reason': 'Manual interrupt', 'uptime': 13.696753025054932}
2025-09-25 16:48:59,152 - INFO - OP StrategyExit | {'reason': 'Manual interrupt', 'uptime': 13.70911431312561}
2025-09-25 16:48:59,184 - INFO - OP StrategyExit | {'reason': 'Manual interrupt', 'uptime': 13.740278482437134}
2025-09-25 16:48:59,237 - INFO - OP StrategyExit | {'reason': 'Manual interrupt', 'uptime': 13.793851852416992}
2025-09-25 16:48:59,246 - INFO - OP StrategyExit | {'reason': 'Manual interrupt', 'uptime': 13.802452087402344}
2025-09-25 16:48:59,301 - INFO - OP StrategyExit | {'reason': 'Manual interrupt', 'uptime': 13.857820272445679}
2025-09-25 16:48:59,344 - INFO - OP StrategyExit | {'reason': 'Manual interrupt', 'uptime': 13.900992393493652}
2025-09-25 16:48:59,765 - INFO - OP StrategyExit | {'reason': 'Manual interrupt', 'uptime': 14.321759700775146}
2025-09-25 16:49:00,342 - INFO - OP StrategyExit | {'reason': 'Manual interrupt', 'uptime': 14.899177074432373}
2025-09-25 16:49:00,382 - INFO - OP StrategyExit | {'reason': 'Manual interrupt', 'uptime': 14.938747644424438}
2025-09-25 16:49:00,415 - INFO - OP StrategyExit | {'reason': 'Manual interrupt', 'uptime': 14.972023487091064}
2025-09-25 16:49:00,457 - INFO - OP StrategyExit | {'reason': 'Manual interrupt', 'uptime': 15.01418399810791}
2025-09-25 16:49:00,500 - INFO - OP StrategyExit | {'reason': 'Manual interrupt', 'uptime': 15.05694055557251}
2025-09-25 16:49:00,606 - INFO - OP StrategyExit | {'reason': 'Manual interrupt', 'uptime': 15.162354230880737}
2025-09-25 16:49:01,120 - INFO - OP StrategyExit | {'reason': 'Manual interrupt', 'uptime': 15.676859617233276}
2025-09-25 16:49:01,161 - INFO - OP StrategyExit | {'reason': 'Manual interrupt', 'uptime': 15.718127727508545}
2025-09-25 16:49:01,195 - INFO - OP StrategyExit | {'reason': 'Manual interrupt', 'uptime': 15.752140045166016}
2025-09-25 16:49:01,229 - INFO - OP StrategyExit | {'reason': 'Manual interrupt', 'uptime': 15.785439014434814}
2025-09-25 16:49:01,266 - INFO - OP StrategyExit | {'reason': 'Manual interrupt', 'uptime': 15.82233738899231}
2025-09-25 16:49:01,273 - INFO - OP StrategyExit | {'reason': 'Manual interrupt', 'uptime': 15.829995155334473}
2025-09-25 16:49:01,335 - INFO - OP StrategyExit | {'reason': 'Manual interrupt', 'uptime': 15.892132759094238}
2025-09-25 16:49:01,349 - INFO - OP StrategyExit | {'reason': 'Manual interrupt', 'uptime': 15.905892848968506}
2025-09-25 16:49:01,381 - INFO - OP StrategyExit | {'reason': 'Manual interrupt', 'uptime': 15.937453985214233}
2025-09-25 16:49:01,412 - INFO - OP StrategyExit | {'reason': 'Manual interrupt', 'uptime': 15.969125032424927}
2025-09-25 16:49:01,465 - INFO - OP StrategyExit | {'reason': 'Manual interrupt', 'uptime': 16.021353006362915}
2025-09-25 16:49:01,474 - INFO - OP StrategyExit | {'reason': 'Manual interrupt', 'uptime': 16.030433893203735}
2025-09-25 16:49:01,532 - INFO - OP StrategyExit | {'reason': 'Manual interrupt', 'uptime': 16.08891797065735}
2025-09-25 16:49:01,548 - INFO - OP StrategyExit | {'reason': 'Manual interrupt', 'uptime': 16.10444140434265}
2025-09-25 16:49:41,074 - INFO - ExecutionEngine initialized for backpack account 1
2025-09-25 16:49:50,109 - INFO - ExecutionEngine initialized for backpack account 1
2025-09-25 16:49:53,813 - INFO - ExecutionEngine initialized for backpack account 0
2025-09-25 16:49:57,757 - INFO - ExecutionEngine initialized for backpack account 3
2025-09-25 16:49:57,757 - INFO - OP StrategyStart | {'exchange': 'backpack', 'strategy': 'Grid-Order-Management', 'version': '3.0', 'force_refresh': False}
2025-09-25 16:49:57,758 - INFO - OP StrategyStart | {'exchange': 'backpack', 'strategy': 'Grid-Order-Management', 'version': '3.0', 'force_refresh': False}
2025-09-25 16:49:57,758 - INFO - OP StrategyStart | {'exchange': 'backpack', 'strategy': 'Grid-Order-Management', 'version': '3.0', 'force_refresh': False}
2025-09-25 16:51:28,207 - INFO - OP StrategyExit | {'reason': 'Manual interrupt', 'uptime': 89.51399779319763}
2025-09-25 16:51:28,356 - INFO - OP StrategyExit | {'reason': 'Manual interrupt', 'uptime': 89.66301250457764}
2025-09-25 16:51:28,567 - INFO - OP StrategyExit | {'reason': 'Manual interrupt', 'uptime': 89.87415099143982}
2025-09-25 16:51:29,466 - INFO - OP StrategyExit | {'reason': 'Manual interrupt', 'uptime': 90.7732298374176}
2025-09-25 16:51:29,969 - INFO - OP StrategyExit | {'reason': 'Manual interrupt', 'uptime': 91.27681708335876}
2025-09-25 16:51:30,019 - INFO - OP StrategyExit | {'reason': 'Manual interrupt', 'uptime': 91.3265552520752}
2025-09-25 16:51:30,078 - INFO - OP StrategyExit | {'reason': 'Manual interrupt', 'uptime': 91.38500332832336}
2025-09-25 16:51:30,147 - INFO - OP StrategyExit | {'reason': 'Manual interrupt', 'uptime': 91.45446491241455}
2025-09-25 16:51:30,203 - INFO - OP StrategyExit | {'reason': 'Manual interrupt', 'uptime': 91.51056694984436}
2025-09-25 16:51:30,262 - INFO - OP StrategyExit | {'reason': 'Manual interrupt', 'uptime': 91.56933403015137}
2025-09-25 16:51:30,313 - INFO - OP StrategyExit | {'reason': 'Manual interrupt', 'uptime': 91.62014508247375}
2025-09-25 16:51:30,361 - INFO - OP StrategyExit | {'reason': 'Manual interrupt', 'uptime': 91.66886019706726}
2025-09-25 16:51:30,368 - INFO - OP StrategyExit | {'reason': 'Manual interrupt', 'uptime': 91.67518472671509}
2025-09-25 16:51:30,415 - INFO - OP StrategyExit | {'reason': 'Manual interrupt', 'uptime': 91.72268223762512}
2025-09-25 16:51:30,455 - INFO - OP StrategyExit | {'reason': 'Manual interrupt', 'uptime': 91.76207089424133}
2025-09-25 16:51:30,494 - INFO - OP StrategyExit | {'reason': 'Manual interrupt', 'uptime': 91.80172753334045}
2025-09-25 16:51:30,541 - INFO - OP StrategyExit | {'reason': 'Manual interrupt', 'uptime': 91.84836864471436}
2025-09-25 16:51:30,612 - INFO - OP StrategyExit | {'reason': 'Manual interrupt', 'uptime': 91.91915202140808}
2025-09-25 16:51:30,678 - INFO - OP StrategyExit | {'reason': 'Manual interrupt', 'uptime': 91.98548126220703}
2025-09-25 16:51:30,726 - INFO - OP StrategyExit | {'reason': 'Manual interrupt', 'uptime': 92.03319573402405}
2025-09-25 16:51:30,767 - INFO - OP StrategyExit | {'reason': 'Manual interrupt', 'uptime': 92.07410931587219}
2025-09-25 16:51:30,811 - INFO - OP StrategyExit | {'reason': 'Manual interrupt', 'uptime': 92.11880278587341}
2025-09-25 16:51:30,853 - INFO - OP StrategyExit | {'reason': 'Manual interrupt', 'uptime': 92.1608452796936}
2025-09-25 16:51:30,888 - INFO - OP StrategyExit | {'reason': 'Manual interrupt', 'uptime': 92.19501161575317}
2025-09-25 16:51:30,920 - INFO - OP StrategyExit | {'reason': 'Manual interrupt', 'uptime': 92.22796821594238}
2025-09-25 16:51:30,961 - INFO - OP StrategyExit | {'reason': 'Manual interrupt', 'uptime': 92.26806688308716}
2025-09-25 16:51:30,965 - INFO - OP StrategyExit | {'reason': 'Manual interrupt', 'uptime': 92.27280402183533}
2025-09-25 16:51:31,006 - INFO - OP StrategyExit | {'reason': 'Manual interrupt', 'uptime': 92.31326699256897}
2025-09-25 16:51:31,038 - INFO - OP StrategyExit | {'reason': 'Manual interrupt', 'uptime': 92.34514951705933}
2025-09-25 16:51:31,071 - INFO - OP StrategyExit | {'reason': 'Manual interrupt', 'uptime': 92.37865662574768}
2025-09-25 16:51:31,103 - INFO - OP StrategyExit | {'reason': 'Manual interrupt', 'uptime': 92.41024351119995}
2025-09-25 16:51:31,134 - INFO - OP StrategyExit | {'reason': 'Manual interrupt', 'uptime': 92.44145202636719}
2025-09-25 16:51:31,186 - INFO - OP StrategyExit | {'reason': 'Manual interrupt', 'uptime': 92.49336957931519}
2025-09-25 16:51:31,195 - INFO - OP StrategyExit | {'reason': 'Manual interrupt', 'uptime': 92.5024516582489}
2025-09-25 16:51:31,229 - INFO - OP StrategyExit | {'reason': 'Manual interrupt', 'uptime': 92.53686809539795}
2025-09-25 16:51:31,262 - INFO - OP StrategyExit | {'reason': 'Manual interrupt', 'uptime': 92.56901717185974}
2025-09-25 16:51:31,298 - INFO - OP StrategyExit | {'reason': 'Manual interrupt', 'uptime': 92.60517454147339}
2025-09-25 16:51:31,329 - INFO - OP StrategyExit | {'reason': 'Manual interrupt', 'uptime': 92.63662505149841}
2025-09-25 16:51:31,366 - INFO - OP StrategyExit | {'reason': 'Manual interrupt', 'uptime': 92.67309808731079}
2025-09-25 16:51:31,397 - INFO - OP StrategyExit | {'reason': 'Manual interrupt', 'uptime': 92.7045168876648}
2025-09-25 16:51:31,449 - INFO - OP StrategyExit | {'reason': 'Manual interrupt', 'uptime': 92.75662446022034}
2025-09-25 16:51:31,458 - INFO - OP StrategyExit | {'reason': 'Manual interrupt', 'uptime': 92.76552987098694}
2025-09-25 16:51:31,516 - INFO - OP StrategyExit | {'reason': 'Manual interrupt', 'uptime': 92.82398629188538}
2025-09-25 16:51:31,519 - INFO - OP StrategyExit | {'reason': 'Manual interrupt', 'uptime': 92.82677268981934}
2025-09-25 16:51:31,562 - INFO - OP StrategyExit | {'reason': 'Manual interrupt', 'uptime': 92.86914324760437}
2025-09-25 16:51:31,603 - INFO - OP StrategyExit | {'reason': 'Manual interrupt', 'uptime': 92.91021466255188}
2025-09-25 16:51:31,636 - INFO - OP StrategyExit | {'reason': 'Manual interrupt', 'uptime': 92.94321608543396}
2025-09-25 16:51:31,670 - INFO - OP StrategyExit | {'reason': 'Manual interrupt', 'uptime': 92.97711277008057}
2025-09-25 16:51:31,700 - INFO - OP StrategyExit | {'reason': 'Manual interrupt', 'uptime': 93.00734949111938}
2025-09-25 16:51:31,728 - INFO - OP StrategyExit | {'reason': 'Manual interrupt', 'uptime': 93.03552508354187}
2025-09-25 16:51:31,764 - INFO - OP StrategyExit | {'reason': 'Manual interrupt', 'uptime': 93.07134699821472}
2025-09-25 16:51:31,801 - INFO - OP StrategyExit | {'reason': 'Manual interrupt', 'uptime': 93.10828495025635}
2025-09-25 16:51:31,835 - INFO - OP StrategyExit | {'reason': 'Manual interrupt', 'uptime': 93.14291286468506}
2025-09-25 16:51:31,868 - INFO - OP StrategyExit | {'reason': 'Manual interrupt', 'uptime': 93.17568135261536}
2025-09-25 16:51:31,903 - INFO - OP StrategyExit | {'reason': 'Manual interrupt', 'uptime': 93.21015572547913}
2025-09-25 16:51:31,934 - INFO - OP StrategyExit | {'reason': 'Manual interrupt', 'uptime': 93.24191308021545}
2025-09-25 16:51:31,966 - INFO - OP StrategyExit | {'reason': 'Manual interrupt', 'uptime': 93.27258777618408}
2025-09-25 16:51:31,980 - INFO - OP StrategyExit | {'reason': 'Manual interrupt', 'uptime': 93.28746485710144}
2025-09-25 16:51:32,030 - INFO - OP StrategyExit | {'reason': 'Manual interrupt', 'uptime': 93.33777832984924}
2025-09-25 16:51:32,064 - INFO - OP StrategyExit | {'reason': 'Manual interrupt', 'uptime': 93.37100648880005}
2025-09-25 16:51:32,099 - INFO - OP StrategyExit | {'reason': 'Manual interrupt', 'uptime': 93.40631127357483}
2025-09-25 16:51:32,118 - INFO - OP StrategyExit | {'reason': 'Manual interrupt', 'uptime': 93.42514777183533}
2025-09-25 16:51:32,154 - INFO - OP StrategyExit | {'reason': 'Manual interrupt', 'uptime': 93.46178579330444}
2025-09-25 16:51:32,182 - INFO - OP StrategyExit | {'reason': 'Manual interrupt', 'uptime': 93.48960542678833}
2025-09-25 16:51:32,246 - INFO - OP StrategyExit | {'reason': 'Manual interrupt', 'uptime': 93.55393433570862}
2025-09-25 16:51:32,254 - INFO - OP StrategyExit | {'reason': 'Manual interrupt', 'uptime': 93.56140160560608}
2025-09-25 16:51:32,296 - INFO - OP StrategyExit | {'reason': 'Manual interrupt', 'uptime': 93.6030056476593}
2025-09-25 16:51:32,333 - INFO - OP StrategyExit | {'reason': 'Manual interrupt', 'uptime': 93.64086294174194}
2025-09-25 16:51:32,370 - INFO - OP StrategyExit | {'reason': 'Manual interrupt', 'uptime': 93.67795491218567}
2025-09-25 16:51:32,376 - INFO - OP StrategyExit | {'reason': 'Manual interrupt', 'uptime': 93.68326020240784}
2025-09-25 16:51:32,439 - INFO - OP StrategyExit | {'reason': 'Manual interrupt', 'uptime': 93.74693965911865}
2025-09-25 16:51:32,452 - INFO - OP StrategyExit | {'reason': 'Manual interrupt', 'uptime': 93.75997924804688}
2025-09-25 16:51:32,504 - INFO - OP StrategyExit | {'reason': 'Manual interrupt', 'uptime': 93.81191229820251}
2025-09-25 16:51:32,513 - INFO - OP StrategyExit | {'reason': 'Manual interrupt', 'uptime': 93.82100915908813}
2025-09-25 16:51:32,543 - INFO - OP StrategyExit | {'reason': 'Manual interrupt', 'uptime': 93.85039520263672}
2025-09-25 16:51:32,590 - INFO - OP StrategyExit | {'reason': 'Manual interrupt', 'uptime': 93.89795660972595}
2025-09-25 16:51:32,606 - INFO - OP StrategyExit | {'reason': 'Manual interrupt', 'uptime': 93.91366600990295}
2025-09-25 16:51:32,654 - INFO - OP StrategyExit | {'reason': 'Manual interrupt', 'uptime': 93.96155619621277}
2025-09-25 16:51:32,689 - INFO - OP StrategyExit | {'reason': 'Manual interrupt', 'uptime': 93.9970006942749}
2025-09-25 16:51:32,720 - INFO - OP StrategyExit | {'reason': 'Manual interrupt', 'uptime': 94.02732062339783}
2025-09-25 16:51:32,751 - INFO - OP StrategyExit | {'reason': 'Manual interrupt', 'uptime': 94.05869388580322}
2025-09-25 16:51:32,785 - INFO - OP StrategyExit | {'reason': 'Manual interrupt', 'uptime': 94.09239268302917}
2025-09-25 16:51:32,842 - INFO - OP StrategyExit | {'reason': 'Manual interrupt', 'uptime': 94.1496479511261}
2025-09-25 16:51:32,898 - INFO - OP StrategyExit | {'reason': 'Manual interrupt', 'uptime': 94.20543336868286}
2025-09-25 16:51:32,941 - INFO - OP StrategyExit | {'reason': 'Manual interrupt', 'uptime': 94.24840378761292}
2025-09-25 16:51:32,944 - INFO - OP StrategyExit | {'reason': 'Manual interrupt', 'uptime': 94.2512891292572}
2025-09-25 16:51:32,984 - INFO - OP StrategyExit | {'reason': 'Manual interrupt', 'uptime': 94.2920093536377}
2025-09-25 16:51:33,021 - INFO - OP StrategyExit | {'reason': 'Manual interrupt', 'uptime': 94.32883477210999}
2025-09-25 16:51:33,063 - INFO - OP StrategyExit | {'reason': 'Manual interrupt', 'uptime': 94.37011861801147}
2025-09-25 16:51:33,099 - INFO - OP StrategyExit | {'reason': 'Manual interrupt', 'uptime': 94.40664792060852}
2025-09-25 16:51:33,111 - INFO - OP StrategyExit | {'reason': 'Manual interrupt', 'uptime': 94.41843032836914}
2025-09-25 16:51:33,173 - INFO - OP StrategyExit | {'reason': 'Manual interrupt', 'uptime': 94.48007321357727}
2025-09-25 16:51:33,214 - INFO - OP StrategyExit | {'reason': 'Manual interrupt', 'uptime': 94.52176547050476}
2025-09-25 16:51:33,261 - INFO - OP StrategyExit | {'reason': 'Manual interrupt', 'uptime': 94.56832075119019}
2025-09-25 16:51:33,297 - INFO - OP StrategyExit | {'reason': 'Manual interrupt', 'uptime': 94.60407876968384}
2025-09-25 16:51:33,331 - INFO - OP StrategyExit | {'reason': 'Manual interrupt', 'uptime': 94.63867330551147}
2025-09-25 16:51:33,340 - INFO - OP StrategyExit | {'reason': 'Manual interrupt', 'uptime': 94.6474826335907}
2025-09-25 16:51:33,395 - INFO - OP StrategyExit | {'reason': 'Manual interrupt', 'uptime': 94.7028706073761}
2025-09-25 16:51:33,402 - INFO - OP StrategyExit | {'reason': 'Manual interrupt', 'uptime': 94.70986199378967}
2025-09-25 16:51:33,438 - INFO - OP StrategyExit | {'reason': 'Manual interrupt', 'uptime': 94.74518156051636}
2025-09-25 16:51:33,467 - INFO - OP StrategyExit | {'reason': 'Manual interrupt', 'uptime': 94.77423143386841}
2025-09-25 16:51:33,527 - INFO - OP StrategyExit | {'reason': 'Manual interrupt', 'uptime': 94.83434176445007}
2025-09-25 16:51:33,542 - INFO - OP StrategyExit | {'reason': 'Manual interrupt', 'uptime': 94.8491222858429}
2025-09-25 16:51:33,595 - INFO - OP StrategyExit | {'reason': 'Manual interrupt', 'uptime': 94.90266013145447}
2025-09-25 16:51:33,605 - INFO - OP StrategyExit | {'reason': 'Manual interrupt', 'uptime': 94.91220283508301}
2025-09-25 16:51:33,639 - INFO - OP StrategyExit | {'reason': 'Manual interrupt', 'uptime': 94.94625043869019}
2025-09-25 16:51:33,668 - INFO - OP StrategyExit | {'reason': 'Manual interrupt', 'uptime': 94.97574377059937}
2025-09-25 16:51:33,705 - INFO - OP StrategyExit | {'reason': 'Manual interrupt', 'uptime': 95.01288437843323}
2025-09-25 16:51:33,764 - INFO - OP StrategyExit | {'reason': 'Manual interrupt', 'uptime': 95.07156133651733}
2025-09-25 16:51:33,774 - INFO - OP StrategyExit | {'reason': 'Manual interrupt', 'uptime': 95.08155584335327}
2025-09-25 16:51:33,805 - INFO - OP StrategyExit | {'reason': 'Manual interrupt', 'uptime': 95.11210608482361}
2025-09-25 16:51:33,835 - INFO - OP StrategyExit | {'reason': 'Manual interrupt', 'uptime': 95.14232230186462}
2025-09-25 16:51:33,887 - INFO - OP StrategyExit | {'reason': 'Manual interrupt', 'uptime': 95.19442462921143}
2025-09-25 16:51:33,898 - INFO - OP StrategyExit | {'reason': 'Manual interrupt', 'uptime': 95.20504808425903}
2025-09-25 16:51:33,931 - INFO - OP StrategyExit | {'reason': 'Manual interrupt', 'uptime': 95.23824453353882}
2025-09-25 16:51:34,002 - INFO - OP StrategyExit | {'reason': 'Manual interrupt', 'uptime': 95.30994129180908}
2025-09-25 16:51:34,008 - INFO - OP StrategyExit | {'reason': 'Manual interrupt', 'uptime': 95.31519389152527}
2025-09-25 16:51:34,041 - INFO - OP StrategyExit | {'reason': 'Manual interrupt', 'uptime': 95.34807229042053}
2025-09-25 16:51:34,070 - INFO - OP StrategyExit | {'reason': 'Manual interrupt', 'uptime': 95.37749075889587}
2025-09-25 16:51:34,121 - INFO - OP StrategyExit | {'reason': 'Manual interrupt', 'uptime': 95.42898178100586}
2025-09-25 16:51:34,132 - INFO - OP StrategyExit | {'reason': 'Manual interrupt', 'uptime': 95.43930459022522}
2025-09-25 16:51:34,177 - INFO - OP StrategyExit | {'reason': 'Manual interrupt', 'uptime': 95.48466753959656}
2025-09-25 16:51:34,231 - INFO - OP StrategyExit | {'reason': 'Manual interrupt', 'uptime': 95.53893423080444}
2025-09-25 16:51:34,276 - INFO - OP StrategyExit | {'reason': 'Manual interrupt', 'uptime': 95.58394432067871}
2025-09-25 16:51:34,323 - INFO - OP StrategyExit | {'reason': 'Manual interrupt', 'uptime': 95.63086867332458}
2025-09-25 16:51:34,374 - INFO - OP StrategyExit | {'reason': 'Manual interrupt', 'uptime': 95.68146204948425}
2025-09-25 16:51:34,536 - INFO - OP StrategyExit | {'reason': 'Manual interrupt', 'uptime': 95.84388399124146}
2025-09-25 16:51:34,717 - INFO - OP StrategyExit | {'reason': 'Manual interrupt', 'uptime': 96.02432870864868}
2025-09-25 16:51:34,865 - INFO - OP StrategyExit | {'reason': 'Manual interrupt', 'uptime': 96.1729154586792}
2025-09-25 16:51:35,046 - INFO - OP StrategyExit | {'reason': 'Manual interrupt', 'uptime': 96.35362434387207}
2025-09-25 16:51:35,197 - INFO - OP StrategyExit | {'reason': 'Manual interrupt', 'uptime': 96.50464129447937}
2025-09-25 16:51:35,703 - INFO - OP StrategyExit | {'reason': 'Manual interrupt', 'uptime': 97.01076936721802}
2025-09-25 16:51:35,741 - INFO - OP StrategyExit | {'reason': 'Manual interrupt', 'uptime': 97.04824829101562}
2025-09-25 16:51:35,785 - INFO - OP StrategyExit | {'reason': 'Manual interrupt', 'uptime': 97.09222483634949}
2025-09-25 16:51:35,824 - INFO - OP StrategyExit | {'reason': 'Manual interrupt', 'uptime': 97.13113403320312}
2025-09-25 16:51:35,860 - INFO - OP StrategyExit | {'reason': 'Manual interrupt', 'uptime': 97.16752815246582}
2025-09-25 16:51:35,872 - INFO - OP StrategyExit | {'reason': 'Manual interrupt', 'uptime': 97.17915773391724}
2025-09-25 16:51:35,921 - INFO - OP StrategyExit | {'reason': 'Manual interrupt', 'uptime': 97.22849678993225}
2025-09-25 16:51:35,935 - INFO - OP StrategyExit | {'reason': 'Manual interrupt', 'uptime': 97.24215936660767}
2025-09-25 16:51:35,962 - INFO - OP StrategyExit | {'reason': 'Manual interrupt', 'uptime': 97.26965284347534}
2025-09-25 16:51:36,018 - INFO - OP StrategyExit | {'reason': 'Manual interrupt', 'uptime': 97.32503318786621}
2025-09-25 16:51:36,052 - INFO - OP StrategyExit | {'reason': 'Manual interrupt', 'uptime': 97.35960841178894}
2025-09-25 16:51:36,094 - INFO - OP StrategyExit | {'reason': 'Manual interrupt', 'uptime': 97.40103936195374}
2025-09-25 16:51:36,102 - INFO - OP StrategyExit | {'reason': 'Manual interrupt', 'uptime': 97.409339427948}
2025-09-25 16:51:36,136 - INFO - OP StrategyExit | {'reason': 'Manual interrupt', 'uptime': 97.44395017623901}
2025-09-25 16:51:36,165 - INFO - OP StrategyExit | {'reason': 'Manual interrupt', 'uptime': 97.4722158908844}
2025-09-25 16:51:36,220 - INFO - OP StrategyExit | {'reason': 'Manual interrupt', 'uptime': 97.52732396125793}
2025-09-25 16:51:36,237 - INFO - OP StrategyExit | {'reason': 'Manual interrupt', 'uptime': 97.54485249519348}
2025-09-25 16:51:36,289 - INFO - OP StrategyExit | {'reason': 'Manual interrupt', 'uptime': 97.59602427482605}
2025-09-25 16:51:36,297 - INFO - OP StrategyExit | {'reason': 'Manual interrupt', 'uptime': 97.60462713241577}
2025-09-25 16:51:36,355 - INFO - OP StrategyExit | {'reason': 'Manual interrupt', 'uptime': 97.66296243667603}
2025-09-25 16:51:36,358 - INFO - OP StrategyExit | {'reason': 'Manual interrupt', 'uptime': 97.6660008430481}
2025-09-25 16:51:36,395 - INFO - OP StrategyExit | {'reason': 'Manual interrupt', 'uptime': 97.7029287815094}
2025-09-25 16:51:36,436 - INFO - OP StrategyExit | {'reason': 'Manual interrupt', 'uptime': 97.74317598342896}
2025-09-25 16:51:36,467 - INFO - OP StrategyExit | {'reason': 'Manual interrupt', 'uptime': 97.77433323860168}
2025-09-25 16:51:36,499 - INFO - OP StrategyExit | {'reason': 'Manual interrupt', 'uptime': 97.80682182312012}
2025-09-25 16:51:36,537 - INFO - OP StrategyExit | {'reason': 'Manual interrupt', 'uptime': 97.84435796737671}
2025-09-25 16:51:36,570 - INFO - OP StrategyExit | {'reason': 'Manual interrupt', 'uptime': 97.87722039222717}
2025-09-25 16:51:36,603 - INFO - OP StrategyExit | {'reason': 'Manual interrupt', 'uptime': 97.91042184829712}
2025-09-25 16:51:36,639 - INFO - OP StrategyExit | {'reason': 'Manual interrupt', 'uptime': 97.94628262519836}
2025-09-25 16:51:36,654 - INFO - OP StrategyExit | {'reason': 'Manual interrupt', 'uptime': 97.96149182319641}
2025-09-25 16:51:36,817 - INFO - OP StrategyExit | {'reason': 'Manual interrupt', 'uptime': 98.1241466999054}
2025-09-25 16:51:36,966 - INFO - OP StrategyExit | {'reason': 'Manual interrupt', 'uptime': 98.27323913574219}
2025-09-25 16:51:37,468 - INFO - OP StrategyExit | {'reason': 'Manual interrupt', 'uptime': 98.77538990974426}
2025-09-25 16:51:37,513 - INFO - OP StrategyExit | {'reason': 'Manual interrupt', 'uptime': 98.82068252563477}
2025-09-25 16:51:37,549 - INFO - OP StrategyExit | {'reason': 'Manual interrupt', 'uptime': 98.8568000793457}
2025-09-25 16:51:37,584 - INFO - OP StrategyExit | {'reason': 'Manual interrupt', 'uptime': 98.89148306846619}
2025-09-25 16:51:37,619 - INFO - OP StrategyExit | {'reason': 'Manual interrupt', 'uptime': 98.92635941505432}
2025-09-25 16:51:37,653 - INFO - OP StrategyExit | {'reason': 'Manual interrupt', 'uptime': 98.9603521823883}
2025-09-25 16:51:37,668 - INFO - OP StrategyExit | {'reason': 'Manual interrupt', 'uptime': 98.97504138946533}
2025-09-25 16:51:37,730 - INFO - OP StrategyExit | {'reason': 'Manual interrupt', 'uptime': 99.03724026679993}
2025-09-25 16:51:37,744 - INFO - OP StrategyExit | {'reason': 'Manual interrupt', 'uptime': 99.05118083953857}
2025-09-25 16:51:37,792 - INFO - OP StrategyExit | {'reason': 'Manual interrupt', 'uptime': 99.09918236732483}
2025-09-25 16:51:37,804 - INFO - OP StrategyExit | {'reason': 'Manual interrupt', 'uptime': 99.11126756668091}
2025-09-25 16:51:37,855 - INFO - OP StrategyExit | {'reason': 'Manual interrupt', 'uptime': 99.16240096092224}
2025-09-25 16:51:37,865 - INFO - OP StrategyExit | {'reason': 'Manual interrupt', 'uptime': 99.17262125015259}
2025-09-25 16:51:37,895 - INFO - OP StrategyExit | {'reason': 'Manual interrupt', 'uptime': 99.20286417007446}
2025-09-25 16:51:37,946 - INFO - OP StrategyExit | {'reason': 'Manual interrupt', 'uptime': 99.25361108779907}
2025-09-25 16:51:37,982 - INFO - OP StrategyExit | {'reason': 'Manual interrupt', 'uptime': 99.28910994529724}
2025-09-25 16:51:38,015 - INFO - OP StrategyExit | {'reason': 'Manual interrupt', 'uptime': 99.32262921333313}
2025-09-25 16:51:38,049 - INFO - OP StrategyExit | {'reason': 'Manual interrupt', 'uptime': 99.35675191879272}
2025-09-25 16:51:38,081 - INFO - OP StrategyExit | {'reason': 'Manual interrupt', 'uptime': 99.38817739486694}
2025-09-25 16:51:38,111 - INFO - OP StrategyExit | {'reason': 'Manual interrupt', 'uptime': 99.41874647140503}
2025-09-25 16:51:38,151 - INFO - OP StrategyExit | {'reason': 'Manual interrupt', 'uptime': 99.45801377296448}
2025-09-25 16:51:38,180 - INFO - OP StrategyExit | {'reason': 'Manual interrupt', 'uptime': 99.48792505264282}
2025-09-25 16:51:38,221 - INFO - OP StrategyExit | {'reason': 'Manual interrupt', 'uptime': 99.52840232849121}
2025-09-25 16:51:38,233 - INFO - OP StrategyExit | {'reason': 'Manual interrupt', 'uptime': 99.54045057296753}
2025-09-25 16:51:38,268 - INFO - OP StrategyExit | {'reason': 'Manual interrupt', 'uptime': 99.57513761520386}
2025-09-25 16:51:38,299 - INFO - OP StrategyExit | {'reason': 'Manual interrupt', 'uptime': 99.60696578025818}
2025-09-25 16:51:38,330 - INFO - OP StrategyExit | {'reason': 'Manual interrupt', 'uptime': 99.63717889785767}
2025-09-25 16:51:38,382 - INFO - OP StrategyExit | {'reason': 'Manual interrupt', 'uptime': 99.68978571891785}
2025-09-25 16:51:38,419 - INFO - OP StrategyExit | {'reason': 'Manual interrupt', 'uptime': 99.72646355628967}
2025-09-25 16:51:38,448 - INFO - OP StrategyExit | {'reason': 'Manual interrupt', 'uptime': 99.75592517852783}
2025-09-25 16:51:38,481 - INFO - OP StrategyExit | {'reason': 'Manual interrupt', 'uptime': 99.78810024261475}
2025-09-25 16:51:38,510 - INFO - OP StrategyExit | {'reason': 'Manual interrupt', 'uptime': 99.81707262992859}
2025-09-25 16:51:38,541 - INFO - OP StrategyExit | {'reason': 'Manual interrupt', 'uptime': 99.84894347190857}
2025-09-25 16:51:38,573 - INFO - OP StrategyExit | {'reason': 'Manual interrupt', 'uptime': 99.88046646118164}
2025-09-25 16:51:38,611 - INFO - OP StrategyExit | {'reason': 'Manual interrupt', 'uptime': 99.91841769218445}
2025-09-25 16:51:38,643 - INFO - OP StrategyExit | {'reason': 'Manual interrupt', 'uptime': 99.9505569934845}
2025-09-25 16:51:38,672 - INFO - OP StrategyExit | {'reason': 'Manual interrupt', 'uptime': 99.9794352054596}
2025-09-25 16:51:38,707 - INFO - OP StrategyExit | {'reason': 'Manual interrupt', 'uptime': 100.0148720741272}
2025-09-25 16:51:38,747 - INFO - OP StrategyExit | {'reason': 'Manual interrupt', 'uptime': 100.05433917045593}
2025-09-25 16:51:38,755 - INFO - OP StrategyExit | {'reason': 'Manual interrupt', 'uptime': 100.06269192695618}
2025-09-25 16:51:38,805 - INFO - OP StrategyExit | {'reason': 'Manual interrupt', 'uptime': 100.11289834976196}
2025-09-25 16:51:38,840 - INFO - OP StrategyExit | {'reason': 'Manual interrupt', 'uptime': 100.1472647190094}
2025-09-25 16:51:38,876 - INFO - OP StrategyExit | {'reason': 'Manual interrupt', 'uptime': 100.18361568450928}
2025-09-25 16:51:38,910 - INFO - OP StrategyExit | {'reason': 'Manual interrupt', 'uptime': 100.21734666824341}
2025-09-25 16:51:38,942 - INFO - OP StrategyExit | {'reason': 'Manual interrupt', 'uptime': 100.24957633018494}
2025-09-25 16:51:38,957 - INFO - OP StrategyExit | {'reason': 'Manual interrupt', 'uptime': 100.26401209831238}
2025-09-25 16:51:39,014 - INFO - OP StrategyExit | {'reason': 'Manual interrupt', 'uptime': 100.3215434551239}
2025-09-25 16:51:39,119 - INFO - OP StrategyExit | {'reason': 'Manual interrupt', 'uptime': 100.42619252204895}
2025-09-25 16:51:39,224 - INFO - OP StrategyExit | {'reason': 'Manual interrupt', 'uptime': 100.53104448318481}
2025-09-25 16:51:39,452 - INFO - OP StrategyExit | {'reason': 'Manual interrupt', 'uptime': 100.75914335250854}
2025-09-25 16:51:39,596 - INFO - OP StrategyExit | {'reason': 'Manual interrupt', 'uptime': 100.90366840362549}
2025-09-25 16:51:39,719 - INFO - OP StrategyExit | {'reason': 'Manual interrupt', 'uptime': 101.02644610404968}
2025-09-25 16:51:40,180 - INFO - OP StrategyExit | {'reason': 'Manual interrupt', 'uptime': 101.48718810081482}
2025-09-25 16:51:40,212 - INFO - OP StrategyExit | {'reason': 'Manual interrupt', 'uptime': 101.51959729194641}
2025-09-25 16:51:40,242 - INFO - OP StrategyExit | {'reason': 'Manual interrupt', 'uptime': 101.54964566230774}
2025-09-25 16:51:40,275 - INFO - OP StrategyExit | {'reason': 'Manual interrupt', 'uptime': 101.58284783363342}
2025-09-25 16:51:40,309 - INFO - OP StrategyExit | {'reason': 'Manual interrupt', 'uptime': 101.61610579490662}
2025-09-25 16:51:40,340 - INFO - OP StrategyExit | {'reason': 'Manual interrupt', 'uptime': 101.64709186553955}
2025-09-25 16:51:40,376 - INFO - OP StrategyExit | {'reason': 'Manual interrupt', 'uptime': 101.68356370925903}
2025-09-25 16:51:40,412 - INFO - OP StrategyExit | {'reason': 'Manual interrupt', 'uptime': 101.71984100341797}
2025-09-25 16:51:40,443 - INFO - OP StrategyExit | {'reason': 'Manual interrupt', 'uptime': 101.75031614303589}
2025-09-25 16:51:40,475 - INFO - OP StrategyExit | {'reason': 'Manual interrupt', 'uptime': 101.78285336494446}
2025-09-25 16:51:40,504 - INFO - OP StrategyExit | {'reason': 'Manual interrupt', 'uptime': 101.81198763847351}
2025-09-25 16:51:40,537 - INFO - OP StrategyExit | {'reason': 'Manual interrupt', 'uptime': 101.84411597251892}
2025-09-25 16:51:40,568 - INFO - OP StrategyExit | {'reason': 'Manual interrupt', 'uptime': 101.87550592422485}
2025-09-25 16:51:40,603 - INFO - OP StrategyExit | {'reason': 'Manual interrupt', 'uptime': 101.91051244735718}
2025-09-25 16:51:40,642 - INFO - OP StrategyExit | {'reason': 'Manual interrupt', 'uptime': 101.94988346099854}
2025-09-25 16:51:40,673 - INFO - OP StrategyExit | {'reason': 'Manual interrupt', 'uptime': 101.9805371761322}
2025-09-25 16:51:40,726 - INFO - OP StrategyExit | {'reason': 'Manual interrupt', 'uptime': 102.03346848487854}
2025-09-25 16:51:40,733 - INFO - OP StrategyExit | {'reason': 'Manual interrupt', 'uptime': 102.04001355171204}
2025-09-25 16:51:40,777 - INFO - OP StrategyExit | {'reason': 'Manual interrupt', 'uptime': 102.08410930633545}
2025-09-25 16:51:40,820 - INFO - OP StrategyExit | {'reason': 'Manual interrupt', 'uptime': 102.12787008285522}
2025-09-25 16:51:40,857 - INFO - OP StrategyExit | {'reason': 'Manual interrupt', 'uptime': 102.16430282592773}
2025-09-25 16:51:40,888 - INFO - OP StrategyExit | {'reason': 'Manual interrupt', 'uptime': 102.19578337669373}
2025-09-25 16:51:40,899 - INFO - OP StrategyExit | {'reason': 'Manual interrupt', 'uptime': 102.20662188529968}
2025-09-25 16:51:40,930 - INFO - OP StrategyExit | {'reason': 'Manual interrupt', 'uptime': 102.23767614364624}
2025-09-25 16:51:40,968 - INFO - OP StrategyExit | {'reason': 'Manual interrupt', 'uptime': 102.27535605430603}
2025-09-25 16:51:41,006 - INFO - OP StrategyExit | {'reason': 'Manual interrupt', 'uptime': 102.31315493583679}
2025-09-25 16:51:41,037 - INFO - OP StrategyExit | {'reason': 'Manual interrupt', 'uptime': 102.3440170288086}
2025-09-25 16:51:41,068 - INFO - OP StrategyExit | {'reason': 'Manual interrupt', 'uptime': 102.37539219856262}
2025-09-25 16:51:41,103 - INFO - OP StrategyExit | {'reason': 'Manual interrupt', 'uptime': 102.41042470932007}
2025-09-25 16:51:41,139 - INFO - OP StrategyExit | {'reason': 'Manual interrupt', 'uptime': 102.4463701248169}
2025-09-25 16:51:41,160 - INFO - OP StrategyExit | {'reason': 'Manual interrupt', 'uptime': 102.46730303764343}
2025-09-25 16:51:41,208 - INFO - OP StrategyExit | {'reason': 'Manual interrupt', 'uptime': 102.51591229438782}
2025-09-25 16:51:41,245 - INFO - OP StrategyExit | {'reason': 'Manual interrupt', 'uptime': 102.55252838134766}
2025-09-25 16:51:41,276 - INFO - OP StrategyExit | {'reason': 'Manual interrupt', 'uptime': 102.58356022834778}
2025-09-25 16:51:41,308 - INFO - OP StrategyExit | {'reason': 'Manual interrupt', 'uptime': 102.61578965187073}
2025-09-25 16:51:41,343 - INFO - OP StrategyExit | {'reason': 'Manual interrupt', 'uptime': 102.65074133872986}
2025-09-25 16:51:41,370 - INFO - OP StrategyExit | {'reason': 'Manual interrupt', 'uptime': 102.67792510986328}
2025-09-25 16:51:41,396 - INFO - OP StrategyExit | {'reason': 'Manual interrupt', 'uptime': 102.70344758033752}
2025-09-25 16:51:41,434 - INFO - OP StrategyExit | {'reason': 'Manual interrupt', 'uptime': 102.7415099143982}
2025-09-25 16:51:41,464 - INFO - OP StrategyExit | {'reason': 'Manual interrupt', 'uptime': 102.77134370803833}
2025-09-25 16:51:41,494 - INFO - OP StrategyExit | {'reason': 'Manual interrupt', 'uptime': 102.80128455162048}
2025-09-25 16:51:41,526 - INFO - OP StrategyExit | {'reason': 'Manual interrupt', 'uptime': 102.83326196670532}
2025-09-25 16:51:41,557 - INFO - OP StrategyExit | {'reason': 'Manual interrupt', 'uptime': 102.86483764648438}
2025-09-25 16:51:41,602 - INFO - OP StrategyExit | {'reason': 'Manual interrupt', 'uptime': 102.90900564193726}
2025-09-25 16:51:41,634 - INFO - OP StrategyExit | {'reason': 'Manual interrupt', 'uptime': 102.94198107719421}
2025-09-25 16:51:41,665 - INFO - OP StrategyExit | {'reason': 'Manual interrupt', 'uptime': 102.97232747077942}
2025-09-25 16:51:41,698 - INFO - OP StrategyExit | {'reason': 'Manual interrupt', 'uptime': 103.00564861297607}
2025-09-25 16:51:41,726 - INFO - OP StrategyExit | {'reason': 'Manual interrupt', 'uptime': 103.03342270851135}
2025-09-25 16:51:41,757 - INFO - OP StrategyExit | {'reason': 'Manual interrupt', 'uptime': 103.06401371955872}
2025-09-25 16:51:41,788 - INFO - OP StrategyExit | {'reason': 'Manual interrupt', 'uptime': 103.09591054916382}
2025-09-25 16:51:41,830 - INFO - OP StrategyExit | {'reason': 'Manual interrupt', 'uptime': 103.13772106170654}
2025-09-25 16:51:41,865 - INFO - OP StrategyExit | {'reason': 'Manual interrupt', 'uptime': 103.1724009513855}
2025-09-25 16:51:41,898 - INFO - OP StrategyExit | {'reason': 'Manual interrupt', 'uptime': 103.20599627494812}
2025-09-25 16:51:41,928 - INFO - OP StrategyExit | {'reason': 'Manual interrupt', 'uptime': 103.23586916923523}
2025-09-25 16:51:41,969 - INFO - OP StrategyExit | {'reason': 'Manual interrupt', 'uptime': 103.27603888511658}
2025-09-25 16:51:42,001 - INFO - OP StrategyExit | {'reason': 'Manual interrupt', 'uptime': 103.30843210220337}
2025-09-25 16:51:42,014 - INFO - OP StrategyExit | {'reason': 'Manual interrupt', 'uptime': 103.32177805900574}
2025-09-25 16:51:42,060 - INFO - OP StrategyExit | {'reason': 'Manual interrupt', 'uptime': 103.3673791885376}
2025-09-25 16:51:42,093 - INFO - OP StrategyExit | {'reason': 'Manual interrupt', 'uptime': 103.40011763572693}
2025-09-25 16:51:42,123 - INFO - OP StrategyExit | {'reason': 'Manual interrupt', 'uptime': 103.43035840988159}
2025-09-25 16:51:42,162 - INFO - OP StrategyExit | {'reason': 'Manual interrupt', 'uptime': 103.46919083595276}
2025-09-25 16:51:42,195 - INFO - OP StrategyExit | {'reason': 'Manual interrupt', 'uptime': 103.50242376327515}
2025-09-25 16:52:05,289 - INFO - ExecutionEngine initialized for backpack account 1
2025-09-25 16:52:07,589 - INFO - ExecutionEngine initialized for backpack account 0
2025-09-25 16:52:13,358 - INFO - ExecutionEngine initialized for backpack account 3
2025-09-25 16:52:13,358 - INFO - OP StrategyStart | {'exchange': 'backpack', 'strategy': 'Grid-Order-Management', 'version': '3.0', 'force_refresh': False}
2025-09-25 16:52:13,359 - INFO - OP StrategyStart | {'exchange': 'backpack', 'strategy': 'Grid-Order-Management', 'version': '3.0', 'force_refresh': False}
2025-09-25 16:52:13,359 - INFO - OP StrategyStart | {'exchange': 'backpack', 'strategy': 'Grid-Order-Management', 'version': '3.0', 'force_refresh': False}
2025-09-25 16:59:56,617 - INFO - OP StrategyExit | {'reason': 'Manual interrupt', 'uptime': 463.25405836105347}
2025-09-25 16:59:56,765 - INFO - OP StrategyExit | {'reason': 'Manual interrupt', 'uptime': 463.40252661705017}
2025-09-25 16:59:57,996 - INFO - OP StrategyExit | {'reason': 'Manual interrupt', 'uptime': 464.6333956718445}
2025-09-25 16:59:58,512 - INFO - OP StrategyExit | {'reason': 'Manual interrupt', 'uptime': 465.1490035057068}
2025-09-25 16:59:58,549 - INFO - OP StrategyExit | {'reason': 'Manual interrupt', 'uptime': 465.18676257133484}
2025-09-25 16:59:58,584 - INFO - OP StrategyExit | {'reason': 'Manual interrupt', 'uptime': 465.22120785713196}
2025-09-25 16:59:58,649 - INFO - OP StrategyExit | {'reason': 'Manual interrupt', 'uptime': 465.28655672073364}
2025-09-25 16:59:58,710 - INFO - OP StrategyExit | {'reason': 'Manual interrupt', 'uptime': 465.34748911857605}
2025-09-25 16:59:58,769 - INFO - OP StrategyExit | {'reason': 'Manual interrupt', 'uptime': 465.4060354232788}
2025-09-25 16:59:58,774 - INFO - OP StrategyExit | {'reason': 'Manual interrupt', 'uptime': 465.4111773967743}
2025-09-25 16:59:58,812 - INFO - OP StrategyExit | {'reason': 'Manual interrupt', 'uptime': 465.4498109817505}
2025-09-25 16:59:58,843 - INFO - OP StrategyExit | {'reason': 'Manual interrupt', 'uptime': 465.4800794124603}
2025-09-25 16:59:58,874 - INFO - OP StrategyExit | {'reason': 'Manual interrupt', 'uptime': 465.5112633705139}
2025-09-25 16:59:58,897 - INFO - OP StrategyExit | {'reason': 'Manual interrupt', 'uptime': 465.5341260433197}
2025-09-25 16:59:58,937 - INFO - OP StrategyExit | {'reason': 'Manual interrupt', 'uptime': 465.5747666358948}
2025-09-25 16:59:58,964 - INFO - OP StrategyExit | {'reason': 'Manual interrupt', 'uptime': 465.60174775123596}
2025-09-25 16:59:59,006 - INFO - OP StrategyExit | {'reason': 'Manual interrupt', 'uptime': 465.64312052726746}
2025-09-25 16:59:59,039 - INFO - OP StrategyExit | {'reason': 'Manual interrupt', 'uptime': 465.6766595840454}
2025-09-25 16:59:59,070 - INFO - OP StrategyExit | {'reason': 'Manual interrupt', 'uptime': 465.70707058906555}
2025-09-25 16:59:59,099 - INFO - OP StrategyExit | {'reason': 'Manual interrupt', 'uptime': 465.73679304122925}
2025-09-25 16:59:59,129 - INFO - OP StrategyExit | {'reason': 'Manual interrupt', 'uptime': 465.7665500640869}
2025-09-25 16:59:59,158 - INFO - OP StrategyExit | {'reason': 'Manual interrupt', 'uptime': 465.795414686203}
2025-09-25 16:59:59,203 - INFO - OP StrategyExit | {'reason': 'Manual interrupt', 'uptime': 465.84014344215393}
2025-09-25 16:59:59,234 - INFO - OP StrategyExit | {'reason': 'Manual interrupt', 'uptime': 465.87093567848206}
2025-09-25 16:59:59,263 - INFO - OP StrategyExit | {'reason': 'Manual interrupt', 'uptime': 465.90038561820984}
2025-09-25 16:59:59,294 - INFO - OP StrategyExit | {'reason': 'Manual interrupt', 'uptime': 465.93132615089417}
2025-09-25 16:59:59,325 - INFO - OP StrategyExit | {'reason': 'Manual interrupt', 'uptime': 465.96269822120667}
2025-09-25 16:59:59,356 - INFO - OP StrategyExit | {'reason': 'Manual interrupt', 'uptime': 465.9933352470398}
2025-09-25 16:59:59,402 - INFO - OP StrategyExit | {'reason': 'Manual interrupt', 'uptime': 466.0396258831024}
2025-09-25 16:59:59,435 - INFO - OP StrategyExit | {'reason': 'Manual interrupt', 'uptime': 466.0727882385254}
2025-09-25 16:59:59,464 - INFO - OP StrategyExit | {'reason': 'Manual interrupt', 'uptime': 466.1015672683716}
2025-09-25 16:59:59,495 - INFO - OP StrategyExit | {'reason': 'Manual interrupt', 'uptime': 466.13226079940796}
2025-09-25 16:59:59,524 - INFO - OP StrategyExit | {'reason': 'Manual interrupt', 'uptime': 466.16101813316345}
2025-09-25 16:59:59,555 - INFO - OP StrategyExit | {'reason': 'Manual interrupt', 'uptime': 466.1921443939209}
2025-09-25 16:59:59,602 - INFO - OP StrategyExit | {'reason': 'Manual interrupt', 'uptime': 466.2391426563263}
2025-09-25 16:59:59,632 - INFO - OP StrategyExit | {'reason': 'Manual interrupt', 'uptime': 466.2698082923889}
2025-09-25 16:59:59,663 - INFO - OP StrategyExit | {'reason': 'Manual interrupt', 'uptime': 466.2999486923218}
2025-09-25 16:59:59,693 - INFO - OP StrategyExit | {'reason': 'Manual interrupt', 'uptime': 466.3305757045746}
2025-09-25 16:59:59,725 - INFO - OP StrategyExit | {'reason': 'Manual interrupt', 'uptime': 466.36197423934937}
2025-09-25 16:59:59,755 - INFO - OP StrategyExit | {'reason': 'Manual interrupt', 'uptime': 466.3926293849945}
2025-09-25 16:59:59,786 - INFO - OP StrategyExit | {'reason': 'Manual interrupt', 'uptime': 466.4231243133545}
2025-09-25 16:59:59,818 - INFO - OP StrategyExit | {'reason': 'Manual interrupt', 'uptime': 466.4552733898163}
2025-09-25 16:59:59,863 - INFO - OP StrategyExit | {'reason': 'Manual interrupt', 'uptime': 466.5004439353943}
2025-09-25 16:59:59,895 - INFO - OP StrategyExit | {'reason': 'Manual interrupt', 'uptime': 466.53241205215454}
2025-09-25 16:59:59,927 - INFO - OP StrategyExit | {'reason': 'Manual interrupt', 'uptime': 466.5640666484833}
2025-09-25 16:59:59,956 - INFO - OP StrategyExit | {'reason': 'Manual interrupt', 'uptime': 466.5931088924408}
2025-09-25 16:59:59,988 - INFO - OP StrategyExit | {'reason': 'Manual interrupt', 'uptime': 466.6252269744873}
2025-09-25 17:00:00,016 - INFO - OP StrategyExit | {'reason': 'Manual interrupt', 'uptime': 466.6533124446869}
2025-09-25 17:00:00,063 - INFO - OP StrategyExit | {'reason': 'Manual interrupt', 'uptime': 466.7006814479828}
2025-09-25 17:00:00,095 - INFO - OP StrategyExit | {'reason': 'Manual interrupt', 'uptime': 466.7321949005127}
2025-09-25 17:00:00,125 - INFO - OP StrategyExit | {'reason': 'Manual interrupt', 'uptime': 466.7624385356903}
2025-09-25 17:00:00,156 - INFO - OP StrategyExit | {'reason': 'Manual interrupt', 'uptime': 466.7933053970337}
2025-09-25 17:00:00,187 - INFO - OP StrategyExit | {'reason': 'Manual interrupt', 'uptime': 466.82407212257385}
2025-09-25 17:00:00,218 - INFO - OP StrategyExit | {'reason': 'Manual interrupt', 'uptime': 466.8554759025574}
2025-09-25 17:00:00,249 - INFO - OP StrategyExit | {'reason': 'Manual interrupt', 'uptime': 466.8867542743683}
2025-09-25 17:00:00,279 - INFO - OP StrategyExit | {'reason': 'Manual interrupt', 'uptime': 466.91668152809143}
2025-09-25 17:00:00,325 - INFO - OP StrategyExit | {'reason': 'Manual interrupt', 'uptime': 466.96270418167114}
2025-09-25 17:00:00,356 - INFO - OP StrategyExit | {'reason': 'Manual interrupt', 'uptime': 466.99300146102905}
2025-09-25 17:00:00,386 - INFO - OP StrategyExit | {'reason': 'Manual interrupt', 'uptime': 467.0237309932709}
2025-09-25 17:00:00,418 - INFO - OP StrategyExit | {'reason': 'Manual interrupt', 'uptime': 467.05586099624634}
2025-09-25 17:00:00,448 - INFO - OP StrategyExit | {'reason': 'Manual interrupt', 'uptime': 467.0854797363281}
2025-09-25 17:00:00,478 - INFO - OP StrategyExit | {'reason': 'Manual interrupt', 'uptime': 467.11506271362305}
2025-09-25 17:00:00,524 - INFO - OP StrategyExit | {'reason': 'Manual interrupt', 'uptime': 467.16155672073364}
2025-09-25 17:00:00,555 - INFO - OP StrategyExit | {'reason': 'Manual interrupt', 'uptime': 467.1920371055603}
2025-09-25 17:00:00,585 - INFO - OP StrategyExit | {'reason': 'Manual interrupt', 'uptime': 467.22233152389526}
2025-09-25 17:00:00,626 - INFO - OP StrategyExit | {'reason': 'Manual interrupt', 'uptime': 467.26359581947327}
2025-09-25 17:00:00,662 - INFO - OP StrategyExit | {'reason': 'Manual interrupt', 'uptime': 467.2989647388458}
2025-09-25 17:00:00,674 - INFO - OP StrategyExit | {'reason': 'Manual interrupt', 'uptime': 467.31177043914795}
2025-09-25 17:00:00,721 - INFO - OP StrategyExit | {'reason': 'Manual interrupt', 'uptime': 467.3583655357361}
2025-09-25 17:00:00,751 - INFO - OP StrategyExit | {'reason': 'Manual interrupt', 'uptime': 467.3887515068054}
2025-09-25 17:00:00,784 - INFO - OP StrategyExit | {'reason': 'Manual interrupt', 'uptime': 467.42086577415466}
2025-09-25 17:00:00,814 - INFO - OP StrategyExit | {'reason': 'Manual interrupt', 'uptime': 467.4514379501343}
2025-09-25 17:00:00,846 - INFO - OP StrategyExit | {'reason': 'Manual interrupt', 'uptime': 467.483261346817}
2025-09-25 17:00:00,877 - INFO - OP StrategyExit | {'reason': 'Manual interrupt', 'uptime': 467.5141291618347}
2025-09-25 17:00:00,908 - INFO - OP StrategyExit | {'reason': 'Manual interrupt', 'uptime': 467.5454685688019}
2025-09-25 17:00:00,952 - INFO - OP StrategyExit | {'reason': 'Manual interrupt', 'uptime': 467.5895655155182}
2025-09-25 17:00:00,984 - INFO - OP StrategyExit | {'reason': 'Manual interrupt', 'uptime': 467.6218295097351}
2025-09-25 17:00:01,015 - INFO - OP StrategyExit | {'reason': 'Manual interrupt', 'uptime': 467.65271067619324}
2025-09-25 17:00:01,046 - INFO - OP StrategyExit | {'reason': 'Manual interrupt', 'uptime': 467.6837923526764}
2025-09-25 17:00:01,076 - INFO - OP StrategyExit | {'reason': 'Manual interrupt', 'uptime': 467.7137794494629}
2025-09-25 17:00:01,110 - INFO - OP StrategyExit | {'reason': 'Manual interrupt', 'uptime': 467.74688601493835}
2025-09-25 17:00:01,140 - INFO - OP StrategyExit | {'reason': 'Manual interrupt', 'uptime': 467.7770252227783}
2025-09-25 17:00:01,171 - INFO - OP StrategyExit | {'reason': 'Manual interrupt', 'uptime': 467.80795216560364}
2025-09-25 17:00:01,217 - INFO - OP StrategyExit | {'reason': 'Manual interrupt', 'uptime': 467.8547616004944}
2025-09-25 17:00:01,248 - INFO - OP StrategyExit | {'reason': 'Manual interrupt', 'uptime': 467.88528776168823}
2025-09-25 17:00:01,279 - INFO - OP StrategyExit | {'reason': 'Manual interrupt', 'uptime': 467.91674971580505}
2025-09-25 17:00:01,310 - INFO - OP StrategyExit | {'reason': 'Manual interrupt', 'uptime': 467.9471347332001}
2025-09-25 17:00:01,341 - INFO - OP StrategyExit | {'reason': 'Manual interrupt', 'uptime': 467.9788086414337}
2025-09-25 17:00:01,373 - INFO - OP StrategyExit | {'reason': 'Manual interrupt', 'uptime': 468.0103545188904}
2025-09-25 17:00:01,403 - INFO - OP StrategyExit | {'reason': 'Manual interrupt', 'uptime': 468.04081869125366}
2025-09-25 17:00:01,449 - INFO - OP StrategyExit | {'reason': 'Manual interrupt', 'uptime': 468.08643341064453}
2025-09-25 17:00:01,484 - INFO - OP StrategyExit | {'reason': 'Manual interrupt', 'uptime': 468.1209592819214}
2025-09-25 17:00:01,516 - INFO - OP StrategyExit | {'reason': 'Manual interrupt', 'uptime': 468.15385031700134}
2025-09-25 17:00:01,549 - INFO - OP StrategyExit | {'reason': 'Manual interrupt', 'uptime': 468.18655610084534}
2025-09-25 17:00:01,581 - INFO - OP StrategyExit | {'reason': 'Manual interrupt', 'uptime': 468.21866273880005}
2025-09-25 17:00:01,607 - INFO - OP StrategyExit | {'reason': 'Manual interrupt', 'uptime': 468.2441899776459}
2025-09-25 17:00:01,636 - INFO - OP StrategyExit | {'reason': 'Manual interrupt', 'uptime': 468.2734885215759}
2025-09-25 17:00:01,667 - INFO - OP StrategyExit | {'reason': 'Manual interrupt', 'uptime': 468.3039448261261}
2025-09-25 17:00:01,698 - INFO - OP StrategyExit | {'reason': 'Manual interrupt', 'uptime': 468.3350055217743}
2025-09-25 17:00:01,744 - INFO - OP StrategyExit | {'reason': 'Manual interrupt', 'uptime': 468.38146352767944}
2025-09-25 17:00:01,775 - INFO - OP StrategyExit | {'reason': 'Manual interrupt', 'uptime': 468.4123315811157}
2025-09-25 17:00:01,804 - INFO - OP StrategyExit | {'reason': 'Manual interrupt', 'uptime': 468.4412636756897}
2025-09-25 17:00:01,833 - INFO - OP StrategyExit | {'reason': 'Manual interrupt', 'uptime': 468.4706172943115}
2025-09-25 17:00:01,865 - INFO - OP StrategyExit | {'reason': 'Manual interrupt', 'uptime': 468.5022625923157}
2025-09-25 17:00:01,896 - INFO - OP StrategyExit | {'reason': 'Manual interrupt', 'uptime': 468.5335109233856}
2025-09-25 17:00:01,942 - INFO - OP StrategyExit | {'reason': 'Manual interrupt', 'uptime': 468.5794789791107}
2025-09-25 17:00:01,974 - INFO - OP StrategyExit | {'reason': 'Manual interrupt', 'uptime': 468.611447095871}
2025-09-25 17:00:02,004 - INFO - OP StrategyExit | {'reason': 'Manual interrupt', 'uptime': 468.6415710449219}
2025-09-25 17:00:02,035 - INFO - OP StrategyExit | {'reason': 'Manual interrupt', 'uptime': 468.67254185676575}
2025-09-25 17:00:02,064 - INFO - OP StrategyExit | {'reason': 'Manual interrupt', 'uptime': 468.70186948776245}
2025-09-25 17:00:02,096 - INFO - OP StrategyExit | {'reason': 'Manual interrupt', 'uptime': 468.73373198509216}
2025-09-25 17:00:02,141 - INFO - OP StrategyExit | {'reason': 'Manual interrupt', 'uptime': 468.7786753177643}
2025-09-25 17:00:02,172 - INFO - OP StrategyExit | {'reason': 'Manual interrupt', 'uptime': 468.8094916343689}
2025-09-25 17:00:02,208 - INFO - OP StrategyExit | {'reason': 'Manual interrupt', 'uptime': 468.84510707855225}
2025-09-25 17:00:02,235 - INFO - OP StrategyExit | {'reason': 'Manual interrupt', 'uptime': 468.8726587295532}
2025-09-25 17:00:02,272 - INFO - OP StrategyExit | {'reason': 'Manual interrupt', 'uptime': 468.9089798927307}
2025-09-25 17:00:02,297 - INFO - OP StrategyExit | {'reason': 'Manual interrupt', 'uptime': 468.9347870349884}
2025-09-25 17:00:02,343 - INFO - OP StrategyExit | {'reason': 'Manual interrupt', 'uptime': 468.97997641563416}
2025-09-25 17:00:02,382 - INFO - OP StrategyExit | {'reason': 'Manual interrupt', 'uptime': 469.0192279815674}
2025-09-25 17:00:02,422 - INFO - OP StrategyExit | {'reason': 'Manual interrupt', 'uptime': 469.0595898628235}
2025-09-25 17:00:02,434 - INFO - OP StrategyExit | {'reason': 'Manual interrupt', 'uptime': 469.07178592681885}
2025-09-25 17:00:02,464 - INFO - OP StrategyExit | {'reason': 'Manual interrupt', 'uptime': 469.10169434547424}
2025-09-25 17:00:02,506 - INFO - OP StrategyExit | {'reason': 'Manual interrupt', 'uptime': 469.1436176300049}
2025-09-25 17:00:02,532 - INFO - OP StrategyExit | {'reason': 'Manual interrupt', 'uptime': 469.16911482810974}
2025-09-25 17:00:02,557 - INFO - OP StrategyExit | {'reason': 'Manual interrupt', 'uptime': 469.1946671009064}
2025-09-25 17:00:02,603 - INFO - OP StrategyExit | {'reason': 'Manual interrupt', 'uptime': 469.2404329776764}
2025-09-25 17:00:02,635 - INFO - OP StrategyExit | {'reason': 'Manual interrupt', 'uptime': 469.2721297740936}
2025-09-25 17:00:02,666 - INFO - OP StrategyExit | {'reason': 'Manual interrupt', 'uptime': 469.30312061309814}
2025-09-25 17:00:02,698 - INFO - OP StrategyExit | {'reason': 'Manual interrupt', 'uptime': 469.33526587486267}
2025-09-25 17:00:02,731 - INFO - OP StrategyExit | {'reason': 'Manual interrupt', 'uptime': 469.36823201179504}
2025-09-25 17:00:02,759 - INFO - OP StrategyExit | {'reason': 'Manual interrupt', 'uptime': 469.3968274593353}
2025-09-25 17:00:02,788 - INFO - OP StrategyExit | {'reason': 'Manual interrupt', 'uptime': 469.42567133903503}
2025-09-25 17:00:02,835 - INFO - OP StrategyExit | {'reason': 'Manual interrupt', 'uptime': 469.47217893600464}
2025-09-25 17:00:02,865 - INFO - OP StrategyExit | {'reason': 'Manual interrupt', 'uptime': 469.5022120475769}
2025-09-25 17:00:02,896 - INFO - OP StrategyExit | {'reason': 'Manual interrupt', 'uptime': 469.53297543525696}
2025-09-25 17:00:02,925 - INFO - OP StrategyExit | {'reason': 'Manual interrupt', 'uptime': 469.5623960494995}
2025-09-25 17:00:03,067 - INFO - OP StrategyExit | {'reason': 'Manual interrupt', 'uptime': 469.70392656326294}
2025-09-25 17:00:03,569 - INFO - OP StrategyExit | {'reason': 'Manual interrupt', 'uptime': 470.20645093917847}
2025-09-25 17:00:03,616 - INFO - OP StrategyExit | {'reason': 'Manual interrupt', 'uptime': 470.2529230117798}
2025-09-25 17:00:03,647 - INFO - OP StrategyExit | {'reason': 'Manual interrupt', 'uptime': 470.2843632698059}
2025-09-25 17:00:03,679 - INFO - OP StrategyExit | {'reason': 'Manual interrupt', 'uptime': 470.3162178993225}
2025-09-25 17:00:03,710 - INFO - OP StrategyExit | {'reason': 'Manual interrupt', 'uptime': 470.34735107421875}
2025-09-25 17:00:03,740 - INFO - OP StrategyExit | {'reason': 'Manual interrupt', 'uptime': 470.3775749206543}
2025-09-25 17:00:03,773 - INFO - OP StrategyExit | {'reason': 'Manual interrupt', 'uptime': 470.40994811058044}
2025-09-25 17:00:03,805 - INFO - OP StrategyExit | {'reason': 'Manual interrupt', 'uptime': 470.4423930644989}
2025-09-25 17:00:03,835 - INFO - OP StrategyExit | {'reason': 'Manual interrupt', 'uptime': 470.47200751304626}
2025-09-25 17:00:03,866 - INFO - OP StrategyExit | {'reason': 'Manual interrupt', 'uptime': 470.50332403182983}
2025-09-25 17:00:03,911 - INFO - OP StrategyExit | {'reason': 'Manual interrupt', 'uptime': 470.5484838485718}
2025-09-25 17:00:03,941 - INFO - OP StrategyExit | {'reason': 'Manual interrupt', 'uptime': 470.57835626602173}
2025-09-25 17:00:03,972 - INFO - OP StrategyExit | {'reason': 'Manual interrupt', 'uptime': 470.6096405982971}
2025-09-25 17:00:04,004 - INFO - OP StrategyExit | {'reason': 'Manual interrupt', 'uptime': 470.6410584449768}
2025-09-25 17:00:04,036 - INFO - OP StrategyExit | {'reason': 'Manual interrupt', 'uptime': 470.6731071472168}
2025-09-25 17:00:04,066 - INFO - OP StrategyExit | {'reason': 'Manual interrupt', 'uptime': 470.7032186985016}
2025-09-25 17:00:04,096 - INFO - OP StrategyExit | {'reason': 'Manual interrupt', 'uptime': 470.7336781024933}
2025-09-25 17:00:04,144 - INFO - OP StrategyExit | {'reason': 'Manual interrupt', 'uptime': 470.7812285423279}
2025-09-25 17:00:04,175 - INFO - OP StrategyExit | {'reason': 'Manual interrupt', 'uptime': 470.8122434616089}
2025-09-25 17:00:04,212 - INFO - OP StrategyExit | {'reason': 'Manual interrupt', 'uptime': 470.8492512702942}
2025-09-25 17:00:04,248 - INFO - OP StrategyExit | {'reason': 'Manual interrupt', 'uptime': 470.88525319099426}
2025-09-25 17:00:04,284 - INFO - OP StrategyExit | {'reason': 'Manual interrupt', 'uptime': 470.92175221443176}
2025-09-25 17:00:04,296 - INFO - OP StrategyExit | {'reason': 'Manual interrupt', 'uptime': 470.9329836368561}
2025-09-25 17:00:04,327 - INFO - OP StrategyExit | {'reason': 'Manual interrupt', 'uptime': 470.96420431137085}
2025-09-25 17:00:04,360 - INFO - OP StrategyExit | {'reason': 'Manual interrupt', 'uptime': 470.99731945991516}
2025-09-25 17:00:04,407 - INFO - OP StrategyExit | {'reason': 'Manual interrupt', 'uptime': 471.0442669391632}
2025-09-25 17:00:04,438 - INFO - OP StrategyExit | {'reason': 'Manual interrupt', 'uptime': 471.07504510879517}
2025-09-25 17:00:04,468 - INFO - OP StrategyExit | {'reason': 'Manual interrupt', 'uptime': 471.10557103157043}
2025-09-25 17:00:04,500 - INFO - OP StrategyExit | {'reason': 'Manual interrupt', 'uptime': 471.13692355155945}
2025-09-25 17:00:04,529 - INFO - OP StrategyExit | {'reason': 'Manual interrupt', 'uptime': 471.16685009002686}
2025-09-25 17:00:04,560 - INFO - OP StrategyExit | {'reason': 'Manual interrupt', 'uptime': 471.1976902484894}
2025-09-25 17:00:04,592 - INFO - OP StrategyExit | {'reason': 'Manual interrupt', 'uptime': 471.22899866104126}
2025-09-25 17:00:04,623 - INFO - OP StrategyExit | {'reason': 'Manual interrupt', 'uptime': 471.26060223579407}
2025-09-25 17:00:04,669 - INFO - OP StrategyExit | {'reason': 'Manual interrupt', 'uptime': 471.3062152862549}
2025-09-25 17:00:04,700 - INFO - OP StrategyExit | {'reason': 'Manual interrupt', 'uptime': 471.33749532699585}
2025-09-25 17:00:04,733 - INFO - OP StrategyExit | {'reason': 'Manual interrupt', 'uptime': 471.3699908256531}
2025-09-25 17:00:04,866 - INFO - OP StrategyExit | {'reason': 'Manual interrupt', 'uptime': 471.50354266166687}
2025-09-25 17:00:05,015 - INFO - OP StrategyExit | {'reason': 'Manual interrupt', 'uptime': 471.65215849876404}
2025-09-25 17:00:05,195 - INFO - OP StrategyExit | {'reason': 'Manual interrupt', 'uptime': 471.8328137397766}
2025-09-25 17:00:05,407 - INFO - OP StrategyExit | {'reason': 'Manual interrupt', 'uptime': 472.04446601867676}
2025-09-25 17:00:05,587 - INFO - OP StrategyExit | {'reason': 'Manual interrupt', 'uptime': 472.22476410865784}
2025-09-25 17:00:05,765 - INFO - OP StrategyExit | {'reason': 'Manual interrupt', 'uptime': 472.40284848213196}
2025-09-25 17:00:05,977 - INFO - OP StrategyExit | {'reason': 'Manual interrupt', 'uptime': 472.61442136764526}
2025-09-25 17:00:06,155 - INFO - OP StrategyExit | {'reason': 'Manual interrupt', 'uptime': 472.7925879955292}
2025-09-25 17:00:06,661 - INFO - OP StrategyExit | {'reason': 'Manual interrupt', 'uptime': 473.2979893684387}
2025-09-25 17:00:06,693 - INFO - OP StrategyExit | {'reason': 'Manual interrupt', 'uptime': 473.3307762145996}
2025-09-25 17:00:06,724 - INFO - OP StrategyExit | {'reason': 'Manual interrupt', 'uptime': 473.3617284297943}
2025-09-25 17:00:06,771 - INFO - OP StrategyExit | {'reason': 'Manual interrupt', 'uptime': 473.40802574157715}
2025-09-25 17:00:06,803 - INFO - OP StrategyExit | {'reason': 'Manual interrupt', 'uptime': 473.44007110595703}
2025-09-25 17:00:06,832 - INFO - OP StrategyExit | {'reason': 'Manual interrupt', 'uptime': 473.469664812088}
2025-09-25 17:00:06,863 - INFO - OP StrategyExit | {'reason': 'Manual interrupt', 'uptime': 473.50033926963806}
2025-09-25 17:00:06,895 - INFO - OP StrategyExit | {'reason': 'Manual interrupt', 'uptime': 473.53196263313293}
2025-09-25 17:00:06,925 - INFO - OP StrategyExit | {'reason': 'Manual interrupt', 'uptime': 473.56242990493774}
2025-09-25 17:00:06,956 - INFO - OP StrategyExit | {'reason': 'Manual interrupt', 'uptime': 473.5937485694885}
2025-09-25 17:00:07,000 - INFO - OP StrategyExit | {'reason': 'Manual interrupt', 'uptime': 473.6373698711395}
2025-09-25 17:00:07,147 - INFO - OP StrategyExit | {'reason': 'Manual interrupt', 'uptime': 473.78434014320374}
2025-09-25 17:00:07,327 - INFO - OP StrategyExit | {'reason': 'Manual interrupt', 'uptime': 473.9647123813629}
2025-09-25 17:00:07,511 - INFO - OP StrategyExit | {'reason': 'Manual interrupt', 'uptime': 474.1485812664032}
2025-09-25 17:00:07,687 - INFO - OP StrategyExit | {'reason': 'Manual interrupt', 'uptime': 474.3242344856262}
2025-09-25 17:00:07,867 - INFO - OP StrategyExit | {'reason': 'Manual interrupt', 'uptime': 474.5048134326935}
2025-09-25 17:00:08,047 - INFO - OP StrategyExit | {'reason': 'Manual interrupt', 'uptime': 474.68419456481934}
2025-09-25 17:00:08,195 - INFO - OP StrategyExit | {'reason': 'Manual interrupt', 'uptime': 474.8326072692871}
2025-09-25 17:00:08,376 - INFO - OP StrategyExit | {'reason': 'Manual interrupt', 'uptime': 475.013060092926}
2025-09-25 17:00:08,876 - INFO - OP StrategyExit | {'reason': 'Manual interrupt', 'uptime': 475.51314067840576}
2025-09-25 17:00:08,924 - INFO - OP StrategyExit | {'reason': 'Manual interrupt', 'uptime': 475.5612497329712}
2025-09-25 17:00:08,954 - INFO - OP StrategyExit | {'reason': 'Manual interrupt', 'uptime': 475.5916745662689}
2025-09-25 17:00:08,987 - INFO - OP StrategyExit | {'reason': 'Manual interrupt', 'uptime': 475.6238582134247}
2025-09-25 17:00:09,019 - INFO - OP StrategyExit | {'reason': 'Manual interrupt', 'uptime': 475.6559774875641}
2025-09-25 17:00:09,046 - INFO - OP StrategyExit | {'reason': 'Manual interrupt', 'uptime': 475.68314933776855}
2025-09-25 17:00:09,077 - INFO - OP StrategyExit | {'reason': 'Manual interrupt', 'uptime': 475.7147674560547}
2025-09-25 17:00:09,108 - INFO - OP StrategyExit | {'reason': 'Manual interrupt', 'uptime': 475.74533557891846}
2025-09-25 17:00:09,153 - INFO - OP StrategyExit | {'reason': 'Manual interrupt', 'uptime': 475.7899079322815}
2025-09-25 17:00:09,183 - INFO - OP StrategyExit | {'reason': 'Manual interrupt', 'uptime': 475.8201241493225}
2025-09-25 17:00:09,214 - INFO - OP StrategyExit | {'reason': 'Manual interrupt', 'uptime': 475.8515360355377}
2025-09-25 17:00:09,245 - INFO - OP StrategyExit | {'reason': 'Manual interrupt', 'uptime': 475.88201212882996}
2025-09-25 17:00:09,276 - INFO - OP StrategyExit | {'reason': 'Manual interrupt', 'uptime': 475.91302132606506}
2025-09-25 17:00:09,308 - INFO - OP StrategyExit | {'reason': 'Manual interrupt', 'uptime': 475.94549226760864}
2025-09-25 17:00:09,353 - INFO - OP StrategyExit | {'reason': 'Manual interrupt', 'uptime': 475.9900801181793}
2025-09-25 17:00:09,382 - INFO - OP StrategyExit | {'reason': 'Manual interrupt', 'uptime': 476.0196943283081}
2025-09-25 17:00:09,415 - INFO - OP StrategyExit | {'reason': 'Manual interrupt', 'uptime': 476.05191802978516}
2025-09-25 17:00:09,445 - INFO - OP StrategyExit | {'reason': 'Manual interrupt', 'uptime': 476.0828516483307}
2025-09-25 17:00:09,476 - INFO - OP StrategyExit | {'reason': 'Manual interrupt', 'uptime': 476.1136221885681}
2025-09-25 17:00:09,508 - INFO - OP StrategyExit | {'reason': 'Manual interrupt', 'uptime': 476.14555406570435}
2025-09-25 17:00:09,540 - INFO - OP StrategyExit | {'reason': 'Manual interrupt', 'uptime': 476.1771082878113}
2025-09-25 17:00:09,584 - INFO - OP StrategyExit | {'reason': 'Manual interrupt', 'uptime': 476.2210922241211}
2025-09-25 17:00:09,616 - INFO - OP StrategyExit | {'reason': 'Manual interrupt', 'uptime': 476.25295424461365}
2025-09-25 17:00:09,646 - INFO - OP StrategyExit | {'reason': 'Manual interrupt', 'uptime': 476.2837724685669}
2025-09-25 17:00:09,677 - INFO - OP StrategyExit | {'reason': 'Manual interrupt', 'uptime': 476.3141314983368}
2025-09-25 17:00:09,708 - INFO - OP StrategyExit | {'reason': 'Manual interrupt', 'uptime': 476.34533500671387}
2025-09-25 17:00:09,739 - INFO - OP StrategyExit | {'reason': 'Manual interrupt', 'uptime': 476.3764855861664}
2025-09-25 17:00:09,775 - INFO - OP StrategyExit | {'reason': 'Manual interrupt', 'uptime': 476.41224813461304}
2025-09-25 17:00:09,802 - INFO - OP StrategyExit | {'reason': 'Manual interrupt', 'uptime': 476.439724445343}
2025-09-25 17:00:09,848 - INFO - OP StrategyExit | {'reason': 'Manual interrupt', 'uptime': 476.4856882095337}
2025-09-25 17:00:09,881 - INFO - OP StrategyExit | {'reason': 'Manual interrupt', 'uptime': 476.51820158958435}
2025-09-25 17:00:09,912 - INFO - OP StrategyExit | {'reason': 'Manual interrupt', 'uptime': 476.549031496048}
2025-09-25 17:00:09,945 - INFO - OP StrategyExit | {'reason': 'Manual interrupt', 'uptime': 476.5819458961487}
2025-09-25 17:00:09,974 - INFO - OP StrategyExit | {'reason': 'Manual interrupt', 'uptime': 476.61168146133423}
2025-09-25 17:00:10,005 - INFO - OP StrategyExit | {'reason': 'Manual interrupt', 'uptime': 476.64224100112915}
2025-09-25 17:00:10,036 - INFO - OP StrategyExit | {'reason': 'Manual interrupt', 'uptime': 476.67374753952026}
2025-09-25 17:00:10,067 - INFO - OP StrategyExit | {'reason': 'Manual interrupt', 'uptime': 476.7044668197632}
2025-09-25 17:00:10,112 - INFO - OP StrategyExit | {'reason': 'Manual interrupt', 'uptime': 476.74915504455566}
2025-09-25 17:00:10,147 - INFO - OP StrategyExit | {'reason': 'Manual interrupt', 'uptime': 476.78441166877747}
2025-09-25 17:00:10,184 - INFO - OP StrategyExit | {'reason': 'Manual interrupt', 'uptime': 476.8216724395752}
2025-09-25 17:00:10,220 - INFO - OP StrategyExit | {'reason': 'Manual interrupt', 'uptime': 476.8577563762665}
2025-09-25 17:00:10,246 - INFO - OP StrategyExit | {'reason': 'Manual interrupt', 'uptime': 476.882967710495}
2025-09-25 17:00:10,275 - INFO - OP StrategyExit | {'reason': 'Manual interrupt', 'uptime': 476.9120855331421}
2025-09-25 17:00:10,299 - INFO - OP StrategyExit | {'reason': 'Manual interrupt', 'uptime': 476.93637919425964}
2025-09-25 17:00:10,329 - INFO - OP StrategyExit | {'reason': 'Manual interrupt', 'uptime': 476.96679615974426}
2025-09-25 17:00:10,376 - INFO - OP StrategyExit | {'reason': 'Manual interrupt', 'uptime': 477.01285195350647}
2025-09-25 17:00:10,406 - INFO - OP StrategyExit | {'reason': 'Manual interrupt', 'uptime': 477.04332304000854}
2025-09-25 17:00:10,437 - INFO - OP StrategyExit | {'reason': 'Manual interrupt', 'uptime': 477.07461166381836}
2025-09-25 17:00:10,471 - INFO - OP StrategyExit | {'reason': 'Manual interrupt', 'uptime': 477.1083905696869}
2025-09-25 17:00:10,502 - INFO - OP StrategyExit | {'reason': 'Manual interrupt', 'uptime': 477.13969683647156}
2025-09-25 17:00:10,530 - INFO - OP StrategyExit | {'reason': 'Manual interrupt', 'uptime': 477.1674294471741}
2025-09-25 17:00:10,560 - INFO - OP StrategyExit | {'reason': 'Manual interrupt', 'uptime': 477.1976411342621}
2025-09-25 17:00:10,605 - INFO - OP StrategyExit | {'reason': 'Manual interrupt', 'uptime': 477.24229311943054}
2025-09-25 17:00:10,636 - INFO - OP StrategyExit | {'reason': 'Manual interrupt', 'uptime': 477.27360916137695}
2025-09-25 17:00:10,667 - INFO - OP StrategyExit | {'reason': 'Manual interrupt', 'uptime': 477.30422472953796}
2025-09-25 17:00:10,698 - INFO - OP StrategyExit | {'reason': 'Manual interrupt', 'uptime': 477.3351893424988}
2025-09-25 17:00:10,728 - INFO - OP StrategyExit | {'reason': 'Manual interrupt', 'uptime': 477.36579036712646}
2025-09-25 17:00:10,760 - INFO - OP StrategyExit | {'reason': 'Manual interrupt', 'uptime': 477.397376537323}
2025-09-25 17:00:10,791 - INFO - OP StrategyExit | {'reason': 'Manual interrupt', 'uptime': 477.42864084243774}
2025-09-25 17:00:11,951 - INFO - OP StrategyExit | {'reason': 'Manual interrupt', 'uptime': 478.58849906921387}
2025-09-25 17:00:33,093 - INFO - ExecutionEngine initialized for backpack account 1
2025-09-25 17:00:36,173 - INFO - ExecutionEngine initialized for backpack account 0
2025-09-25 17:00:42,025 - INFO - ExecutionEngine initialized for backpack account 3
2025-09-25 17:00:42,025 - INFO - OP StrategyStart | {'exchange': 'backpack', 'strategy': 'Grid-Order-Management', 'version': '3.0', 'force_refresh': False}
2025-09-25 17:00:42,026 - INFO - OP StrategyStart | {'exchange': 'backpack', 'strategy': 'Grid-Order-Management', 'version': '3.0', 'force_refresh': False}
2025-09-25 17:00:42,026 - INFO - OP StrategyStart | {'exchange': 'backpack', 'strategy': 'Grid-Order-Management', 'version': '3.0', 'force_refresh': False}
2025-09-25 20:17:03,563 - INFO - OP StrategyExit | {'reason': 'Manual interrupt', 'uptime': 11781.532798528671}
2025-09-26 01:01:25,274 - INFO - ExecutionEngine initialized for backpack account 1
2025-09-26 01:01:25,274 - INFO - OP StrategyStart | {'exchange': 'backpack', 'strategy': 'Grid-Order-Management', 'version': '3.0', 'force_refresh': True}
2025-09-26 16:43:56,976 - INFO - OP StrategyExit | {'reason': 'Manual interrupt', 'uptime': 56550.78193092346}
2025-10-05 00:17:28,207 - INFO - ExecutionEngine initialized for backpack account 1
2025-10-05 00:17:31,997 - INFO - ExecutionEngine initialized for backpack account 0
2025-10-05 00:17:35,675 - INFO - ExecutionEngine initialized for backpack account 3
2025-10-05 00:17:35,675 - INFO - OP StrategyStart | {'exchange': 'backpack', 'strategy': 'Grid-Order-Management', 'version': '3.0', 'force_refresh': False}
2025-10-05 00:17:35,676 - INFO - OP StrategyStart | {'exchange': 'backpack', 'strategy': 'Grid-Order-Management', 'version': '3.0', 'force_refresh': False}
2025-10-05 00:17:35,676 - INFO - OP StrategyStart | {'exchange': 'backpack', 'strategy': 'Grid-Order-Management', 'version': '3.0', 'force_refresh': False}
2025-10-06 08:32:19,431 - INFO - OP StrategyExit | {'reason': 'Manual interrupt', 'uptime': 116082.55193376541}
2025-10-06 08:32:36,507 - INFO - ExecutionEngine initialized for backpack account 1
2025-10-06 08:32:41,246 - INFO - ExecutionEngine initialized for backpack account 0
2025-10-06 08:32:54,191 - INFO - ExecutionEngine initialized for backpack account 3
2025-10-06 08:32:54,192 - INFO - OP StrategyStart | {'exchange': 'backpack', 'strategy': 'Grid-Order-Management', 'version': '3.0', 'force_refresh': False}
2025-10-06 08:32:54,192 - INFO - OP StrategyStart | {'exchange': 'backpack', 'strategy': 'Grid-Order-Management', 'version': '3.0', 'force_refresh': False}
2025-10-06 08:32:54,193 - INFO - OP StrategyStart | {'exchange': 'backpack', 'strategy': 'Grid-Order-Management', 'version': '3.0', 'force_refresh': False}
2025-10-07 01:59:40,123 - INFO - OP StrategyExit | {'reason': 'Manual interrupt', 'uptime': 62805.927565574646}
2025-10-07 01:59:52,777 - INFO - ExecutionEngine initialized for backpack account 1
2025-10-07 01:59:55,411 - INFO - ExecutionEngine initialized for backpack account 0
2025-10-07 01:59:57,193 - INFO - ExecutionEngine initialized for backpack account 3
2025-10-07 01:59:57,194 - INFO - OP StrategyStart | {'exchange': 'backpack', 'strategy': 'Grid-Order-Management', 'version': '3.0', 'force_refresh': False}
2025-10-07 01:59:57,194 - INFO - OP StrategyStart | {'exchange': 'backpack', 'strategy': 'Grid-Order-Management', 'version': '3.0', 'force_refresh': False}
2025-10-07 01:59:57,195 - INFO - OP StrategyStart | {'exchange': 'backpack', 'strategy': 'Grid-Order-Management', 'version': '3.0', 'force_refresh': False}
2025-10-07 02:00:03,072 - INFO - OP StrategyExit | {'reason': 'Manual interrupt', 'uptime': 4.960922479629517}
2025-10-07 02:00:10,589 - INFO - ExecutionEngine initialized for backpack account 1
2025-10-07 02:00:14,313 - INFO - ExecutionEngine initialized for backpack account 0
2025-10-07 02:00:16,416 - INFO - ExecutionEngine initialized for backpack account 3
2025-10-07 02:00:16,416 - INFO - OP StrategyStart | {'exchange': 'backpack', 'strategy': 'Grid-Order-Management', 'version': '3.0', 'force_refresh': False}
2025-10-07 02:00:16,417 - INFO - OP StrategyStart | {'exchange': 'backpack', 'strategy': 'Grid-Order-Management', 'version': '3.0', 'force_refresh': False}
2025-10-07 02:00:16,417 - INFO - OP StrategyStart | {'exchange': 'backpack', 'strategy': 'Grid-Order-Management', 'version': '3.0', 'force_refresh': False}
2025-10-07 21:16:57,119 - INFO - OP StrategyExit | {'reason': 'Manual interrupt', 'uptime': 69400.69913649559}
2025-10-07 21:17:02,665 - INFO - ExecutionEngine initialized for backpack account 1
2025-10-07 21:17:05,925 - INFO - ExecutionEngine initialized for backpack account 0
2025-10-07 21:17:09,885 - INFO - ExecutionEngine initialized for backpack account 3
2025-10-07 21:17:09,885 - INFO - OP StrategyStart | {'exchange': 'backpack', 'strategy': 'Grid-Order-Management', 'version': '3.0', 'force_refresh': False}
2025-10-07 21:17:09,886 - INFO - OP StrategyStart | {'exchange': 'backpack', 'strategy': 'Grid-Order-Management', 'version': '3.0', 'force_refresh': False}
2025-10-07 21:17:09,887 - INFO - OP StrategyStart | {'exchange': 'backpack', 'strategy': 'Grid-Order-Management', 'version': '3.0', 'force_refresh': False}
2025-10-08 01:38:27,514 - INFO - OP StrategyExit | {'reason': 'Manual interrupt', 'uptime': 15677.624453783035}
2025-10-08 01:38:31,821 - INFO - ExecutionEngine initialized for backpack account 1
2025-10-08 01:38:34,773 - INFO - ExecutionEngine initialized for backpack account 0
2025-10-08 01:38:37,473 - INFO - ExecutionEngine initialized for backpack account 3
2025-10-08 01:38:37,473 - INFO - OP StrategyStart | {'exchange': 'backpack', 'strategy': 'Grid-Order-Management', 'version': '3.0', 'force_refresh': False}
2025-10-08 01:38:37,474 - INFO - OP StrategyStart | {'exchange': 'backpack', 'strategy': 'Grid-Order-Management', 'version': '3.0', 'force_refresh': False}
2025-10-08 01:38:37,474 - INFO - OP StrategyStart | {'exchange': 'backpack', 'strategy': 'Grid-Order-Management', 'version': '3.0', 'force_refresh': False}
2025-10-09 19:27:40,575 - INFO - OP StrategyExit | {'reason': 'Manual interrupt', 'uptime': 150543.09824347496}
2025-10-09 19:28:57,298 - INFO - ExecutionEngine initialized for backpack account 1
2025-10-09 19:28:58,217 - INFO - ExecutionEngine initialized for backpack account 0
2025-10-09 19:28:59,137 - INFO - ExecutionEngine initialized for backpack account 3
2025-10-09 19:28:59,138 - INFO - OP StrategyStart | {'exchange': 'backpack', 'strategy': 'Grid-Order-Management', 'version': '3.0', 'force_refresh': False}
2025-10-09 19:28:59,138 - INFO - OP StrategyStart | {'exchange': 'backpack', 'strategy': 'Grid-Order-Management', 'version': '3.0', 'force_refresh': False}
2025-10-09 19:28:59,138 - INFO - OP StrategyStart | {'exchange': 'backpack', 'strategy': 'Grid-Order-Management', 'version': '3.0', 'force_refresh': False}
2025-10-09 19:29:00,224 - INFO - OP StrategyExit | {'reason': 'Manual interrupt', 'uptime': 1.0832831859588623}
2025-10-09 19:29:06,514 - INFO - ExecutionEngine initialized for backpack account 1
2025-10-09 19:29:07,433 - INFO - ExecutionEngine initialized for backpack account 0
2025-10-09 19:29:08,353 - INFO - ExecutionEngine initialized for backpack account 3
2025-10-09 19:29:08,354 - INFO - OP StrategyStart | {'exchange': 'backpack', 'strategy': 'Grid-Order-Management', 'version': '3.0', 'force_refresh': False}
2025-10-09 19:29:08,354 - INFO - OP StrategyStart | {'exchange': 'backpack', 'strategy': 'Grid-Order-Management', 'version': '3.0', 'force_refresh': False}
2025-10-09 19:29:08,354 - INFO - OP StrategyStart | {'exchange': 'backpack', 'strategy': 'Grid-Order-Management', 'version': '3.0', 'force_refresh': False}
2025-10-09 20:32:37,621 - INFO - OP StrategyExit | {'reason': 'Manual interrupt', 'uptime': 3809.2636330127716}
